#
# A fatal error has been detected by the Java Runtime Environment:
#
#  EXCEPTION_ACCESS_VIOLATION (0xc0000005) at pc=0x00007ffc3dff7fd0, pid=69680, tid=74476
#
# JRE version: OpenJDK Runtime Environment Corretto-11.0.22.7.1 (11.0.22+7) (build 11.0.22+7-LTS)
# Java VM: OpenJDK 64-Bit Server VM Corretto-11.0.22.7.1 (11.0.22+7-LTS, mixed mode, tiered, compressed oops, g1 gc, windows-amd64)
# Problematic frame:
# C  0x00007ffc3dff7fd0
#
# No core dump will be written. Minidumps are not enabled by default on client versions of Windows
#
# If you would like to submit a bug report, please visit:
#   https://github.com/corretto/corretto-11/issues/
# The crash happened outside the Java Virtual Machine in native code.
# See problematic frame for where to report the bug.
#

---------------  S U M M A R Y ------------

Command Line: -Dcompose.application.configure.swing.globals=true -Dcompose.application.resources.dir=C:\repo\Meteor\composeApp\build\compose\tmp\prepareAppResources -Xverify:none -Dfile.encoding=UTF-8 -Duser.country=US -Duser.language=en -Duser.variant meteor.Main

Host: 13th Gen Intel(R) Core(TM) i9-13900H, 20 cores, 15G,  Windows 11 , 64 bit Build 22621 (10.0.22621.3672)
Time: Fri Jun  7 04:23:45 2024 US Eastern Daylight Time elapsed time: 14.970995 seconds (0d 0h 0m 14s)

---------------  T H R E A D  ---------------

Current thread (0x0000025323675000):  JavaThread "Thread-7" daemon [_thread_in_native, id=74476, stack(0x00000084ca100000,0x00000084ca200000)]

Stack: [0x00000084ca100000,0x00000084ca200000],  sp=0x00000084ca1fe8b8,  free space=1018k
Native frames: (J=compiled Java code, j=interpreted, Vv=VM code, C=native code)
C  0x00007ffc3dff7fd0

Java frames: (J=compiled Java code, j=interpreted, Vv=VM code)
j  jagdx.IDirect3DDevice.BeginScene(J)I+0
j  com.jagex.graphics.dx.DxToolkit.<init>(IIJJLjagdx/D3DDISPLAYMODE;Ljagdx/D3DPRESENT_PARAMETERS;Ljagdx/D3DCAPS;Lcom/jagex/graphics/MaterialList;Lcom/jagex/graphics/TextureList;Lcom/jagex/game/config/BillboardTypeList;Lcom/jagex/game/config/ParticleEmitterTypeList;Lcom/jagex/game/config/ParticleEffectorTypeList;Lcom/jagex/js5/Js5;I)V+861
j  com.jagex.graphics.dx.DxToolkit.method19043(Ljava/awt/Canvas;Lcom/jagex/graphics/MaterialList;Lcom/jagex/graphics/TextureList;Lcom/jagex/game/config/BillboardTypeList;Lcom/jagex/game/config/ParticleEmitterTypeList;Lcom/jagex/game/config/ParticleEffectorTypeList;Lcom/jagex/js5/Js5;Ljava/lang/Integer;)Lcom/jagex/graphics/Toolkit;+501
j  com.jagex.graphics.dx.DxToolkitFactory.create(Ljava/awt/Canvas;Lcom/jagex/graphics/MaterialList;Lcom/jagex/graphics/TextureList;Lcom/jagex/game/config/BillboardTypeList;Lcom/jagex/game/config/ParticleEmitterTypeList;Lcom/jagex/game/config/ParticleEffectorTypeList;Lcom/jagex/js5/Js5;I)Lcom/jagex/graphics/Toolkit;+28
j  com.jagex.graphics.Toolkit.create(ILjava/awt/Canvas;Lcom/jagex/graphics/MaterialList;Lcom/jagex/graphics/TextureList;Lcom/jagex/game/config/BillboardTypeList;Lcom/jagex/game/config/ParticleEmitterTypeList;Lcom/jagex/game/config/ParticleEffectorTypeList;Lcom/jagex/js5/Js5;III)Lcom/jagex/graphics/Toolkit;+81
j  com.jagex.graphics.Toolkit.create(ILjava/awt/Canvas;Lcom/jagex/graphics/MaterialList;Lcom/jagex/graphics/TextureList;Lcom/jagex/game/config/BillboardTypeList;Lcom/jagex/game/config/ParticleEmitterTypeList;Lcom/jagex/game/config/ParticleEffectorTypeList;Lcom/jagex/js5/Js5;I)Lcom/jagex/graphics/Toolkit;+48
j  rs2.client.Client.createToolkit(ILjava/lang/String;Z)V+239
j  rs2.client.Client.changeToolkit(ILjava/lang/String;Z)V+12
j  rs2.client.Client.setToolkit(IZ)V+11
j  com.jagex.game.load.Loading.method7622()I+3093
j  com.jagex.game.load.Loading.update()V+39
j  rs2.client.Client.mainloop()V+655
j  com.jagex.game.client.GameShell.mainloopwrapper()V+69
j  com.jagex.game.client.GameShell.run_inner()V+315
j  com.jagex.game.client.GameShell.run()V+1
j  java.lang.Thread.run()V+11 java.base@11.0.22
v  ~StubRoutines::call_stub

siginfo: EXCEPTION_ACCESS_VIOLATION (0xc0000005), reading address 0xffffffff80004005


Register to memory mapping:

RIP=0x00007ffc3dff7fd0 points into unknown readable memory: 0xff48018b48088b49 | 49 8b 08 48 8b 01 48 ff
RAX=0x00007ffc3dff7fd0 points into unknown readable memory: 0xff48018b48088b49 | 49 8b 08 48 8b 01 48 ff
RBX={method} {0x000002532a6b5618} 'BeginScene' '(J)I' in 'jagdx/IDirect3DDevice'
RCX=0x0000025323675348 points into unknown readable memory: 0x00007ffbdf375eb0 | b0 5e 37 df fb 7f 00 00
RDX=0x00000084ca1fe950 is pointing into the stack for thread: 0x0000025323675000
RSP=0x00000084ca1fe8b8 is pointing into the stack for thread: 0x0000025323675000
RBP=0x00000084ca1fe940 is pointing into the stack for thread: 0x0000025323675000
RSI=0x000000071554a3d0 is an oop: com.jagex.core.datastruct.Node 
{0x000000071554a3d0} - klass: 'com/jagex/core/datastruct/Node'
 - ---- fields (total size 4 words):
 - public 'next' 'Lcom/jagex/core/datastruct/Node;' @12  a 'com/jagex/core/datastruct/Node'{0x000000071554a3d0} (e2aa947a)
 - public 'nodeId' 'J' @16  0 (0 0)
 - public 'prev' 'Lcom/jagex/core/datastruct/Node;' @24  a 'com/jagex/core/datastruct/Node'{0x000000071554a3d0} (e2aa947a)
RDI=0x0000025300009f40 is at code_begin+832 in an Interpreter codelet
invoke return entry points  [0x0000025300009c00, 0x000002530000a600]  2560 bytes
R8 =0xffffffff80004005 is an unknown value
R9 =0x0000000000000004 is an unknown value
R10=0x000002530000f748 is at code_begin+1000 in an Interpreter codelet
method entry point (kind = native)  [0x000002530000f360, 0x000002530000fe00]  2720 bytes
R11=0x0000000715551c48 is an oop: java.lang.Class 
{0x0000000715551c48} - klass: 'java/lang/Class'
 - ---- fields (total size 14 words):
 - private volatile transient strict 'cachedConstructor' 'Ljava/lang/reflect/Constructor;' @12  NULL (0)
 - private volatile transient strict 'newInstanceCallerCache' 'Ljava/lang/Class;' @16  NULL (0)
 - private transient 'name' 'Ljava/lang/String;' @20  "jagdx.IDirect3DDevice"{0x0000000715551cc8} (e2aaa399)
 - private transient 'module' 'Ljava/lang/Module;' @24  a 'java/lang/Module'{0x0000000705cba940} (e0b97528)
 - private final 'classLoader' 'Ljava/lang/ClassLoader;' @28  a 'jdk/internal/loader/ClassLoaders$AppClassLoader'{0x0000000705cba8c8} (e0b97519)
 - private transient 'packageName' 'Ljava/lang/String;' @32  "jagdx"{0x00000007066965a0} (e0cd2cb4)
 - private final strict 'componentType' 'Ljava/lang/Class;' @36  NULL (0)
 - private volatile transient strict 'reflectionData' 'Ljava/lang/ref/SoftReference;' @40  NULL (0)
 - private volatile transient 'genericInfo' 'Lsun/reflect/generics/repository/ClassRepository;' @44  NULL (0)
 - private volatile transient strict 'enumConstants' '[Ljava/lang/Object;' @48  NULL (0)
 - private volatile transient strict 'enumConstantDirectory' 'Ljava/util/Map;' @52  NULL (0)
 - private volatile transient 'annotationData' 'Ljava/lang/Class$AnnotationData;' @56  NULL (0)
 - private volatile transient 'annotationType' 'Lsun/reflect/annotation/AnnotationType;' @60  NULL (0)
 - transient 'classValueMap' 'Ljava/lang/ClassValue$ClassValueMap;' @64  NULL (0)
 - private volatile transient 'classRedefinedCount' 'I' @96  0
 - signature: Ljagdx/IDirect3DDevice;
 - fake entry for mirror: 'jagdx/IDirect3DDevice'
 - fake entry for array: NULL
 - fake entry for oop_size: 14
 - fake entry for static_oop_field_count: 0
R12=0x0 is NULL
R13={method} {0x000002532a6b5618} 'BeginScene' '(J)I' in 'jagdx/IDirect3DDevice'
R14=0x00000084ca1fe968 is pointing into the stack for thread: 0x0000025323675000
R15=0x0000025323675000 is a thread


Registers:
RAX=0x00007ffc3dff7fd0, RBX=0x000002532a6b5610, RCX=0x0000025323675348, RDX=0x00000084ca1fe950
RSP=0x00000084ca1fe8b8, RBP=0x00000084ca1fe940, RSI=0x000000071554a3d0, RDI=0x0000025300009f40
R8 =0xffffffff80004005, R9 =0x0000000000000004, R10=0x000002530000f748, R11=0x0000000715551c48
R12=0x0000000000000000, R13=0x000002532a6b5610, R14=0x00000084ca1fe968, R15=0x0000025323675000
RIP=0x00007ffc3dff7fd0, EFLAGS=0x0000000000010206

Top of Stack: (sp=0x00000084ca1fe8b8)
0x00000084ca1fe8b8:   000002530000f777 0000025300009f40
0x00000084ca1fe8c8:   000002530000f472 000002532a6b5610
0x00000084ca1fe8d8:   00000084ca1fe940 000000071554a3d0
0x00000084ca1fe8e8:   000002530001bb8e 000002530000f416
0x00000084ca1fe8f8:   00000084ca1fe8f8 000002532a6b5610
0x00000084ca1fe908:   00000084ca1fe968 000002532a6b5d58
0x00000084ca1fe918:   0000000000000000 0000000715551c48
0x00000084ca1fe928:   000002532a6b5610 0000000000000000
0x00000084ca1fe938:   00000084ca1fe960 00000084ca1fe9b8
0x00000084ca1fe948:   0000025300009f40 0000000715551c48
0x00000084ca1fe958:   000002530000c6f6 ffffffff80004005
0x00000084ca1fe968:   0000000000000000 00000084ca1fe970
0x00000084ca1fe978:   000002532a6903d5 00000084ca1fea50
0x00000084ca1fe988:   000002532a695ca8 0000000000000000
0x00000084ca1fe998:   0000000715657588 000002532a690460
0x00000084ca1fe9a8:   00000084ca1fe960 00000084ca1fe9d0 

Instructions: (pc=0x00007ffc3dff7fd0)
0x00007ffc3dff7ed0:   48 89 5c 24 08 55 56 57 41 54 41 55 48 83 ec 40
0x00007ffc3dff7ee0:   48 8b 05 69 d1 00 00 48 33 c4 48 89 44 24 30 8b
0x00007ffc3dff7ef0:   b4 24 90 00 00 00 8b ac 24 98 00 00 00 44 8b a4
0x00007ffc3dff7f00:   24 a0 00 00 00 49 8b d8 4d 8b 00 48 8d 4c 24 20
0x00007ffc3dff7f10:   48 8b 93 48 05 00 00 44 89 4c 24 20 89 74 24 24
0x00007ffc3dff7f20:   89 6c 24 28 44 89 64 24 2c 41 8b f9 48 3b 11 75
0x00007ffc3dff7f30:   11 48 8b 93 50 05 00 00 48 3b 51 08 75 04 33 c0
0x00007ffc3dff7f40:   eb 05 1b c0 83 d8 ff 85 c0 74 30 49 8b 00 48 8d
0x00007ffc3dff7f50:   54 24 20 49 8b c8 ff 90 58 02 00 00 85 c0 78 1d
0x00007ffc3dff7f60:   89 bb 48 05 00 00 89 b3 4c 05 00 00 89 ab 50 05
0x00007ffc3dff7f70:   00 00 44 89 a3 54 05 00 00 eb 02 33 c0 48 8b 4c
0x00007ffc3dff7f80:   24 30 48 33 cc e8 86 90 ff ff 48 8b 5c 24 70 48
0x00007ffc3dff7f90:   83 c4 40 41 5d 41 5c 5f 5e 5d c3 cc cc cc cc cc
0x00007ffc3dff7fa0:   cc cc cc cc cc cc cc cc cc cc cc cc cc cc cc cc
0x00007ffc3dff7fb0:   49 8b 08 48 8b 01 48 ff a0 50 01 00 00 cc cc cc
0x00007ffc3dff7fc0:   cc cc cc cc cc cc cc cc cc cc cc cc cc cc cc cc
0x00007ffc3dff7fd0:   49 8b 08 48 8b 01 48 ff a0 48 01 00 00 cc cc cc
0x00007ffc3dff7fe0:   cc cc cc cc cc cc cc cc cc cc cc cc cc cc cc cc
0x00007ffc3dff7ff0:   48 83 ec 48 49 8b 08 8b 84 24 80 00 00 00 f3 0f
0x00007ffc3dff8000:   10 44 24 78 4c 8b 11 89 44 24 30 8b 44 24 70 f3
0x00007ffc3dff8010:   0f 11 44 24 28 45 33 c0 33 d2 89 44 24 20 41 ff
0x00007ffc3dff8020:   92 58 01 00 00 48 83 c4 48 c3 cc cc cc cc cc cc
0x00007ffc3dff8030:   48 83 ec 28 49 8b 08 48 c7 44 24 40 00 00 00 00
0x00007ffc3dff8040:   4c 8d 44 24 40 48 8b 01 ba 08 00 00 00 ff 90 b0
0x00007ffc3dff8050:   03 00 00 48 8b 44 24 40 48 83 c4 28 c3 cc cc cc
0x00007ffc3dff8060:   cc cc cc cc cc cc cc cc cc cc cc cc cc cc cc cc
0x00007ffc3dff8070:   49 8b 08 4c 8b 44 24 28 41 8b d1 48 8b 01 44 8b
0x00007ffc3dff8080:   4c 24 30 48 ff a0 f0 02 00 00 cc cc cc cc cc cc
0x00007ffc3dff8090:   49 8b 08 4c 8b 44 24 28 41 8b d1 48 8b 01 44 8b
0x00007ffc3dff80a0:   4c 24 30 48 ff a0 68 03 00 00 cc cc cc cc cc cc
0x00007ffc3dff80b0:   48 89 5c 24 08 57 48 83 ec 20 49 8b 08 49 8b d9
0x00007ffc3dff80c0:   49 8b f8 4d 39 88 40 0a 00 00 74 22 48 8b 01 48 


Stack slot to memory mapping:
stack at sp + 0 slots: 0x000002530000f777 is at code_begin+1047 in an Interpreter codelet
method entry point (kind = native)  [0x000002530000f360, 0x000002530000fe00]  2720 bytes
stack at sp + 1 slots: 0x0000025300009f40 is at code_begin+832 in an Interpreter codelet
invoke return entry points  [0x0000025300009c00, 0x000002530000a600]  2560 bytes
stack at sp + 2 slots: 0x000002530000f472 is at code_begin+274 in an Interpreter codelet
method entry point (kind = native)  [0x000002530000f360, 0x000002530000fe00]  2720 bytes
stack at sp + 3 slots: {method} {0x000002532a6b5618} 'BeginScene' '(J)I' in 'jagdx/IDirect3DDevice'
stack at sp + 4 slots: 0x00000084ca1fe940 is pointing into the stack for thread: 0x0000025323675000
stack at sp + 5 slots: 0x000000071554a3d0 is an oop: com.jagex.core.datastruct.Node 
{0x000000071554a3d0} - klass: 'com/jagex/core/datastruct/Node'
 - ---- fields (total size 4 words):
 - public 'next' 'Lcom/jagex/core/datastruct/Node;' @12  a 'com/jagex/core/datastruct/Node'{0x000000071554a3d0} (e2aa947a)
 - public 'nodeId' 'J' @16  0 (0 0)
 - public 'prev' 'Lcom/jagex/core/datastruct/Node;' @24  a 'com/jagex/core/datastruct/Node'{0x000000071554a3d0} (e2aa947a)
stack at sp + 6 slots: 0x000002530001bb8e is at code_begin+110 in an Interpreter codelet
getfield  180 getfield  [0x000002530001bb20, 0x000002530001bda0]  640 bytes
stack at sp + 7 slots: 0x000002530000f416 is at code_begin+182 in an Interpreter codelet
method entry point (kind = native)  [0x000002530000f360, 0x000002530000fe00]  2720 bytes


---------------  P R O C E S S  ---------------

Threads class SMR info:
_java_thread_list=0x00000253264208a0, length=39, elements={
0x0000025372c9e800, 0x0000025318070000, 0x0000025318071000, 0x0000025318065000,
0x0000025318066800, 0x0000025318068800, 0x000002531806c000, 0x00000253180be000,
0x00000253180bf000, 0x000002531829e000, 0x0000025318adb000, 0x0000025318adc000,
0x0000025318ae0000, 0x00000253189aa000, 0x0000025319ce8800, 0x0000025318bb8800,
0x000002531a670800, 0x0000025318b3d800, 0x0000025318944000, 0x0000025323674800,
0x0000025323678800, 0x0000025323677000, 0x0000025323677800, 0x0000025323675000,
0x0000025323676000, 0x0000025323679800, 0x0000025323673800, 0x000002532367a000,
0x0000025323a41000, 0x0000025323a46000, 0x0000025323a40000, 0x0000025323a43800,
0x0000025323a44000, 0x0000025323a42800, 0x0000025323a45000, 0x0000025323a46800,
0x0000025323a47800, 0x00000253272c3000, 0x00000253272c3800
}

Java Threads: ( => current thread )
  0x0000025372c9e800 JavaThread "main" [_thread_blocked, id=63252, stack(0x00000084c6d00000,0x00000084c6e00000)]
  0x0000025318070000 JavaThread "Reference Handler" daemon [_thread_blocked, id=59404, stack(0x00000084c7400000,0x00000084c7500000)]
  0x0000025318071000 JavaThread "Finalizer" daemon [_thread_blocked, id=48228, stack(0x00000084c7500000,0x00000084c7600000)]
  0x0000025318065000 JavaThread "Signal Dispatcher" daemon [_thread_blocked, id=67516, stack(0x00000084c7600000,0x00000084c7700000)]
  0x0000025318066800 JavaThread "Attach Listener" daemon [_thread_blocked, id=71052, stack(0x00000084c7700000,0x00000084c7800000)]
  0x0000025318068800 JavaThread "Service Thread" daemon [_thread_blocked, id=35664, stack(0x00000084c7800000,0x00000084c7900000)]
  0x000002531806c000 JavaThread "C2 CompilerThread0" daemon [_thread_in_native, id=68228, stack(0x00000084c7900000,0x00000084c7a00000)]
  0x00000253180be000 JavaThread "C1 CompilerThread0" daemon [_thread_blocked, id=73960, stack(0x00000084c7a00000,0x00000084c7b00000)]
  0x00000253180bf000 JavaThread "Sweeper thread" daemon [_thread_blocked, id=75944, stack(0x00000084c7b00000,0x00000084c7c00000)]
  0x000002531829e000 JavaThread "Common-Cleaner" daemon [_thread_blocked, id=55076, stack(0x00000084c7e00000,0x00000084c7f00000)]
  0x0000025318adb000 JavaThread "Java2D Disposer" daemon [_thread_blocked, id=69600, stack(0x00000084c8200000,0x00000084c8300000)]
  0x0000025318adc000 JavaThread "AWT-Shutdown" [_thread_blocked, id=61564, stack(0x00000084c8300000,0x00000084c8400000)]
  0x0000025318ae0000 JavaThread "AWT-Windows" daemon [_thread_in_native, id=77588, stack(0x00000084c8400000,0x00000084c8500000)]
  0x00000253189aa000 JavaThread "Thread-0" [_thread_blocked, id=52956, stack(0x00000084c8500000,0x00000084c8600000)]
  0x0000025319ce8800 JavaThread "DefaultDispatcher-worker-1" daemon [_thread_blocked, id=66508, stack(0x00000084c8600000,0x00000084c8700000)]
  0x0000025318bb8800 JavaThread "DefaultDispatcher-worker-2" daemon [_thread_blocked, id=58180, stack(0x00000084c8700000,0x00000084c8800000)]
  0x000002531a670800 JavaThread "kotlinx.coroutines.DefaultExecutor" daemon [_thread_blocked, id=18660, stack(0x00000084c8d00000,0x00000084c8e00000)]
  0x0000025318b3d800 JavaThread "Reference Cleaner" daemon [_thread_blocked, id=71568, stack(0x00000084c8e00000,0x00000084c8f00000)]
  0x0000025318944000 JavaThread "AWT-EventQueue-0" [_thread_blocked, id=72056, stack(0x00000084c9100000,0x00000084c9200000)]
  0x0000025323674800 JavaThread "Thread-4" daemon [_thread_blocked, id=76200, stack(0x00000084c9c00000,0x00000084c9d00000)]
  0x0000025323678800 JavaThread "Thread-5" daemon [_thread_blocked, id=31208, stack(0x00000084c9d00000,0x00000084c9e00000)]
  0x0000025323677000 JavaThread "Thread-6" daemon [_thread_blocked, id=68240, stack(0x00000084c9e00000,0x00000084c9f00000)]
  0x0000025323677800 JavaThread "pool-1-thread-1" [_thread_blocked, id=73992, stack(0x00000084c9f00000,0x00000084ca000000)]
=>0x0000025323675000 JavaThread "Thread-7" daemon [_thread_in_native, id=74476, stack(0x00000084ca100000,0x00000084ca200000)]
  0x0000025323676000 JavaThread "D3D Screen Updater" daemon [_thread_blocked, id=20944, stack(0x00000084c9000000,0x00000084c9100000)]
  0x0000025323679800 JavaThread "Thread-8" daemon [_thread_blocked, id=69652, stack(0x00000084ca200000,0x00000084ca300000)]
  0x0000025323673800 JavaThread "Thread-9" daemon [_thread_blocked, id=75552, stack(0x00000084ca300000,0x00000084ca400000)]
  0x000002532367a000 JavaThread "Thread-10" daemon [_thread_blocked, id=66088, stack(0x00000084ca400000,0x00000084ca500000)]
  0x0000025323a41000 JavaThread "pool-2-thread-1" [_thread_blocked, id=60204, stack(0x00000084ca600000,0x00000084ca700000)]
  0x0000025323a46000 JavaThread "Keep-Alive-Timer" daemon [_thread_blocked, id=64748, stack(0x00000084cac00000,0x00000084cad00000)]
  0x0000025323a40000 JavaThread "pool-3-thread-1" daemon [_thread_blocked, id=71516, stack(0x00000084cad00000,0x00000084cae00000)]
  0x0000025323a43800 JavaThread "Thread-11" daemon [_thread_in_native, id=72888, stack(0x00000084cae00000,0x00000084caf00000)]
  0x0000025323a44000 JavaThread "Thread-12" daemon [_thread_blocked, id=73008, stack(0x00000084caf00000,0x00000084cb000000)]
  0x0000025323a42800 JavaThread "Java Sound Event Dispatcher" daemon [_thread_blocked, id=74448, stack(0x00000084cba00000,0x00000084cbb00000)]
  0x0000025323a45000 JavaThread "Thread-13" daemon [_thread_blocked, id=77640, stack(0x00000084cbd00000,0x00000084cbe00000)]
  0x0000025323a46800 JavaThread "Thread-14" daemon [_thread_blocked, id=74632, stack(0x00000084cbe00000,0x00000084cbf00000)]
  0x0000025323a47800 JavaThread "Thread-15" daemon [_thread_in_native, id=53008, stack(0x00000084cc000000,0x00000084cc100000)]
  0x00000253272c3000 JavaThread "C1 CompilerThread1" daemon [_thread_blocked, id=72828, stack(0x00000084c7c00000,0x00000084c7d00000)]
  0x00000253272c3800 JavaThread "C1 CompilerThread2" daemon [_thread_blocked, id=64384, stack(0x00000084c8f00000,0x00000084c9000000)]

Other Threads:
  0x0000025318039000 VMThread "VM Thread" [stack: 0x00000084c7300000,0x00000084c7400000] [id=70460]
  0x0000025318293000 WatcherThread [stack: 0x00000084c7d00000,0x00000084c7e00000] [id=73652]
  0x0000025372cbb800 GCTaskThread "GC Thread#0" [stack: 0x00000084c6e00000,0x00000084c6f00000] [id=66152]
  0x0000025319c4d800 GCTaskThread "GC Thread#1" [stack: 0x00000084c8800000,0x00000084c8900000] [id=56500]
  0x0000025319b72800 GCTaskThread "GC Thread#2" [stack: 0x00000084c8900000,0x00000084c8a00000] [id=9544]
  0x000002531a0c9000 GCTaskThread "GC Thread#3" [stack: 0x00000084c8a00000,0x00000084c8b00000] [id=71760]
  0x000002531a0c9800 GCTaskThread "GC Thread#4" [stack: 0x00000084c8b00000,0x00000084c8c00000] [id=72308]
  0x0000025319b2e800 GCTaskThread "GC Thread#5" [stack: 0x00000084c8c00000,0x00000084c8d00000] [id=44540]
  0x000002531b67d000 GCTaskThread "GC Thread#6" [stack: 0x00000084c7f00000,0x00000084c8000000] [id=77108]
  0x000002531b67d800 GCTaskThread "GC Thread#7" [stack: 0x00000084c9300000,0x00000084c9400000] [id=57544]
  0x0000025323b5c800 GCTaskThread "GC Thread#8" [stack: 0x00000084cb000000,0x00000084cb100000] [id=24124]
  0x0000025323b5d000 GCTaskThread "GC Thread#9" [stack: 0x00000084cb100000,0x00000084cb200000] [id=76676]
  0x0000025323c15800 GCTaskThread "GC Thread#10" [stack: 0x00000084cb200000,0x00000084cb300000] [id=76148]
  0x0000025323c16000 GCTaskThread "GC Thread#11" [stack: 0x00000084cb300000,0x00000084cb400000] [id=66980]
  0x0000025372d17000 ConcurrentGCThread "G1 Main Marker" [stack: 0x00000084c6f00000,0x00000084c7000000] [id=76460]
  0x0000025372d18800 ConcurrentGCThread "G1 Conc#0" [stack: 0x00000084c7000000,0x00000084c7100000] [id=70012]
  0x000002531b6a9800 ConcurrentGCThread "G1 Conc#1" [stack: 0x00000084c9400000,0x00000084c9500000] [id=73436]
  0x000002531a0da800 ConcurrentGCThread "G1 Conc#2" [stack: 0x00000084c9500000,0x00000084c9600000] [id=63684]
  0x0000025318a80000 ConcurrentGCThread "G1 Conc#3" [stack: 0x00000084c9600000,0x00000084c9700000] [id=71016]
  0x000002531769b800 ConcurrentGCThread "G1 Refine#0" [stack: 0x00000084c7100000,0x00000084c7200000] [id=69164]
  0x0000025325f2f800 ConcurrentGCThread "G1 Refine#1" [stack: 0x00000084cb500000,0x00000084cb600000] [id=76436]
  0x0000025326186000 ConcurrentGCThread "G1 Refine#2" [stack: 0x00000084cb700000,0x00000084cb800000] [id=68460]
  0x00000253181c3000 ConcurrentGCThread "G1 Refine#3" [stack: 0x00000084cc100000,0x00000084cc200000] [id=48684]
  0x000002531769c800 ConcurrentGCThread "G1 Young RemSet Sampling" [stack: 0x00000084c7200000,0x00000084c7300000] [id=69344]

Threads with active compile tasks:
C2 CompilerThread0    15035 2503   !   4       com.jagex.audio.backend.JavaSoundBackend$PcmPlayer::method8648 (958 bytes)

VM state:not at safepoint (normal execution)

VM Mutex/Monitor currently owned by a thread: None

Heap address: 0x0000000705c00000, size: 4004 MB, Compressed Oops mode: Zero based, Oop shift amount: 3
Narrow klass base: 0x0000000800000000, Narrow klass shift: 0
Compressed class space size: 1073741824 Address: 0x0000000800000000

Heap:
 garbage-first heap   total 260096K, used 72495K [0x0000000705c00000, 0x0000000800000000)
  region size 1024K, 2 young (2048K), 0 survivors (0K)
 Metaspace       used 34590K, capacity 35099K, committed 35328K, reserved 1081344K
  class space    used 3499K, capacity 3744K, committed 3840K, reserved 1048576K
Heap Regions: E=young(eden), S=young(survivor), O=old, HS=humongous(starts), HC=humongous(continues), CS=collection set, F=free, A=archive, TAMS=top-at-mark-start (previous, next)
|   0|0x0000000705c00000, 0x0000000705cfaca0, 0x0000000705d00000| 97%| O|  |TAMS 0x0000000705c00000, 0x0000000705c00000| Untracked 
|   1|0x0000000705d00000, 0x0000000705dfffd0, 0x0000000705e00000| 99%| O|  |TAMS 0x0000000705d00000, 0x0000000705d00000| Untracked 
|   2|0x0000000705e00000, 0x0000000705f00000, 0x0000000705f00000|100%|HS|  |TAMS 0x0000000705e00000, 0x0000000705e00000| Untracked 
|   3|0x0000000705f00000, 0x0000000705ffff50, 0x0000000706000000| 99%| O|  |TAMS 0x0000000705f00000, 0x0000000705f00000| Untracked 
|   4|0x0000000706000000, 0x00000007060ed878, 0x0000000706100000| 92%| O|  |TAMS 0x0000000706000000, 0x0000000706000000| Untracked 
|   5|0x0000000706100000, 0x00000007061ffff0, 0x0000000706200000| 99%| O|  |TAMS 0x0000000706100000, 0x0000000706100000| Untracked 
|   6|0x0000000706200000, 0x00000007062ffff8, 0x0000000706300000| 99%| O|  |TAMS 0x0000000706200000, 0x0000000706200000| Untracked 
|   7|0x0000000706300000, 0x00000007063936b8, 0x0000000706400000| 57%| O|  |TAMS 0x0000000706300000, 0x0000000706300000| Untracked 
|   8|0x0000000706400000, 0x00000007064b6f70, 0x0000000706500000| 71%| O|  |TAMS 0x0000000706400000, 0x0000000706400000| Untracked 
|   9|0x0000000706500000, 0x0000000706600000, 0x0000000706600000|100%| O|  |TAMS 0x0000000706500000, 0x0000000706500000| Untracked 
|  10|0x0000000706600000, 0x00000007066fdca0, 0x0000000706700000| 99%| O|  |TAMS 0x0000000706600000, 0x0000000706600000| Untracked 
|  11|0x0000000706700000, 0x0000000706791178, 0x0000000706800000| 56%| O|  |TAMS 0x0000000706700000, 0x0000000706700000| Untracked 
|  12|0x0000000706800000, 0x00000007068e0660, 0x0000000706900000| 87%| O|  |TAMS 0x0000000706800000, 0x0000000706800000| Untracked 
|  13|0x0000000706900000, 0x00000007069ffff8, 0x0000000706a00000| 99%| O|  |TAMS 0x0000000706900000, 0x0000000706900000| Untracked 
|  14|0x0000000706a00000, 0x0000000706aebe28, 0x0000000706b00000| 92%| O|  |TAMS 0x0000000706a00000, 0x0000000706a00000| Untracked 
|  15|0x0000000706b00000, 0x0000000706bdf218, 0x0000000706c00000| 87%| O|  |TAMS 0x0000000706b00000, 0x0000000706b00000| Untracked 
|  16|0x0000000706c00000, 0x0000000706cfffc8, 0x0000000706d00000| 99%| O|  |TAMS 0x0000000706c00000, 0x0000000706c00000| Untracked 
|  17|0x0000000706d00000, 0x0000000706de1618, 0x0000000706e00000| 88%| O|  |TAMS 0x0000000706d00000, 0x0000000706d00000| Untracked 
|  18|0x0000000706e00000, 0x0000000706ebf140, 0x0000000706f00000| 74%| O|  |TAMS 0x0000000706e00000, 0x0000000706e00000| Untracked 
|  19|0x0000000706f00000, 0x0000000706ffffd8, 0x0000000707000000| 99%| O|  |TAMS 0x0000000706f00000, 0x0000000706f00000| Untracked 
|  20|0x0000000707000000, 0x00000007070fffe8, 0x0000000707100000| 99%| O|  |TAMS 0x0000000707000000, 0x0000000707000000| Untracked 
|  21|0x0000000707100000, 0x00000007071ffff0, 0x0000000707200000| 99%| O|  |TAMS 0x0000000707100000, 0x0000000707100000| Untracked 
|  22|0x0000000707200000, 0x00000007072b9918, 0x0000000707300000| 72%| O|  |TAMS 0x0000000707200000, 0x0000000707200000| Untracked 
|  23|0x0000000707300000, 0x0000000707345748, 0x0000000707400000| 27%| O|  |TAMS 0x0000000707300000, 0x0000000707300000| Untracked 
|  24|0x0000000707400000, 0x0000000707500000, 0x0000000707500000|100%| O|  |TAMS 0x0000000707400000, 0x0000000707400000| Untracked 
|  25|0x0000000707500000, 0x0000000707500000, 0x0000000707600000|  0%| F|  |TAMS 0x0000000707500000, 0x0000000707500000| Untracked 
|  26|0x0000000707600000, 0x0000000707600000, 0x0000000707700000|  0%| F|  |TAMS 0x0000000707600000, 0x0000000707600000| Untracked 
|  27|0x0000000707700000, 0x00000007077ecd90, 0x0000000707800000| 92%| O|  |TAMS 0x0000000707700000, 0x0000000707700000| Untracked 
|  28|0x0000000707800000, 0x0000000707800000, 0x0000000707900000|  0%| F|  |TAMS 0x0000000707800000, 0x0000000707800000| Untracked 
|  29|0x0000000707900000, 0x0000000707a00000, 0x0000000707a00000|100%| O|  |TAMS 0x0000000707900000, 0x0000000707900000| Untracked 
|  30|0x0000000707a00000, 0x0000000707a00000, 0x0000000707b00000|  0%| F|  |TAMS 0x0000000707a00000, 0x0000000707a00000| Untracked 
|  31|0x0000000707b00000, 0x0000000707bffff8, 0x0000000707c00000| 99%| O|  |TAMS 0x0000000707b00000, 0x0000000707b00000| Untracked 
|  32|0x0000000707c00000, 0x0000000707c00000, 0x0000000707d00000|  0%| F|  |TAMS 0x0000000707c00000, 0x0000000707c00000| Untracked 
|  33|0x0000000707d00000, 0x0000000707dc86c8, 0x0000000707e00000| 78%| O|  |TAMS 0x0000000707d00000, 0x0000000707d00000| Untracked 
|  34|0x0000000707e00000, 0x0000000707e00000, 0x0000000707f00000|  0%| F|  |TAMS 0x0000000707e00000, 0x0000000707e00000| Untracked 
|  35|0x0000000707f00000, 0x0000000707f00000, 0x0000000708000000|  0%| F|  |TAMS 0x0000000707f00000, 0x0000000707f00000| Untracked 
|  36|0x0000000708000000, 0x00000007080ff768, 0x0000000708100000| 99%| O|  |TAMS 0x0000000708000000, 0x0000000708000000| Untracked 
|  37|0x0000000708100000, 0x0000000708100000, 0x0000000708200000|  0%| F|  |TAMS 0x0000000708100000, 0x0000000708100000| Untracked 
|  38|0x0000000708200000, 0x0000000708200000, 0x0000000708300000|  0%| F|  |TAMS 0x0000000708200000, 0x0000000708200000| Untracked 
|  39|0x0000000708300000, 0x0000000708400000, 0x0000000708400000|100%| O|  |TAMS 0x0000000708300000, 0x0000000708300000| Untracked 
|  40|0x0000000708400000, 0x0000000708400000, 0x0000000708500000|  0%| F|  |TAMS 0x0000000708400000, 0x0000000708400000| Untracked 
|  41|0x0000000708500000, 0x0000000708500000, 0x0000000708600000|  0%| F|  |TAMS 0x0000000708500000, 0x0000000708500000| Untracked 
|  42|0x0000000708600000, 0x00000007086cc660, 0x0000000708700000| 79%| O|  |TAMS 0x0000000708600000, 0x0000000708600000| Untracked 
|  43|0x0000000708700000, 0x0000000708700000, 0x0000000708800000|  0%| F|  |TAMS 0x0000000708700000, 0x0000000708700000| Untracked 
|  44|0x0000000708800000, 0x00000007088fffb8, 0x0000000708900000| 99%| O|  |TAMS 0x0000000708800000, 0x0000000708800000| Untracked 
|  45|0x0000000708900000, 0x0000000708900000, 0x0000000708a00000|  0%| F|  |TAMS 0x0000000708900000, 0x0000000708900000| Untracked 
|  46|0x0000000708a00000, 0x0000000708a00000, 0x0000000708b00000|  0%| F|  |TAMS 0x0000000708a00000, 0x0000000708a00000| Untracked 
|  47|0x0000000708b00000, 0x0000000708bf8df8, 0x0000000708c00000| 97%| O|  |TAMS 0x0000000708b00000, 0x0000000708b00000| Untracked 
|  48|0x0000000708c00000, 0x0000000708c00000, 0x0000000708d00000|  0%| F|  |TAMS 0x0000000708c00000, 0x0000000708c00000| Untracked 
|  49|0x0000000708d00000, 0x0000000708dfffe8, 0x0000000708e00000| 99%| O|  |TAMS 0x0000000708d00000, 0x0000000708d00000| Untracked 
|  50|0x0000000708e00000, 0x0000000708e00000, 0x0000000708f00000|  0%| F|  |TAMS 0x0000000708e00000, 0x0000000708e00000| Untracked 
|  51|0x0000000708f00000, 0x0000000708f00000, 0x0000000709000000|  0%| F|  |TAMS 0x0000000708f00000, 0x0000000708f00000| Untracked 
|  52|0x0000000709000000, 0x00000007090fffe8, 0x0000000709100000| 99%| O|  |TAMS 0x0000000709000000, 0x0000000709000000| Untracked 
|  53|0x0000000709100000, 0x0000000709100000, 0x0000000709200000|  0%| F|  |TAMS 0x0000000709100000, 0x0000000709100000| Untracked 
|  54|0x0000000709200000, 0x0000000709200000, 0x0000000709300000|  0%| F|  |TAMS 0x0000000709200000, 0x0000000709200000| Untracked 
|  55|0x0000000709300000, 0x00000007093fffe0, 0x0000000709400000| 99%| O|  |TAMS 0x0000000709300000, 0x0000000709300000| Untracked 
|  56|0x0000000709400000, 0x0000000709400000, 0x0000000709500000|  0%| F|  |TAMS 0x0000000709400000, 0x0000000709400000| Untracked 
|  57|0x0000000709500000, 0x0000000709500000, 0x0000000709600000|  0%| F|  |TAMS 0x0000000709500000, 0x0000000709500000| Untracked 
|  58|0x0000000709600000, 0x00000007096ffff8, 0x0000000709700000| 99%| O|  |TAMS 0x0000000709600000, 0x0000000709600000| Untracked 
|  59|0x0000000709700000, 0x0000000709700000, 0x0000000709800000|  0%| F|  |TAMS 0x0000000709700000, 0x0000000709700000| Untracked 
|  60|0x0000000709800000, 0x0000000709800000, 0x0000000709900000|  0%| F|  |TAMS 0x0000000709800000, 0x0000000709800000| Untracked 
|  61|0x0000000709900000, 0x0000000709a00000, 0x0000000709a00000|100%| O|  |TAMS 0x0000000709900000, 0x0000000709900000| Untracked 
|  62|0x0000000709a00000, 0x0000000709a00000, 0x0000000709b00000|  0%| F|  |TAMS 0x0000000709a00000, 0x0000000709a00000| Untracked 
|  63|0x0000000709b00000, 0x0000000709b415e0, 0x0000000709c00000| 25%| O|  |TAMS 0x0000000709b00000, 0x0000000709b00000| Untracked 
|  64|0x0000000709c00000, 0x0000000709c00000, 0x0000000709d00000|  0%| F|  |TAMS 0x0000000709c00000, 0x0000000709c00000| Untracked 
|  65|0x0000000709d00000, 0x0000000709d00000, 0x0000000709e00000|  0%| F|  |TAMS 0x0000000709d00000, 0x0000000709d00000| Untracked 
|  66|0x0000000709e00000, 0x0000000709e00000, 0x0000000709f00000|  0%| F|  |TAMS 0x0000000709e00000, 0x0000000709e00000| Untracked 
|  67|0x0000000709f00000, 0x0000000709f00000, 0x000000070a000000|  0%| F|  |TAMS 0x0000000709f00000, 0x0000000709f00000| Untracked 
|  68|0x000000070a000000, 0x000000070a000000, 0x000000070a100000|  0%| F|  |TAMS 0x000000070a000000, 0x000000070a000000| Untracked 
|  69|0x000000070a100000, 0x000000070a100000, 0x000000070a200000|  0%| F|  |TAMS 0x000000070a100000, 0x000000070a100000| Untracked 
|  70|0x000000070a200000, 0x000000070a200000, 0x000000070a300000|  0%| F|  |TAMS 0x000000070a200000, 0x000000070a200000| Untracked 
|  71|0x000000070a300000, 0x000000070a300000, 0x000000070a400000|  0%| F|  |TAMS 0x000000070a300000, 0x000000070a300000| Untracked 
|  72|0x000000070a400000, 0x000000070a400000, 0x000000070a500000|  0%| F|  |TAMS 0x000000070a400000, 0x000000070a400000| Untracked 
|  73|0x000000070a500000, 0x000000070a500000, 0x000000070a600000|  0%| F|  |TAMS 0x000000070a500000, 0x000000070a500000| Untracked 
|  74|0x000000070a600000, 0x000000070a600000, 0x000000070a700000|  0%| F|  |TAMS 0x000000070a600000, 0x000000070a600000| Untracked 
|  75|0x000000070a700000, 0x000000070a700000, 0x000000070a800000|  0%| F|  |TAMS 0x000000070a700000, 0x000000070a700000| Untracked 
|  76|0x000000070a800000, 0x000000070a800000, 0x000000070a900000|  0%| F|  |TAMS 0x000000070a800000, 0x000000070a800000| Untracked 
|  77|0x000000070a900000, 0x000000070a900000, 0x000000070aa00000|  0%| F|  |TAMS 0x000000070a900000, 0x000000070a900000| Untracked 
|  78|0x000000070aa00000, 0x000000070aa00000, 0x000000070ab00000|  0%| F|  |TAMS 0x000000070aa00000, 0x000000070aa00000| Untracked 
|  79|0x000000070ab00000, 0x000000070ab00000, 0x000000070ac00000|  0%| F|  |TAMS 0x000000070ab00000, 0x000000070ab00000| Untracked 
|  80|0x000000070ac00000, 0x000000070ac00000, 0x000000070ad00000|  0%| F|  |TAMS 0x000000070ac00000, 0x000000070ac00000| Untracked 
|  81|0x000000070ad00000, 0x000000070ad00000, 0x000000070ae00000|  0%| F|  |TAMS 0x000000070ad00000, 0x000000070ad00000| Untracked 
|  82|0x000000070ae00000, 0x000000070ae00000, 0x000000070af00000|  0%| F|  |TAMS 0x000000070ae00000, 0x000000070ae00000| Untracked 
|  83|0x000000070af00000, 0x000000070afff058, 0x000000070b000000| 99%| O|  |TAMS 0x000000070af00000, 0x000000070af00000| Untracked 
|  84|0x000000070b000000, 0x000000070b000000, 0x000000070b100000|  0%| F|  |TAMS 0x000000070b000000, 0x000000070b000000| Untracked 
|  85|0x000000070b100000, 0x000000070b100000, 0x000000070b200000|  0%| F|  |TAMS 0x000000070b100000, 0x000000070b100000| Untracked 
|  86|0x000000070b200000, 0x000000070b200000, 0x000000070b300000|  0%| F|  |TAMS 0x000000070b200000, 0x000000070b200000| Untracked 
|  87|0x000000070b300000, 0x000000070b3c4010, 0x000000070b400000| 76%| O|  |TAMS 0x000000070b300000, 0x000000070b300000| Untracked 
|  88|0x000000070b400000, 0x000000070b400000, 0x000000070b500000|  0%| F|  |TAMS 0x000000070b400000, 0x000000070b400000| Untracked 
|  89|0x000000070b500000, 0x000000070b500000, 0x000000070b600000|  0%| F|  |TAMS 0x000000070b500000, 0x000000070b500000| Untracked 
|  90|0x000000070b600000, 0x000000070b6ea4f0, 0x000000070b700000| 91%| O|  |TAMS 0x000000070b600000, 0x000000070b600000| Untracked 
|  91|0x000000070b700000, 0x000000070b700000, 0x000000070b800000|  0%| F|  |TAMS 0x000000070b700000, 0x000000070b700000| Untracked 
|  92|0x000000070b800000, 0x000000070b800000, 0x000000070b900000|  0%| F|  |TAMS 0x000000070b800000, 0x000000070b800000| Untracked 
|  93|0x000000070b900000, 0x000000070b9ffd90, 0x000000070ba00000| 99%| O|  |TAMS 0x000000070b900000, 0x000000070b900000| Untracked 
|  94|0x000000070ba00000, 0x000000070ba00000, 0x000000070bb00000|  0%| F|  |TAMS 0x000000070ba00000, 0x000000070ba00000| Untracked 
|  95|0x000000070bb00000, 0x000000070bb00000, 0x000000070bc00000|  0%| F|  |TAMS 0x000000070bb00000, 0x000000070bb00000| Untracked 
|  96|0x000000070bc00000, 0x000000070bcdfb30, 0x000000070bd00000| 87%| O|  |TAMS 0x000000070bc00000, 0x000000070bc00000| Untracked 
|  97|0x000000070bd00000, 0x000000070bdece80, 0x000000070be00000| 92%| O|  |TAMS 0x000000070bd00000, 0x000000070bd00000| Untracked 
|  98|0x000000070be00000, 0x000000070be00000, 0x000000070bf00000|  0%| F|  |TAMS 0x000000070be00000, 0x000000070be00000| Untracked 
|  99|0x000000070bf00000, 0x000000070bf00000, 0x000000070c000000|  0%| F|  |TAMS 0x000000070bf00000, 0x000000070bf00000| Untracked 
| 100|0x000000070c000000, 0x000000070c000000, 0x000000070c100000|  0%| F|  |TAMS 0x000000070c000000, 0x000000070c000000| Untracked 
| 101|0x000000070c100000, 0x000000070c1ffff8, 0x000000070c200000| 99%| O|  |TAMS 0x000000070c100000, 0x000000070c100000| Untracked 
| 102|0x000000070c200000, 0x000000070c2ffff8, 0x000000070c300000| 99%| O|  |TAMS 0x000000070c200000, 0x000000070c200000| Untracked 
| 103|0x000000070c300000, 0x000000070c3fffe8, 0x000000070c400000| 99%| O|  |TAMS 0x000000070c300000, 0x000000070c300000| Untracked 
| 104|0x000000070c400000, 0x000000070c4fe280, 0x000000070c500000| 99%| O|  |TAMS 0x000000070c400000, 0x000000070c400000| Untracked 
| 105|0x000000070c500000, 0x000000070c500000, 0x000000070c600000|  0%| F|  |TAMS 0x000000070c500000, 0x000000070c500000| Untracked 
| 106|0x000000070c600000, 0x000000070c600000, 0x000000070c700000|  0%| F|  |TAMS 0x000000070c600000, 0x000000070c600000| Untracked 
| 107|0x000000070c700000, 0x000000070c700000, 0x000000070c800000|  0%| F|  |TAMS 0x000000070c700000, 0x000000070c700000| Untracked 
| 108|0x000000070c800000, 0x000000070c800000, 0x000000070c900000|  0%| F|  |TAMS 0x000000070c800000, 0x000000070c800000| Untracked 
| 109|0x000000070c900000, 0x000000070c900000, 0x000000070ca00000|  0%| F|  |TAMS 0x000000070c900000, 0x000000070c900000| Untracked 
| 110|0x000000070ca00000, 0x000000070ca00000, 0x000000070cb00000|  0%| F|  |TAMS 0x000000070ca00000, 0x000000070ca00000| Untracked 
| 111|0x000000070cb00000, 0x000000070cb00000, 0x000000070cc00000|  0%| F|  |TAMS 0x000000070cb00000, 0x000000070cb00000| Untracked 
| 112|0x000000070cc00000, 0x000000070cc00000, 0x000000070cd00000|  0%| F|  |TAMS 0x000000070cc00000, 0x000000070cc00000| Untracked 
| 113|0x000000070cd00000, 0x000000070cd00000, 0x000000070ce00000|  0%| F|  |TAMS 0x000000070cd00000, 0x000000070cd00000| Untracked 
| 114|0x000000070ce00000, 0x000000070ce00000, 0x000000070cf00000|  0%| F|  |TAMS 0x000000070ce00000, 0x000000070ce00000| Untracked 
| 115|0x000000070cf00000, 0x000000070cf00000, 0x000000070d000000|  0%| F|  |TAMS 0x000000070cf00000, 0x000000070cf00000| Untracked 
| 116|0x000000070d000000, 0x000000070d000000, 0x000000070d100000|  0%| F|  |TAMS 0x000000070d000000, 0x000000070d000000| Untracked 
| 117|0x000000070d100000, 0x000000070d100000, 0x000000070d200000|  0%| F|  |TAMS 0x000000070d100000, 0x000000070d100000| Untracked 
| 118|0x000000070d200000, 0x000000070d200000, 0x000000070d300000|  0%| F|  |TAMS 0x000000070d200000, 0x000000070d200000| Untracked 
| 119|0x000000070d300000, 0x000000070d300000, 0x000000070d400000|  0%| F|  |TAMS 0x000000070d300000, 0x000000070d300000| Untracked 
| 120|0x000000070d400000, 0x000000070d400000, 0x000000070d500000|  0%| F|  |TAMS 0x000000070d400000, 0x000000070d400000| Untracked 
| 121|0x000000070d500000, 0x000000070d500000, 0x000000070d600000|  0%| F|  |TAMS 0x000000070d500000, 0x000000070d500000| Untracked 
| 122|0x000000070d600000, 0x000000070d600000, 0x000000070d700000|  0%| F|  |TAMS 0x000000070d600000, 0x000000070d600000| Untracked 
| 123|0x000000070d700000, 0x000000070d700000, 0x000000070d800000|  0%| F|  |TAMS 0x000000070d700000, 0x000000070d700000| Untracked 
| 124|0x000000070d800000, 0x000000070d800000, 0x000000070d900000|  0%| F|  |TAMS 0x000000070d800000, 0x000000070d800000| Untracked 
| 125|0x000000070d900000, 0x000000070d900000, 0x000000070da00000|  0%| F|  |TAMS 0x000000070d900000, 0x000000070d900000| Untracked 
| 126|0x000000070da00000, 0x000000070da00000, 0x000000070db00000|  0%| F|  |TAMS 0x000000070da00000, 0x000000070da00000| Untracked 
| 127|0x000000070db00000, 0x000000070db00000, 0x000000070dc00000|  0%| F|  |TAMS 0x000000070db00000, 0x000000070db00000| Untracked 
| 128|0x000000070dc00000, 0x000000070dc00000, 0x000000070dd00000|  0%| F|  |TAMS 0x000000070dc00000, 0x000000070dc00000| Untracked 
| 129|0x000000070dd00000, 0x000000070dd00000, 0x000000070de00000|  0%| F|  |TAMS 0x000000070dd00000, 0x000000070dd00000| Untracked 
| 130|0x000000070de00000, 0x000000070de00000, 0x000000070df00000|  0%| F|  |TAMS 0x000000070de00000, 0x000000070de00000| Untracked 
| 131|0x000000070df00000, 0x000000070dfffff8, 0x000000070e000000| 99%| O|  |TAMS 0x000000070df00000, 0x000000070df00000| Untracked 
| 132|0x000000070e000000, 0x000000070e0fffd0, 0x000000070e100000| 99%| O|  |TAMS 0x000000070e000000, 0x000000070e000000| Untracked 
| 133|0x000000070e100000, 0x000000070e1ffff8, 0x000000070e200000| 99%| O|  |TAMS 0x000000070e100000, 0x000000070e100000| Untracked 
| 134|0x000000070e200000, 0x000000070e2f2d08, 0x000000070e300000| 94%| O|  |TAMS 0x000000070e200000, 0x000000070e200000| Untracked 
| 135|0x000000070e300000, 0x000000070e300000, 0x000000070e400000|  0%| F|  |TAMS 0x000000070e300000, 0x000000070e300000| Untracked 
| 136|0x000000070e400000, 0x000000070e400000, 0x000000070e500000|  0%| F|  |TAMS 0x000000070e400000, 0x000000070e400000| Untracked 
| 137|0x000000070e500000, 0x000000070e500000, 0x000000070e600000|  0%| F|  |TAMS 0x000000070e500000, 0x000000070e500000| Untracked 
| 138|0x000000070e600000, 0x000000070e600000, 0x000000070e700000|  0%| F|  |TAMS 0x000000070e600000, 0x000000070e600000| Untracked 
| 139|0x000000070e700000, 0x000000070e700000, 0x000000070e800000|  0%| F|  |TAMS 0x000000070e700000, 0x000000070e700000| Untracked 
| 140|0x000000070e800000, 0x000000070e800000, 0x000000070e900000|  0%| F|  |TAMS 0x000000070e800000, 0x000000070e800000| Untracked 
| 141|0x000000070e900000, 0x000000070e900000, 0x000000070ea00000|  0%| F|  |TAMS 0x000000070e900000, 0x000000070e900000| Untracked 
| 142|0x000000070ea00000, 0x000000070ea00000, 0x000000070eb00000|  0%| F|  |TAMS 0x000000070ea00000, 0x000000070ea00000| Untracked 
| 143|0x000000070eb00000, 0x000000070eb00000, 0x000000070ec00000|  0%| F|  |TAMS 0x000000070eb00000, 0x000000070eb00000| Untracked 
| 144|0x000000070ec00000, 0x000000070ec00000, 0x000000070ed00000|  0%| F|  |TAMS 0x000000070ec00000, 0x000000070ec00000| Untracked 
| 145|0x000000070ed00000, 0x000000070ed00000, 0x000000070ee00000|  0%| F|  |TAMS 0x000000070ed00000, 0x000000070ed00000| Untracked 
| 146|0x000000070ee00000, 0x000000070ee00000, 0x000000070ef00000|  0%| F|  |TAMS 0x000000070ee00000, 0x000000070ee00000| Untracked 
| 147|0x000000070ef00000, 0x000000070ef00000, 0x000000070f000000|  0%| F|  |TAMS 0x000000070ef00000, 0x000000070ef00000| Untracked 
| 148|0x000000070f000000, 0x000000070f000000, 0x000000070f100000|  0%| F|  |TAMS 0x000000070f000000, 0x000000070f000000| Untracked 
| 149|0x000000070f100000, 0x000000070f100000, 0x000000070f200000|  0%| F|  |TAMS 0x000000070f100000, 0x000000070f100000| Untracked 
| 150|0x000000070f200000, 0x000000070f200000, 0x000000070f300000|  0%| F|  |TAMS 0x000000070f200000, 0x000000070f200000| Untracked 
| 151|0x000000070f300000, 0x000000070f300000, 0x000000070f400000|  0%| F|  |TAMS 0x000000070f300000, 0x000000070f300000| Untracked 
| 152|0x000000070f400000, 0x000000070f400000, 0x000000070f500000|  0%| F|  |TAMS 0x000000070f400000, 0x000000070f400000| Untracked 
| 153|0x000000070f500000, 0x000000070f500000, 0x000000070f600000|  0%| F|  |TAMS 0x000000070f500000, 0x000000070f500000| Untracked 
| 154|0x000000070f600000, 0x000000070f600000, 0x000000070f700000|  0%| F|  |TAMS 0x000000070f600000, 0x000000070f600000| Untracked 
| 155|0x000000070f700000, 0x000000070f700000, 0x000000070f800000|  0%| F|  |TAMS 0x000000070f700000, 0x000000070f700000| Untracked 
| 156|0x000000070f800000, 0x000000070f800000, 0x000000070f900000|  0%| F|  |TAMS 0x000000070f800000, 0x000000070f800000| Untracked 
| 157|0x000000070f900000, 0x000000070f900000, 0x000000070fa00000|  0%| F|  |TAMS 0x000000070f900000, 0x000000070f900000| Untracked 
| 158|0x000000070fa00000, 0x000000070fa00000, 0x000000070fb00000|  0%| F|  |TAMS 0x000000070fa00000, 0x000000070fa00000| Untracked 
| 159|0x000000070fb00000, 0x000000070fb00000, 0x000000070fc00000|  0%| F|  |TAMS 0x000000070fb00000, 0x000000070fb00000| Untracked 
| 160|0x000000070fc00000, 0x000000070fc00000, 0x000000070fd00000|  0%| F|  |TAMS 0x000000070fc00000, 0x000000070fc00000| Untracked 
| 161|0x000000070fd00000, 0x000000070fd00000, 0x000000070fe00000|  0%| F|  |TAMS 0x000000070fd00000, 0x000000070fd00000| Untracked 
| 162|0x000000070fe00000, 0x000000070fe00000, 0x000000070ff00000|  0%| F|  |TAMS 0x000000070fe00000, 0x000000070fe00000| Untracked 
| 163|0x000000070ff00000, 0x000000070ff00000, 0x0000000710000000|  0%| F|  |TAMS 0x000000070ff00000, 0x000000070ff00000| Untracked 
| 164|0x0000000710000000, 0x0000000710000000, 0x0000000710100000|  0%| F|  |TAMS 0x0000000710000000, 0x0000000710000000| Untracked 
| 165|0x0000000710100000, 0x0000000710100000, 0x0000000710200000|  0%| F|  |TAMS 0x0000000710100000, 0x0000000710100000| Untracked 
| 166|0x0000000710200000, 0x00000007102ffff0, 0x0000000710300000| 99%| O|  |TAMS 0x0000000710200000, 0x0000000710200000| Untracked 
| 167|0x0000000710300000, 0x0000000710300000, 0x0000000710400000|  0%| F|  |TAMS 0x0000000710300000, 0x0000000710300000| Untracked 
| 168|0x0000000710400000, 0x0000000710400000, 0x0000000710500000|  0%| F|  |TAMS 0x0000000710400000, 0x0000000710400000| Untracked 
| 169|0x0000000710500000, 0x00000007105ffff8, 0x0000000710600000| 99%| O|  |TAMS 0x0000000710500000, 0x0000000710500000| Untracked 
| 170|0x0000000710600000, 0x0000000710600000, 0x0000000710700000|  0%| F|  |TAMS 0x0000000710600000, 0x0000000710600000| Untracked 
| 171|0x0000000710700000, 0x0000000710700000, 0x0000000710800000|  0%| F|  |TAMS 0x0000000710700000, 0x0000000710700000| Untracked 
| 172|0x0000000710800000, 0x0000000710900000, 0x0000000710900000|100%| O|  |TAMS 0x0000000710800000, 0x0000000710800000| Untracked 
| 173|0x0000000710900000, 0x0000000710900000, 0x0000000710a00000|  0%| F|  |TAMS 0x0000000710900000, 0x0000000710900000| Untracked 
| 174|0x0000000710a00000, 0x0000000710a00000, 0x0000000710b00000|  0%| F|  |TAMS 0x0000000710a00000, 0x0000000710a00000| Untracked 
| 175|0x0000000710b00000, 0x0000000710bffff8, 0x0000000710c00000| 99%| O|  |TAMS 0x0000000710b00000, 0x0000000710b00000| Untracked 
| 176|0x0000000710c00000, 0x0000000710c00000, 0x0000000710d00000|  0%| F|  |TAMS 0x0000000710c00000, 0x0000000710c00000| Untracked 
| 177|0x0000000710d00000, 0x0000000710e00000, 0x0000000710e00000|100%| O|  |TAMS 0x0000000710d00000, 0x0000000710d00000| Untracked 
| 178|0x0000000710e00000, 0x0000000710e00000, 0x0000000710f00000|  0%| F|  |TAMS 0x0000000710e00000, 0x0000000710e00000| Untracked 
| 179|0x0000000710f00000, 0x0000000710f00000, 0x0000000711000000|  0%| F|  |TAMS 0x0000000710f00000, 0x0000000710f00000| Untracked 
| 180|0x0000000711000000, 0x00000007110ffff0, 0x0000000711100000| 99%| O|  |TAMS 0x0000000711000000, 0x0000000711000000| Untracked 
| 181|0x0000000711100000, 0x00000007111d54f8, 0x0000000711200000| 83%| O|  |TAMS 0x0000000711100000, 0x0000000711100000| Untracked 
| 182|0x0000000711200000, 0x0000000711200000, 0x0000000711300000|  0%| F|  |TAMS 0x0000000711200000, 0x0000000711200000| Untracked 
| 183|0x0000000711300000, 0x0000000711300000, 0x0000000711400000|  0%| F|  |TAMS 0x0000000711300000, 0x0000000711300000| Untracked 
| 184|0x0000000711400000, 0x0000000711400000, 0x0000000711500000|  0%| F|  |TAMS 0x0000000711400000, 0x0000000711400000| Untracked 
| 185|0x0000000711500000, 0x0000000711500000, 0x0000000711600000|  0%| F|  |TAMS 0x0000000711500000, 0x0000000711500000| Untracked 
| 186|0x0000000711600000, 0x0000000711600000, 0x0000000711700000|  0%| F|  |TAMS 0x0000000711600000, 0x0000000711600000| Untracked 
| 187|0x0000000711700000, 0x0000000711700000, 0x0000000711800000|  0%| F|  |TAMS 0x0000000711700000, 0x0000000711700000| Untracked 
| 188|0x0000000711800000, 0x0000000711800000, 0x0000000711900000|  0%| F|  |TAMS 0x0000000711800000, 0x0000000711800000| Untracked 
| 189|0x0000000711900000, 0x0000000711900000, 0x0000000711a00000|  0%| F|  |TAMS 0x0000000711900000, 0x0000000711900000| Untracked 
| 190|0x0000000711a00000, 0x0000000711a00000, 0x0000000711b00000|  0%| F|  |TAMS 0x0000000711a00000, 0x0000000711a00000| Untracked 
| 191|0x0000000711b00000, 0x0000000711b00000, 0x0000000711c00000|  0%| F|  |TAMS 0x0000000711b00000, 0x0000000711b00000| Untracked 
| 192|0x0000000711c00000, 0x0000000711c00000, 0x0000000711d00000|  0%| F|  |TAMS 0x0000000711c00000, 0x0000000711c00000| Untracked 
| 193|0x0000000711d00000, 0x0000000711d00000, 0x0000000711e00000|  0%| F|  |TAMS 0x0000000711d00000, 0x0000000711d00000| Untracked 
| 194|0x0000000711e00000, 0x0000000711e00000, 0x0000000711f00000|  0%| F|  |TAMS 0x0000000711e00000, 0x0000000711e00000| Untracked 
| 195|0x0000000711f00000, 0x0000000711f00000, 0x0000000712000000|  0%| F|  |TAMS 0x0000000711f00000, 0x0000000711f00000| Untracked 
| 196|0x0000000712000000, 0x0000000712000000, 0x0000000712100000|  0%| F|  |TAMS 0x0000000712000000, 0x0000000712000000| Untracked 
| 197|0x0000000712100000, 0x0000000712100000, 0x0000000712200000|  0%| F|  |TAMS 0x0000000712100000, 0x0000000712100000| Untracked 
| 198|0x0000000712200000, 0x0000000712200000, 0x0000000712300000|  0%| F|  |TAMS 0x0000000712200000, 0x0000000712200000| Untracked 
| 199|0x0000000712300000, 0x0000000712300000, 0x0000000712400000|  0%| F|  |TAMS 0x0000000712300000, 0x0000000712300000| Untracked 
| 200|0x0000000712400000, 0x0000000712400000, 0x0000000712500000|  0%| F|  |TAMS 0x0000000712400000, 0x0000000712400000| Untracked 
| 201|0x0000000712500000, 0x0000000712500000, 0x0000000712600000|  0%| F|  |TAMS 0x0000000712500000, 0x0000000712500000| Untracked 
| 202|0x0000000712600000, 0x0000000712600000, 0x0000000712700000|  0%| F|  |TAMS 0x0000000712600000, 0x0000000712600000| Untracked 
| 203|0x0000000712700000, 0x0000000712700000, 0x0000000712800000|  0%| F|  |TAMS 0x0000000712700000, 0x0000000712700000| Untracked 
| 204|0x0000000712800000, 0x0000000712800000, 0x0000000712900000|  0%| F|  |TAMS 0x0000000712800000, 0x0000000712800000| Untracked 
| 205|0x0000000712900000, 0x0000000712900000, 0x0000000712a00000|  0%| F|  |TAMS 0x0000000712900000, 0x0000000712900000| Untracked 
| 206|0x0000000712a00000, 0x0000000712a00000, 0x0000000712b00000|  0%| F|  |TAMS 0x0000000712a00000, 0x0000000712a00000| Untracked 
| 207|0x0000000712b00000, 0x0000000712b00000, 0x0000000712c00000|  0%| F|  |TAMS 0x0000000712b00000, 0x0000000712b00000| Untracked 
| 208|0x0000000712c00000, 0x0000000712c00000, 0x0000000712d00000|  0%| F|  |TAMS 0x0000000712c00000, 0x0000000712c00000| Untracked 
| 209|0x0000000712d00000, 0x0000000712d00000, 0x0000000712e00000|  0%| F|  |TAMS 0x0000000712d00000, 0x0000000712d00000| Untracked 
| 210|0x0000000712e00000, 0x0000000712e00000, 0x0000000712f00000|  0%| F|  |TAMS 0x0000000712e00000, 0x0000000712e00000| Untracked 
| 211|0x0000000712f00000, 0x0000000712f00000, 0x0000000713000000|  0%| F|  |TAMS 0x0000000712f00000, 0x0000000712f00000| Untracked 
| 212|0x0000000713000000, 0x0000000713000000, 0x0000000713100000|  0%| F|  |TAMS 0x0000000713000000, 0x0000000713000000| Untracked 
| 213|0x0000000713100000, 0x0000000713100000, 0x0000000713200000|  0%| F|  |TAMS 0x0000000713100000, 0x0000000713100000| Untracked 
| 214|0x0000000713200000, 0x0000000713200000, 0x0000000713300000|  0%| F|  |TAMS 0x0000000713200000, 0x0000000713200000| Untracked 
| 215|0x0000000713300000, 0x0000000713300000, 0x0000000713400000|  0%| F|  |TAMS 0x0000000713300000, 0x0000000713300000| Untracked 
| 216|0x0000000713400000, 0x0000000713400000, 0x0000000713500000|  0%| F|  |TAMS 0x0000000713400000, 0x0000000713400000| Untracked 
| 217|0x0000000713500000, 0x0000000713500000, 0x0000000713600000|  0%| F|  |TAMS 0x0000000713500000, 0x0000000713500000| Untracked 
| 218|0x0000000713600000, 0x0000000713600000, 0x0000000713700000|  0%| F|  |TAMS 0x0000000713600000, 0x0000000713600000| Untracked 
| 219|0x0000000713700000, 0x0000000713700000, 0x0000000713800000|  0%| F|  |TAMS 0x0000000713700000, 0x0000000713700000| Untracked 
| 220|0x0000000713800000, 0x0000000713800000, 0x0000000713900000|  0%| F|  |TAMS 0x0000000713800000, 0x0000000713800000| Untracked 
| 221|0x0000000713900000, 0x00000007139fac50, 0x0000000713a00000| 97%| O|  |TAMS 0x0000000713900000, 0x0000000713900000| Untracked 
| 222|0x0000000713a00000, 0x0000000713afffd8, 0x0000000713b00000| 99%| O|  |TAMS 0x0000000713a00000, 0x0000000713a00000| Untracked 
| 223|0x0000000713b00000, 0x0000000713b00000, 0x0000000713c00000|  0%| F|  |TAMS 0x0000000713b00000, 0x0000000713b00000| Untracked 
| 224|0x0000000713c00000, 0x0000000713c00000, 0x0000000713d00000|  0%| F|  |TAMS 0x0000000713c00000, 0x0000000713c00000| Untracked 
| 225|0x0000000713d00000, 0x0000000713dffff0, 0x0000000713e00000| 99%| O|  |TAMS 0x0000000713d00000, 0x0000000713d00000| Untracked 
| 226|0x0000000713e00000, 0x0000000713effff0, 0x0000000713f00000| 99%| O|  |TAMS 0x0000000713e00000, 0x0000000713e00000| Untracked 
| 227|0x0000000713f00000, 0x0000000713f00000, 0x0000000714000000|  0%| F|  |TAMS 0x0000000713f00000, 0x0000000713f00000| Untracked 
| 228|0x0000000714000000, 0x0000000714000000, 0x0000000714100000|  0%| F|  |TAMS 0x0000000714000000, 0x0000000714000000| Untracked 
| 229|0x0000000714100000, 0x0000000714100000, 0x0000000714200000|  0%| F|  |TAMS 0x0000000714100000, 0x0000000714100000| Untracked 
| 230|0x0000000714200000, 0x0000000714200000, 0x0000000714300000|  0%| F|  |TAMS 0x0000000714200000, 0x0000000714200000| Untracked 
| 231|0x0000000714300000, 0x0000000714300000, 0x0000000714400000|  0%| F|  |TAMS 0x0000000714300000, 0x0000000714300000| Untracked 
| 232|0x0000000714400000, 0x0000000714400000, 0x0000000714500000|  0%| F|  |TAMS 0x0000000714400000, 0x0000000714400000| Untracked 
| 233|0x0000000714500000, 0x0000000714600000, 0x0000000714600000|100%| O|  |TAMS 0x0000000714500000, 0x0000000714500000| Untracked 
| 234|0x0000000714600000, 0x0000000714600000, 0x0000000714700000|  0%| F|  |TAMS 0x0000000714600000, 0x0000000714600000| Untracked 
| 235|0x0000000714700000, 0x00000007147ffff8, 0x0000000714800000| 99%| O|  |TAMS 0x0000000714700000, 0x0000000714700000| Untracked 
| 236|0x0000000714800000, 0x0000000714900000, 0x0000000714900000|100%| O|  |TAMS 0x0000000714800000, 0x0000000714800000| Untracked 
| 237|0x0000000714900000, 0x00000007149ffec0, 0x0000000714a00000| 99%| O|  |TAMS 0x0000000714900000, 0x0000000714900000| Untracked 
| 238|0x0000000714a00000, 0x0000000714a3d090, 0x0000000714b00000| 23%| O|  |TAMS 0x0000000714a00000, 0x0000000714a00000| Untracked 
| 239|0x0000000714b00000, 0x0000000714b00000, 0x0000000714c00000|  0%| F|  |TAMS 0x0000000714b00000, 0x0000000714b00000| Untracked 
| 240|0x0000000714c00000, 0x0000000714cfffe8, 0x0000000714d00000| 99%| O|  |TAMS 0x0000000714c00000, 0x0000000714c00000| Untracked 
| 241|0x0000000714d00000, 0x0000000714d00000, 0x0000000714e00000|  0%| F|  |TAMS 0x0000000714d00000, 0x0000000714d00000| Untracked 
| 242|0x0000000714e00000, 0x0000000714e00000, 0x0000000714f00000|  0%| F|  |TAMS 0x0000000714e00000, 0x0000000714e00000| Untracked 
| 243|0x0000000714f00000, 0x0000000714f00000, 0x0000000715000000|  0%| F|  |TAMS 0x0000000714f00000, 0x0000000714f00000| Untracked 
| 244|0x0000000715000000, 0x00000007150fffe8, 0x0000000715100000| 99%| O|  |TAMS 0x0000000715000000, 0x0000000715000000| Untracked 
| 245|0x0000000715100000, 0x0000000715100000, 0x0000000715200000|  0%| F|  |TAMS 0x0000000715100000, 0x0000000715100000| Untracked 
| 246|0x0000000715200000, 0x0000000715200000, 0x0000000715300000|  0%| F|  |TAMS 0x0000000715200000, 0x0000000715200000| Untracked 
| 247|0x0000000715300000, 0x0000000715300000, 0x0000000715400000|  0%| F|  |TAMS 0x0000000715300000, 0x0000000715300000| Untracked 
| 248|0x0000000715400000, 0x00000007154d9740, 0x0000000715500000| 84%| O|  |TAMS 0x0000000715400000, 0x0000000715400000| Untracked 
| 249|0x0000000715500000, 0x00000007155ce708, 0x0000000715600000| 80%| E|  |TAMS 0x0000000715500000, 0x0000000715500000| Complete 
| 250|0x0000000715600000, 0x0000000715700000, 0x0000000715700000|100%| E|CS|TAMS 0x0000000715600000, 0x0000000715600000| Complete 
| 253|0x0000000715900000, 0x00000007159ffff8, 0x0000000715a00000| 99%| O|  |TAMS 0x0000000715900000, 0x0000000715900000| Untracked 
| 266|0x0000000716600000, 0x00000007166ffff0, 0x0000000716700000| 99%| O|  |TAMS 0x0000000716600000, 0x0000000716600000| Untracked 
| 277|0x0000000717100000, 0x00000007171b2dd0, 0x0000000717200000| 69%| O|  |TAMS 0x0000000717100000, 0x0000000717100000| Untracked 

Card table byte_map: [0x000002537c6b0000,0x000002537ce90000] _byte_map_base: 0x0000025378e82000

Marking Bits (Prev, Next): (CMBitMap*) 0x0000025372d06870, (CMBitMap*) 0x0000025372d06838
 Prev Bits: [0x0000025312e90000, 0x0000025316d20000)
 Next Bits: [0x000002530f000000, 0x0000025312e90000)

Polling page: 0x0000025370c70000

Metaspace:

Usage:
  Non-class:     30.62 MB capacity,    30.36 MB (>99%) used,   194.10 KB ( <1%) free+waste,    70.12 KB ( <1%) overhead. 
      Class:      3.66 MB capacity,     3.42 MB ( 93%) used,   211.24 KB (  6%) free+waste,    33.38 KB ( <1%) overhead. 
       Both:     34.28 MB capacity,    33.78 MB ( 99%) used,   405.34 KB (  1%) free+waste,   103.50 KB ( <1%) overhead. 

Virtual space:
  Non-class space:       32.00 MB reserved,      30.75 MB ( 96%) committed 
      Class space:        1.00 GB reserved,       3.75 MB ( <1%) committed 
             Both:        1.03 GB reserved,      34.50 MB (  3%) committed 

Chunk freelists:
   Non-Class:  133.00 KB
       Class:  0 bytes
        Both:  133.00 KB

MaxMetaspaceSize: 17179869184.00 GB
CompressedClassSpaceSize: 1.00 GB
Initial GC threshold: 20.80 MB
Current GC threshold: 57.09 MB
CDS: off

CodeHeap 'non-profiled nmethods': size=119168Kb used=2204Kb max_used=2204Kb free=116963Kb
 bounds [0x0000025307ba0000, 0x0000025307e10000, 0x000002530f000000]
CodeHeap 'profiled nmethods': size=119168Kb used=5936Kb max_used=5936Kb free=113231Kb
 bounds [0x0000025300740000, 0x0000025300d10000, 0x0000025307ba0000]
CodeHeap 'non-nmethods': size=7424Kb used=2826Kb max_used=3129Kb free=4597Kb
 bounds [0x0000025300000000, 0x0000025300310000, 0x0000025300740000]
 total_blobs=3676 nmethods=2565 adapters=1022
 compilation: enabled
              stopped_count=0, restarted_count=0
 full_count=0

Compilation events (20 events):
Event: 14.878 Thread 0x00000253180be000 nmethod 2569 0x0000025300d00010 code [0x0000025300d00280, 0x0000025300d00da8]
Event: 14.878 Thread 0x00000253272c3000 2573       3       com.jagex.game.config.paramtype.ParamType::<init> (10 bytes)
Event: 14.878 Thread 0x00000253180be000 2574       3       com.jagex.game.config.paramtype.ParamType::setId (1 bytes)
Event: 14.878 Thread 0x00000253180be000 nmethod 2574 0x0000025300d01290 code [0x0000025300d01440, 0x0000025300d01538]
Event: 14.878 Thread 0x00000253180be000 2576       3       com.jagex.game.config.paramtype.ParamType::postDecode (1 bytes)
Event: 14.878 Thread 0x00000253180be000 nmethod 2576 0x0000025300d01610 code [0x0000025300d017c0, 0x0000025300d018b8]
Event: 14.878 Thread 0x00000253272c3000 nmethod 2573 0x0000025300d01990 code [0x0000025300d01b40, 0x0000025300d01c98]
Event: 14.878 Thread 0x00000253272c3800 nmethod 2575 0x0000025300d01d90 code [0x0000025300d01f60, 0x0000025300d022a8]
Event: 14.881 Thread 0x00000253180be000 2577       3       com.jagex.core.io.Packet::gSmart1or2 (36 bytes)
Event: 14.881 Thread 0x00000253272c3000 2578   !   3       jdk.internal.reflect.GeneratedConstructorAccessor2::newInstance (49 bytes)
Event: 14.881 Thread 0x00000253180be000 nmethod 2577 0x0000025300d02410 code [0x0000025300d025e0, 0x0000025300d02928]
Event: 14.881 Thread 0x00000253272c3000 nmethod 2578 0x0000025300d02a90 code [0x0000025300d02ca0, 0x0000025300d031d8]
Event: 14.883 Thread 0x00000253272c3800 2580       3       java.awt.image.ColorModel::getRGBdefault (31 bytes)
Event: 14.883 Thread 0x00000253180be000 2581       3       java.awt.image.DirectColorModel::getDataElements (928 bytes)
Event: 14.883 Thread 0x00000253272c3000 2582       3       sun.awt.image.IntegerInterleavedRaster::setDataElements (91 bytes)
Event: 14.883 Thread 0x00000253272c3800 nmethod 2580 0x0000025300d03490 code [0x0000025300d03660, 0x0000025300d038c8]
Event: 14.883 Thread 0x00000253272c3000 nmethod 2582 0x0000025300d03990 code [0x0000025300d03b80, 0x0000025300d040a8]
Event: 14.884 Thread 0x00000253180be000 nmethod 2581 0x0000025300d04310 code [0x0000025300d04760, 0x0000025300d06548]
Event: 14.905 Thread 0x00000253272c3800 2584       3       com.jagex.graphics.safe.PureJavaSpritePaletted::drawSprite (2940 bytes)
Event: 14.938 Thread 0x00000253272c3800 nmethod 2584 0x0000025300d06f90 code [0x0000025300d074a0, 0x0000025300d0a848]

GC Heap History (10 events):
Event: 0.422 GC heap before
{Heap before GC invocations=0 (full 0):
 garbage-first heap   total 258048K, used 23552K [0x0000000705c00000, 0x0000000800000000)
  region size 1024K, 24 young (24576K), 0 survivors (0K)
 Metaspace       used 12893K, capacity 13196K, committed 13440K, reserved 1060864K
  class space    used 1234K, capacity 1365K, committed 1408K, reserved 1048576K
}
Event: 0.425 GC heap after
{Heap after GC invocations=1 (full 0):
 garbage-first heap   total 258048K, used 3912K [0x0000000705c00000, 0x0000000800000000)
  region size 1024K, 3 young (3072K), 3 survivors (3072K)
 Metaspace       used 12893K, capacity 13196K, committed 13440K, reserved 1060864K
  class space    used 1234K, capacity 1365K, committed 1408K, reserved 1048576K
}
Event: 0.974 GC heap before
{Heap before GC invocations=1 (full 0):
 garbage-first heap   total 258048K, used 39752K [0x0000000705c00000, 0x0000000800000000)
  region size 1024K, 39 young (39936K), 3 survivors (3072K)
 Metaspace       used 20714K, capacity 21149K, committed 21248K, reserved 1069056K
  class space    used 2053K, capacity 2258K, committed 2304K, reserved 1048576K
}
Event: 0.977 GC heap after
{Heap after GC invocations=2 (full 0):
 garbage-first heap   total 258048K, used 5009K [0x0000000705c00000, 0x0000000800000000)
  region size 1024K, 5 young (5120K), 5 survivors (5120K)
 Metaspace       used 20714K, capacity 21149K, committed 21248K, reserved 1069056K
  class space    used 2053K, capacity 2258K, committed 2304K, reserved 1048576K
}
Event: 3.858 GC heap before
{Heap before GC invocations=3 (full 0):
 garbage-first heap   total 258048K, used 53137K [0x0000000705c00000, 0x0000000800000000)
  region size 1024K, 51 young (52224K), 5 survivors (5120K)
 Metaspace       used 31201K, capacity 31727K, committed 31872K, reserved 1077248K
  class space    used 3206K, capacity 3449K, committed 3456K, reserved 1048576K
}
Event: 3.862 GC heap after
{Heap after GC invocations=4 (full 0):
 garbage-first heap   total 258048K, used 14346K [0x0000000705c00000, 0x0000000800000000)
  region size 1024K, 7 young (7168K), 7 survivors (7168K)
 Metaspace       used 31201K, capacity 31727K, committed 31872K, reserved 1077248K
  class space    used 3206K, capacity 3449K, committed 3456K, reserved 1048576K
}
Event: 14.623 GC heap before
{Heap before GC invocations=4 (full 0):
 garbage-first heap   total 258048K, used 231434K [0x0000000705c00000, 0x0000000800000000)
  region size 1024K, 151 young (154624K), 7 survivors (7168K)
 Metaspace       used 33140K, capacity 33699K, committed 33920K, reserved 1079296K
  class space    used 3432K, capacity 3678K, committed 3712K, reserved 1048576K
}
Event: 14.645 GC heap after
{Heap after GC invocations=5 (full 0):
 garbage-first heap   total 301056K, used 79611K [0x0000000705c00000, 0x0000000800000000)
  region size 1024K, 19 young (19456K), 19 survivors (19456K)
 Metaspace       used 33140K, capacity 33699K, committed 33920K, reserved 1079296K
  class space    used 3432K, capacity 3678K, committed 3712K, reserved 1048576K
}
Event: 14.906 GC heap before
{Heap before GC invocations=5 (full 0):
 garbage-first heap   total 301056K, used 115451K [0x0000000705c00000, 0x0000000800000000)
  region size 1024K, 54 young (55296K), 19 survivors (19456K)
 Metaspace       used 34307K, capacity 34840K, committed 35072K, reserved 1081344K
  class space    used 3477K, capacity 3743K, committed 3840K, reserved 1048576K
}
Event: 14.933 GC heap after
{Heap after GC invocations=6 (full 1):
 garbage-first heap   total 260096K, used 71471K [0x0000000705c00000, 0x0000000800000000)
  region size 1024K, 0 young (0K), 0 survivors (0K)
 Metaspace       used 34307K, capacity 34840K, committed 35072K, reserved 1081344K
  class space    used 3477K, capacity 3743K, committed 3840K, reserved 1048576K
}

Deoptimization events (20 events):
Event: 14.903 Thread 0x0000025323675000 Uncommon trap: trap_request=0xffffff4d fr.pc=0x0000025307d5e350 relative=0x0000000000000210
Event: 14.903 Thread 0x0000025323675000 Uncommon trap: reason=unstable_if action=reinterpret pc=0x0000025307d5e350 method=jdk.internal.reflect.Reflection.verifyModuleAccess(Ljava/lang/Module;Ljava/lang/Class;)Z @ 7 c2
Event: 14.903 Thread 0x0000025323675000 DEOPT PACKING pc=0x0000025307d5e350 sp=0x00000084ca1fe880
Event: 14.903 Thread 0x0000025323675000 DEOPT UNPACKING pc=0x000002530004a1af sp=0x00000084ca1fe670 mode 2
Event: 14.903 Thread 0x0000025323675000 Uncommon trap: trap_request=0xffffff4d fr.pc=0x0000025307d5fdd4 relative=0x00000000000000b4
Event: 14.903 Thread 0x0000025323675000 Uncommon trap: reason=unstable_if action=reinterpret pc=0x0000025307d5fdd4 method=java.lang.reflect.AccessibleObject.logIfExportedForIllegalAccess(Ljava/lang/Class;Ljava/lang/Class;)V @ 27 c2
Event: 14.903 Thread 0x0000025323675000 DEOPT PACKING pc=0x0000025307d5fdd4 sp=0x00000084ca1fe750
Event: 14.903 Thread 0x0000025323675000 DEOPT UNPACKING pc=0x000002530004a1af sp=0x00000084ca1fe6e8 mode 2
Event: 14.904 Thread 0x0000025323675000 Uncommon trap: trap_request=0xffffff4d fr.pc=0x0000025307db1628 relative=0x0000000000000548
Event: 14.904 Thread 0x0000025323675000 Uncommon trap: reason=unstable_if action=reinterpret pc=0x0000025307db1628 method=com.jagex.graphics.FontMetrics.splitInit(Ljava/lang/String;[I[Ljava/lang/String;[Lcom/jagex/graphics/FontGlyph;Z)I @ 993 c2
Event: 14.904 Thread 0x0000025323675000 DEOPT PACKING pc=0x0000025307db1628 sp=0x00000084ca1feaf0
Event: 14.904 Thread 0x0000025323675000 DEOPT UNPACKING pc=0x000002530004a1af sp=0x00000084ca1fea38 mode 2
Event: 14.904 Thread 0x0000025323675000 Uncommon trap: trap_request=0xffffff4d fr.pc=0x0000025307db2598 relative=0x00000000000000d8
Event: 14.904 Thread 0x0000025323675000 Uncommon trap: reason=unstable_if action=reinterpret pc=0x0000025307db2598 method=com.jagex.game.load.LoadingScreenAlignmentX.computeX(II)I @ 19 c2
Event: 14.904 Thread 0x0000025323675000 DEOPT PACKING pc=0x0000025307db2598 sp=0x00000084ca1fec50
Event: 14.904 Thread 0x0000025323675000 DEOPT UNPACKING pc=0x000002530004a1af sp=0x00000084ca1febe0 mode 2
Event: 14.933 Thread 0x0000025323a46800 DEOPT PACKING pc=0x0000025300c770b2 sp=0x00000084cbeff180
Event: 14.933 Thread 0x0000025323a46800 DEOPT UNPACKING pc=0x000002530004a95e sp=0x00000084cbefe5f8 mode 0
Event: 14.953 Thread 0x0000025323a46800 DEOPT PACKING pc=0x0000025300c77074 sp=0x00000084cbeff180
Event: 14.953 Thread 0x0000025323a46800 DEOPT UNPACKING pc=0x000002530004a95e sp=0x00000084cbefe5f8 mode 0

Classes redefined (0 events):
No events

Internal exceptions (20 events):
Event: 0.469 Thread 0x0000025372c9e800 Exception <a 'java/lang/NoSuchMethodError'{0x000000071550d258}: 'java.lang.Object java.lang.invoke.DirectMethodHandle$Holder.invokeStatic(java.lang.Object, java.lang.Object, int, java.lang.Object)'> (0x000000071550d258) thrown at [s\src\hotspot\share\interpreter\linkResolver.cpp, line 773]
Event: 0.470 Thread 0x0000025372c9e800 Exception <a 'java/lang/NoSuchMethodError'{0x0000000715514330}: 'java.lang.Object java.lang.invoke.Invokers$Holder.linkToTargetMethod(java.lang.Object, int, java.lang.Object)'> (0x0000000715514330) thrown at [s\src\hotspot\share\interpreter\linkResolver.cpp, line 773]
Event: 0.560 Thread 0x0000025318944000 Exception <a 'java/lang/NoSuchMethodError'{0x000000071497b470}: 'int java.lang.invoke.DirectMethodHandle$Holder.invokeStaticInit(java.lang.Object, java.lang.Object, java.lang.Object)'> (0x000000071497b470) thrown at [s\src\hotspot\share\interpreter\linkResolver.cpp, line 773]
Event: 0.951 Thread 0x0000025318944000 Exception <a 'java/lang/NoSuchMethodError'{0x0000000713547fb0}: 'double java.lang.invoke.DirectMethodHandle$Holder.invokeStatic(java.lang.Object, double)'> (0x0000000713547fb0) thrown at [s\src\hotspot\share\interpreter\linkResolver.cpp, line 773]
Event: 0.951 Thread 0x0000025318944000 Exception <a 'java/lang/NoSuchMethodError'{0x000000071354b150}: 'double java.lang.invoke.DirectMethodHandle$Holder.invokeStaticInit(java.lang.Object, double)'> (0x000000071354b150) thrown at [s\src\hotspot\share\interpreter\linkResolver.cpp, line 773]
Event: 1.016 Thread 0x0000025318ae0000 Exception <a 'java/lang/NoSuchMethodError'{0x00000007153b9630}: 'void java.lang.invoke.DirectMethodHandle$Holder.invokeVirtual(java.lang.Object, java.lang.Object)'> (0x00000007153b9630) thrown at [s\src\hotspot\share\interpreter\linkResolver.cpp, line 773]
Event: 1.373 Thread 0x0000025323677800 Exception <a 'java/lang/NoSuchMethodError'{0x0000000714ce3e60}: 'java.lang.Object java.lang.invoke.DirectMethodHandle$Holder.invokeStatic(java.lang.Object, int, int, int, int)'> (0x0000000714ce3e60) thrown at [s\src\hotspot\share\interpreter\linkResolver.cpp, line 773]
Event: 1.373 Thread 0x0000025323677800 Exception <a 'java/lang/NoSuchMethodError'{0x0000000714ce6f88}: 'java.lang.Object java.lang.invoke.DirectMethodHandle$Holder.invokeStaticInit(java.lang.Object, int, int, int, int)'> (0x0000000714ce6f88) thrown at [s\src\hotspot\share\interpreter\linkResolver.cpp, line 773]
Event: 1.550 Thread 0x0000025323677800 Exception <a 'java/lang/NoSuchMethodError'{0x00000007144923b8}: 'java.lang.Object java.lang.invoke.DirectMethodHandle$Holder.invokeStatic(java.lang.Object, java.lang.Object, int, int, int, int)'> (0x00000007144923b8) thrown at [s\src\hotspot\share\interpreter\linkResolver.cpp, line 773]
Event: 1.550 Thread 0x0000025323677800 Exception <a 'java/lang/NoSuchMethodError'{0x0000000714495710}: 'java.lang.Object java.lang.invoke.DirectMethodHandle$Holder.invokeStaticInit(java.lang.Object, java.lang.Object, int, int, int, int)'> (0x0000000714495710) thrown at [s\src\hotspot\share\interpreter\linkResolver.cpp, line 773]
Event: 2.857 Thread 0x0000025323675000 Exception <a 'java/lang/UnsatisfiedLinkError'{0x00000007135ba848}: 'long jaclib.nanotime.QueryPerformanceCounter.nanoTime()'> (0x00000007135ba848) thrown at [s\src\hotspot\share\prims\nativeLookup.cpp, line 528]
Event: 2.861 Thread 0x0000025323a3f800 Exception <a 'java/lang/NullPointerException'{0x0000000713437b20}> (0x0000000713437b20) thrown at [s\src\hotspot\share\interpreter\linkResolver.cpp, line 1358]
Event: 2.862 Thread 0x0000025323a3f800 Exception <a 'java/lang/NullPointerException'{0x0000000713443a70}> (0x0000000713443a70) thrown at [s\src\hotspot\share\interpreter\linkResolver.cpp, line 1358]
Event: 2.932 Thread 0x0000025323675000 Exception <a 'java/net/ConnectException'{0x000000071346b028}: Connection refused: connect> (0x000000071346b028) thrown at [s\src\hotspot\share\prims\jni.cpp, line 638]
Event: 6.435 Thread 0x0000025323a45000 Implicit null exception at 0x0000025307d0fd91 to 0x0000025307d134fc
Event: 6.473 Thread 0x0000025323675000 Implicit null exception at 0x0000025307d46b7a to 0x0000025307d47014
Event: 6.615 Thread 0x0000025323675000 Implicit null exception at 0x0000025307d47e87 to 0x0000025307d4873c
Event: 12.668 Thread 0x0000025323a46800 Implicit null exception at 0x0000025307d1a29c to 0x0000025307d1a8f4
Event: 14.847 Thread 0x0000025323675000 Implicit null exception at 0x0000025307d58cf5 to 0x0000025307d59df4
Event: 14.849 Thread 0x0000025323675000 Implicit null exception at 0x0000025307d543f4 to 0x0000025307d54f20

Events (20 events):
Event: 14.950 loading class com/jagex/graphics/GpuModel
Event: 14.950 loading class com/jagex/graphics/GpuModel done
Event: 14.952 loading class com/jagex/graphics/MaterialTextureProvider
Event: 14.952 loading class com/jagex/graphics/MaterialTextureProvider done
Event: 14.952 loading class sun/misc/Unsafe
Event: 14.952 loading class sun/misc/Unsafe done
Event: 14.954 loading class jaclib/memory/DirectBufferHelper
Event: 14.954 loading class jaclib/memory/DirectBufferHelper done
Event: 14.954 loading class com/jagex/graphics/GpuHeap
Event: 14.954 loading class com/jagex/graphics/GpuHeap done
Event: 14.954 loading class com/jagex/core/datastruct/Heap
Event: 14.954 loading class com/jagex/core/datastruct/Heap done
Event: 14.954 loading class jaclib/memory/heap/NativeHeap
Event: 14.954 loading class jaclib/memory/heap/NativeHeap done
Event: 14.954 loading class jagdx/D3DLIGHT
Event: 14.954 loading class jagdx/D3DLIGHT done
Event: 14.955 loading class com/jagex/graphics/GpuTextureRelated
Event: 14.955 loading class com/jagex/graphics/GpuTextureRelated done
Event: 14.955 loading class jagdx/IDirect3DDevice
Event: 14.955 loading class jagdx/IDirect3DDevice done


Dynamic libraries:
0x00007ff6372d0000 - 0x00007ff6372de000 	C:\Users\there\.jdks\corretto-11.0.22\bin\java.exe
0x00007ffcaba70000 - 0x00007ffcabc87000 	C:\Windows\SYSTEM32\ntdll.dll
0x00007ffcab400000 - 0x00007ffcab4c4000 	C:\Windows\System32\KERNEL32.DLL
0x00007ffca9000000 - 0x00007ffca93ac000 	C:\Windows\System32\KERNELBASE.dll
0x00007ffca9470000 - 0x00007ffca9581000 	C:\Windows\System32\ucrtbase.dll
0x00007ffc3d260000 - 0x00007ffc3d277000 	C:\Users\there\.jdks\corretto-11.0.22\bin\jli.dll
0x00007ffc3efa0000 - 0x00007ffc3efbb000 	C:\Users\there\.jdks\corretto-11.0.22\bin\VCRUNTIME140.dll
0x00007ffca9a20000 - 0x00007ffca9bce000 	C:\Windows\System32\USER32.dll
0x00007ffca9590000 - 0x00007ffca95b6000 	C:\Windows\System32\win32u.dll
0x00007ffc96ab0000 - 0x00007ffc96d43000 	C:\Windows\WinSxS\amd64_microsoft.windows.common-controls_6595b64144ccf1df_6.0.22621.3672_none_2713b9d173822955\COMCTL32.dll
0x00007ffca9bd0000 - 0x00007ffca9bf9000 	C:\Windows\System32\GDI32.dll
0x00007ffcab4d0000 - 0x00007ffcab577000 	C:\Windows\System32\msvcrt.dll
0x00007ffca95c0000 - 0x00007ffca96d9000 	C:\Windows\System32\gdi32full.dll
0x00007ffca9710000 - 0x00007ffca97aa000 	C:\Windows\System32\msvcp_win.dll
0x00007ffcaa990000 - 0x00007ffcaa9c1000 	C:\Windows\System32\IMM32.DLL
0x00007ffc80000000 - 0x00007ffc8000c000 	C:\Users\there\.jdks\corretto-11.0.22\bin\vcruntime140_1.dll
0x00007ffc3c5b0000 - 0x00007ffc3c63d000 	C:\Users\there\.jdks\corretto-11.0.22\bin\msvcp140.dll
0x00007ffbde8f0000 - 0x00007ffbdf4b3000 	C:\Users\there\.jdks\corretto-11.0.22\bin\server\jvm.dll
0x00007ffca9960000 - 0x00007ffca9a12000 	C:\Windows\System32\ADVAPI32.dll
0x00007ffcaa310000 - 0x00007ffcaa3b8000 	C:\Windows\System32\sechost.dll
0x00007ffca96e0000 - 0x00007ffca9708000 	C:\Windows\System32\bcrypt.dll
0x00007ffcaa100000 - 0x00007ffcaa215000 	C:\Windows\System32\RPCRT4.dll
0x00007ffca9c60000 - 0x00007ffca9c68000 	C:\Windows\System32\PSAPI.DLL
0x00007ffc76ee0000 - 0x00007ffc76ee9000 	C:\Windows\SYSTEM32\WSOCK32.dll
0x00007ffcab2d0000 - 0x00007ffcab341000 	C:\Windows\System32\WS2_32.dll
0x00007ffca03d0000 - 0x00007ffca0404000 	C:\Windows\SYSTEM32\WINMM.dll
0x00007ffc9e730000 - 0x00007ffc9e73a000 	C:\Windows\SYSTEM32\VERSION.dll
0x00007ffca7e90000 - 0x00007ffca7ea8000 	C:\Windows\SYSTEM32\kernel.appcore.dll
0x00007ffc7ea70000 - 0x00007ffc7ea80000 	C:\Users\there\.jdks\corretto-11.0.22\bin\verify.dll
0x00007ffca66c0000 - 0x00007ffca68f2000 	C:\Windows\SYSTEM32\DBGHELP.DLL
0x00007ffcaa580000 - 0x00007ffcaa908000 	C:\Windows\System32\combase.dll
0x00007ffcaa230000 - 0x00007ffcaa307000 	C:\Windows\System32\OLEAUT32.dll
0x00007ffc9e580000 - 0x00007ffc9e5b2000 	C:\Windows\SYSTEM32\dbgcore.DLL
0x00007ffca8f80000 - 0x00007ffca8ffb000 	C:\Windows\System32\bcryptPrimitives.dll
0x00007ffc3d230000 - 0x00007ffc3d258000 	C:\Users\there\.jdks\corretto-11.0.22\bin\java.dll
0x00007ffc7adb0000 - 0x00007ffc7adba000 	C:\Users\there\.jdks\corretto-11.0.22\bin\jimage.dll
0x00007ffc3c590000 - 0x00007ffc3c5a8000 	C:\Users\there\.jdks\corretto-11.0.22\bin\zip.dll
0x00007ffcaa9f0000 - 0x00007ffcab24c000 	C:\Windows\System32\SHELL32.dll
0x00007ffca6cb0000 - 0x00007ffca75a7000 	C:\Windows\SYSTEM32\windows.storage.dll
0x00007ffca6b70000 - 0x00007ffca6caf000 	C:\Windows\SYSTEM32\wintypes.dll
0x00007ffcab680000 - 0x00007ffcab774000 	C:\Windows\System32\SHCORE.dll
0x00007ffcab780000 - 0x00007ffcab7de000 	C:\Windows\System32\shlwapi.dll
0x00007ffca8cd0000 - 0x00007ffca8cf1000 	C:\Windows\SYSTEM32\profapi.dll
0x00007ffc3c570000 - 0x00007ffc3c589000 	C:\Users\there\.jdks\corretto-11.0.22\bin\net.dll
0x00007ffca20f0000 - 0x00007ffca2226000 	C:\Windows\SYSTEM32\WINHTTP.dll
0x00007ffca8310000 - 0x00007ffca8379000 	C:\Windows\system32\mswsock.dll
0x00007ffc3c550000 - 0x00007ffc3c562000 	C:\Users\there\.jdks\corretto-11.0.22\bin\nio.dll
0x00007ffc392e0000 - 0x00007ffc39462000 	C:\Users\there\.jdks\corretto-11.0.22\bin\awt.dll
0x00007ffca56b0000 - 0x00007ffca5747000 	C:\Windows\SYSTEM32\apphelp.dll
0x00007ffca57b0000 - 0x00007ffca585a000 	C:\Windows\system32\uxtheme.dll
0x00007ffcaa420000 - 0x00007ffcaa573000 	C:\Windows\System32\MSCTF.dll
0x00007ffca97b0000 - 0x00007ffca9955000 	C:\Windows\System32\ole32.dll
0x00007ffca5a30000 - 0x00007ffca5a5b000 	C:\Windows\system32\DWMAPI.DLL
0x00007ffbd3340000 - 0x00007ffbd4379000 	C:\Users\there\.skiko\1af4ee19332ed4d6e49736b682169156441810a37589c852cea0529cd125890f\skiko-windows-x64.dll
0x00007ffc3c9a0000 - 0x00007ffc3caa0000 	C:\Windows\system32\opengl32.dll
0x00007ffc90b10000 - 0x00007ffc90b3d000 	C:\Windows\SYSTEM32\GLU32.dll
0x00007ffca6170000 - 0x00007ffca61a9000 	C:\Windows\SYSTEM32\dxcore.dll
0x00007ffc930c0000 - 0x00007ffc93268000 	C:\Windows\system32\d3d9.dll
0x00007ffca0470000 - 0x00007ffca052e000 	C:\Windows\System32\DriverStore\FileRepository\nvami.inf_amd64_ed81ad204162c085\nvldumdx.dll
0x00007ffca8a30000 - 0x00007ffca8a42000 	C:\Windows\SYSTEM32\msasn1.dll
0x00007ffc9d940000 - 0x00007ffc9d972000 	C:\Windows\SYSTEM32\cryptnet.dll
0x00007ffca8da0000 - 0x00007ffca8f07000 	C:\Windows\System32\CRYPT32.dll
0x00007ffc9d7e0000 - 0x00007ffc9d938000 	C:\Windows\SYSTEM32\drvstore.dll
0x00007ffca8a50000 - 0x00007ffca8a7c000 	C:\Windows\SYSTEM32\devobj.dll
0x00007ffca8a80000 - 0x00007ffca8ace000 	C:\Windows\SYSTEM32\cfgmgr32.dll
0x00007ffca8640000 - 0x00007ffca8689000 	C:\Windows\SYSTEM32\wldp.dll
0x00007ffca85b0000 - 0x00007ffca85bc000 	C:\Windows\SYSTEM32\cryptbase.dll
0x00007ffca8f10000 - 0x00007ffca8f7b000 	C:\Windows\System32\wintrust.dll
0x00007ffcaa9d0000 - 0x00007ffcaa9ef000 	C:\Windows\System32\imagehlp.dll
0x00007ffca8590000 - 0x00007ffca85ab000 	C:\Windows\SYSTEM32\CRYPTSP.dll
0x00007ffca7df0000 - 0x00007ffca7e25000 	C:\Windows\system32\rsaenh.dll
0x00007ffc936a0000 - 0x00007ffc958bd000 	C:\Windows\System32\DriverStore\FileRepository\nvami.inf_amd64_ed81ad204162c085\nvgpucomp64.dll
0x00007ffc17250000 - 0x00007ffc195ff000 	C:\Windows\System32\DriverStore\FileRepository\nvami.inf_amd64_ed81ad204162c085\nvd3dumx.dll
0x00007ffca1f10000 - 0x00007ffca1f59000 	C:\Windows\SYSTEM32\directxdatabasehelper.dll
0x00007ffc91790000 - 0x00007ffc91a61000 	C:\Windows\system32\nvspcap64.dll
0x00007ffca7eb0000 - 0x00007ffca7ee4000 	C:\Windows\SYSTEM32\ntmarta.dll
0x00007ffca83c0000 - 0x00007ffca83e6000 	C:\Windows\SYSTEM32\gpapi.dll
0x00007ffc3da20000 - 0x00007ffc3daa7000 	C:\Users\there\.jdks\corretto-11.0.22\bin\freetype.dll
0x00007ffc3c660000 - 0x00007ffc3c733000 	C:\Users\there\.jdks\corretto-11.0.22\bin\fontmanager.dll
0x00007ffca4a80000 - 0x00007ffca4cf3000 	C:\Windows\SYSTEM32\dwrite.dll
0x00007ffc8c980000 - 0x00007ffc8c987000 	C:\Users\there\.jdks\corretto-11.0.22\bin\jawt.dll
0x00007ffca5920000 - 0x00007ffca5a17000 	C:\Windows\SYSTEM32\Dxgi.dll
0x00007ffc66b00000 - 0x00007ffc66b26000 	C:\Windows\SYSTEM32\D3D12.dll
0x00007ffc390d0000 - 0x00007ffc392d2000 	C:\Windows\SYSTEM32\D3D12Core.dll
0x00007ffc59860000 - 0x00007ffc5d931000 	C:\Windows\System32\DriverStore\FileRepository\nvami.inf_amd64_ed81ad204162c085\nvwgf2umx.dll
0x00007ffca7c00000 - 0x00007ffca7c4d000 	C:\Windows\SYSTEM32\powrprof.dll
0x00007ffca7be0000 - 0x00007ffca7bf3000 	C:\Windows\SYSTEM32\UMPDC.dll
0x00007ffc3dbe0000 - 0x00007ffc3dc0f000 	C:\Windows\SYSTEM32\D3DSCache.dll
0x00007ffca8430000 - 0x00007ffca8458000 	C:\Windows\SYSTEM32\USERENV.dll
0x00007ffc9e010000 - 0x00007ffc9e29a000 	C:\Windows\SYSTEM32\twinapi.appcore.dll
0x00007ffca7880000 - 0x00007ffca78ad000 	C:\Windows\SYSTEM32\IPHLPAPI.DLL
0x00007ffcaa410000 - 0x00007ffcaa419000 	C:\Windows\System32\NSI.dll
0x00007ffca1fa0000 - 0x00007ffca1fb9000 	C:\Windows\SYSTEM32\dhcpcsvc6.DLL
0x00007ffca1f80000 - 0x00007ffca1f9f000 	C:\Windows\SYSTEM32\dhcpcsvc.DLL
0x00007ffca78b0000 - 0x00007ffca79a8000 	C:\Windows\SYSTEM32\DNSAPI.dll
0x00007ffca4820000 - 0x00007ffca4a74000 	C:\Windows\SYSTEM32\dcomp.dll
0x00007ffc8adc0000 - 0x00007ffc8af0d000 	C:\Windows\SYSTEM32\textinputframework.dll
0x00007ffca1f60000 - 0x00007ffca1f6a000 	C:\Windows\System32\rasadhlp.dll
0x00007ffc8be40000 - 0x00007ffc8c284000 	C:\Windows\System32\uiautomationcore.dll
0x00007ffca0940000 - 0x00007ffca09c3000 	C:\Windows\System32\fwpuclnt.dll
0x00007ffc96880000 - 0x00007ffc968e9000 	C:\Windows\System32\OLEACC.dll
0x00007ffcab350000 - 0x00007ffcab400000 	C:\Windows\System32\clbcatq.dll
0x00007ffc3d9f0000 - 0x00007ffc3da1d000 	C:\Users\there\.jdks\corretto-11.0.22\bin\javajpeg.dll
0x00007ffc3ef10000 - 0x00007ffc3ef22000 	C:\Users\there\.jdks\corretto-11.0.22\bin\jsound.dll
0x00007ffc8d5d0000 - 0x00007ffc8d672000 	C:\Windows\SYSTEM32\DSOUND.dll
0x00007ffc8c7f0000 - 0x00007ffc8c8a1000 	C:\Windows\SYSTEM32\ResampleDmo.DLL
0x00007ffc8db70000 - 0x00007ffc8db99000 	C:\Windows\SYSTEM32\winmmbase.dll
0x00007ffc890b0000 - 0x00007ffc890bb000 	C:\Windows\SYSTEM32\msdmo.dll
0x00007ffc9a3a0000 - 0x00007ffc9a43d000 	C:\Windows\System32\MMDevApi.dll
0x00007ffc20450000 - 0x00007ffc20496000 	C:\Windows\SYSTEM32\wdmaud.drv
0x00007ffc802a0000 - 0x00007ffc802a9000 	C:\Windows\SYSTEM32\ksuser.dll
0x00007ffca19c0000 - 0x00007ffca19cb000 	C:\Windows\SYSTEM32\AVRT.dll
0x00007ffc96340000 - 0x00007ffc9652c000 	C:\Windows\SYSTEM32\AUDIOSES.DLL
0x00007ffca4d60000 - 0x00007ffca4d6e000 	C:\Windows\SYSTEM32\msacm32.drv
0x00007ffc2d430000 - 0x00007ffc2d44e000 	C:\Windows\SYSTEM32\MSACM32.dll
0x00007ffc8a7b0000 - 0x00007ffc8a7bb000 	C:\Windows\SYSTEM32\midimap.dll
0x00007ffc90200000 - 0x00007ffc90375000 	C:\Windows\System32\Windows.UI.dll
0x00007ffca65b0000 - 0x00007ffca65c5000 	C:\Windows\SYSTEM32\resourcepolicyclient.dll
0x00007ffc3d9c0000 - 0x00007ffc3d9ea000 	C:\Users\there\jagexcache\runescape\LIVE\jaclib.dll
0x00007ffc9cc20000 - 0x00007ffc9cc30000 	C:\Windows\system32\wbem\wbemprox.dll
0x00007ffc9cba0000 - 0x00007ffc9cc20000 	C:\Windows\SYSTEM32\wbemcomn.dll
0x00007ffc97a20000 - 0x00007ffc97a34000 	C:\Windows\system32\wbem\wbemsvc.dll
0x00007ffc97a40000 - 0x00007ffc97b38000 	C:\Windows\system32\wbem\fastprox.dll
0x00007ffc88c90000 - 0x00007ffc88cad000 	C:\Windows\SYSTEM32\amsi.dll
0x00007ffc92620000 - 0x00007ffc926a1000 	C:\ProgramData\Microsoft\Windows Defender\Platform\4.18.24050.7-0\MpOav.dll
0x00007ffca0bb0000 - 0x00007ffca0d7e000 	C:\Windows\SYSTEM32\mfplat.dll
0x00007ffca0b70000 - 0x00007ffca0ba3000 	C:\Windows\SYSTEM32\RTWorkQ.DLL
0x00007ffc9ef80000 - 0x00007ffc9ef94000 	C:\Windows\SYSTEM32\DEVRTL.dll

dbghelp: loaded successfully - version: 4.0.5 - missing functions: none
symbol engine: initialized successfully - sym options: 0x614 - pdb path: .;C:\Users\there\.jdks\corretto-11.0.22\bin;C:\Windows\SYSTEM32;C:\Windows\WinSxS\amd64_microsoft.windows.common-controls_6595b64144ccf1df_6.0.22621.3672_none_2713b9d173822955;C:\Users\there\.jdks\corretto-11.0.22\bin\server;C:\Users\there\.skiko\1af4ee19332ed4d6e49736b682169156441810a37589c852cea0529cd125890f;C:\Windows\System32\DriverStore\FileRepository\nvami.inf_amd64_ed81ad204162c085;C:\Users\there\jagexcache\runescape\LIVE;C:\Windows\system32\wbem;C:\ProgramData\Microsoft\Windows Defender\Platform\4.18.24050.7-0;C:\Windows\System32\DriverStore\FileRepository\iigd_dch.inf_amd64_c7b02f5071f30130

VM Arguments:
jvm_args: -Dcompose.application.configure.swing.globals=true -Dcompose.application.resources.dir=C:\repo\Meteor\composeApp\build\compose\tmp\prepareAppResources -Xverify:none -Dfile.encoding=UTF-8 -Duser.country=US -Duser.language=en -Duser.variant 
java_command: meteor.Main
java_class_path (initial): C:\repo\Meteor\composeApp\build\libs\composeApp-2.0.5.jar;C:\repo\Meteor\libs\javacpp-1.5.10.jar;C:\repo\Meteor\libs\javacv-1.5.10.jar;C:\repo\Meteor\libs\openblas-0.3.26-1.5.10.jar;C:\repo\Meteor\libs\opencv-4.9.0-1.5.10.jar;C:\repo\Meteor\composeApp\src\desktopMain\resources\injected-client.jar;C:\repo\Meteor\libs\javacpp-1.5.10-windows-x86_64.jar;C:\repo\Meteor\libs\openblas-0.3.26-1.5.10-windows-x86_64.jar;C:\repo\Meteor\libs\opencv-4.9.0-1.5.10-windows-x86_64.jar;C:\repo\Meteor\eventbus\build\libs\eventbus-1.0-SNAPSHOT.jar;C:\repo\Meteor\api-rs\build\libs\api-rs-1.0.0.jar;C:\repo\Meteor\api\build\libs\api-1.0.0.jar;C:\Users\there\.gradle\caches\modules-2\files-2.1\org.jetbrains.skiko\skiko-awt-runtime-windows-x64\0.8.4\2edf3fdbe20d02b8fa39eed2dd5e8d70647c821\skiko-awt-runtime-windows-x64-0.8.4.jar;C:\Users\there\.gradle\caches\modules-2\files-2.1\org.jetbrains.compose.desktop\desktop-jvm\1.6.11\4c88c77f0770ee2c111199047d90ed5a47e4482b\desktop-jvm-1.6.11.jar;C:\Users\there\.gradle\caches\modules-2\files-2.1\org.jetbrains.compose.material\material-desktop\1.6.11\d3e4b632fadb752973fa898989e4666e986011e6\material-desktop-1.6.11.jar;C:\Users\there\.gradle\caches\modules-2\files-2.1\org.jetbrains.compose.material\material-ripple-desktop\1.6.11\81d8093be11dfbc4ce334bad9bcfc237f21ed701\material-ripple-desktop-1.6.11.jar;C:\Users\there\.gradle\caches\modules-2\files-2.1\org.jetbrains.compose.foundation\foundation-desktop\1.6.11\c9a646ef258f51a7be4929848e951ea02bb80ddf\foundation-desktop-1.6.11.jar;C:\Users\there\.gradle\caches\modules-2\files-2.1\org.jetbrains.compose.animation\animation-desktop\1.6.11\ce21e9b6dea3019932615f2211ddec7eb4525cd6\animation-desktop-1.6.11.jar;C:\Users\there\.gradle\caches\modules-2\files-2.1\org.jetbrains.compose.foundation\foundation-layout-desktop\1.6.11\da4289cf3f4f7b0ee49c7db8bd2f5db09aac6dee\foundation-layout-desktop-1.6.11.jar;C:\Users\there\.gradle\caches\modules-2\files-2.1\org.jetbrains.compose.animation
Launcher Type: SUN_STANDARD

[Global flags]
     bool BytecodeVerificationLocal                = false                                     {product} {command line}
     bool BytecodeVerificationRemote               = false                                     {product} {command line}
     intx CICompilerCount                          = 12                                        {product} {ergonomic}
     uint ConcGCThreads                            = 4                                         {product} {ergonomic}
     uint G1ConcRefinementThreads                  = 15                                        {product} {ergonomic}
   size_t G1HeapRegionSize                         = 1048576                                   {product} {ergonomic}
    uintx GCDrainStackTargetSize                   = 64                                        {product} {ergonomic}
   size_t InitialHeapSize                          = 264241152                                 {product} {ergonomic}
   size_t MarkStackSize                            = 4194304                                   {product} {ergonomic}
   size_t MaxHeapSize                              = 4198498304                                {product} {ergonomic}
   size_t MaxNewSize                               = 2518679552                                {product} {ergonomic}
   size_t MinHeapDeltaBytes                        = 1048576                                   {product} {ergonomic}
    uintx NonNMethodCodeHeapSize                   = 7594288                                {pd product} {ergonomic}
    uintx NonProfiledCodeHeapSize                  = 122031976                              {pd product} {ergonomic}
    uintx ProfiledCodeHeapSize                     = 122031976                              {pd product} {ergonomic}
    uintx ReservedCodeCacheSize                    = 251658240                              {pd product} {ergonomic}
     bool SegmentedCodeCache                       = true                                      {product} {ergonomic}
     bool UseCompressedClassPointers               = true                                 {lp64_product} {ergonomic}
     bool UseCompressedOops                        = true                                 {lp64_product} {ergonomic}
     bool UseG1GC                                  = true                                      {product} {ergonomic}
     bool UseLargePagesIndividualAllocation        = false                                  {pd product} {ergonomic}

Logging:
Log output configuration:
 #0: stdout all=warning uptime,level,tags
 #1: stderr all=off uptime,level,tags

Environment Variables:
PATH=C:\Program Files (x86)\VMware\VMware Player\bin\;C:\Python312\Scripts\;C:\Python312\;C:\Program Files\Common Files\Oracle\Java\javapath;C:\Windows\system32;C:\Windows;C:\Windows\System32\Wbem;C:\Windows\System32\WindowsPowerShell\v1.0\;C:\Windows\System32\OpenSSH\;C:\Program Files (x86)\NVIDIA Corporation\PhysX\Common;C:\Program Files\NVIDIA Corporation\NVIDIA NvDLISR;C:\Program Files\Git\cmd;C:\Program Files\dotnet\;C:\Program Files\nodejs\;C:\ProgramData\chocolatey\bin;C:\openblas\bin;C:\Users\there\.cargo\bin;C:\Users\there\AppData\Local\Microsoft\WindowsApps;C:\Users\there\AppData\Local\gitkraken\bin;C:\Users\there\AppData\Roaming\npm;C:\Users\there\AppData\Local\JetBrains\Toolbox\scripts;
USERNAME=there
OS=Windows_NT
PROCESSOR_IDENTIFIER=Intel64 Family 6 Model 186 Stepping 2, GenuineIntel
TMP=C:\Users\there\AppData\Local\Temp
TEMP=C:\Users\there\AppData\Local\Temp



---------------  S Y S T E M  ---------------

OS: Windows 11 , 64 bit Build 22621 (10.0.22621.3672)
OS uptime: 4 days 9:57 hours
Hyper-V role detected

CPU:total 20 (initial active 20) (10 cores per cpu, 2 threads per core) family 6 model 186 stepping 2 microcode 0x410e, cmov, cx8, fxsr, mmx, sse, sse2, sse3, ssse3, sse4.1, sse4.2, popcnt, avx, avx2, aes, clmul, erms, 3dnowpref, lzcnt, ht, tsc, tscinvbit, bmi1, bmi2, adx, sha, fma

Memory: 4k page, system-wide physical 16010M (172M free)
TotalPageFile size 43983M (AvailPageFile size 7237M)
current process WorkingSet (physical memory assigned to process): 486M, peak: 531M
current process commit charge ("private bytes"): 566M, peak: 636M

vm_info: OpenJDK 64-Bit Server VM (11.0.22+7-LTS) for windows-amd64 JRE (11.0.22+7-LTS), built on Jan 10 2024 19:54:00 by "Administrator" with MS VC++ 16.10 / 16.11 (VS2019)

END.
