#
# A fatal error has been detected by the Java Runtime Environment:
#
#  EXCEPTION_ACCESS_VIOLATION (0xc0000005) at pc=0x00007ffc38f27fd0, pid=78564, tid=61796
#
# JRE version: OpenJDK Runtime Environment Corretto-11.0.22.7.1 (11.0.22+7) (build 11.0.22+7-LTS)
# Java VM: OpenJDK 64-Bit Server VM Corretto-11.0.22.7.1 (11.0.22+7-LTS, mixed mode, tiered, compressed oops, g1 gc, windows-amd64)
# Problematic frame:
# C  0x00007ffc38f27fd0
#
# No core dump will be written. Minidumps are not enabled by default on client versions of Windows
#
# If you would like to submit a bug report, please visit:
#   https://github.com/corretto/corretto-11/issues/
# The crash happened outside the Java Virtual Machine in native code.
# See problematic frame for where to report the bug.
#

---------------  S U M M A R Y ------------

Command Line: -Dcompose.application.configure.swing.globals=true -Dcompose.application.resources.dir=C:\repo\Meteor\composeApp\build\compose\tmp\prepareAppResources -Xverify:none -Dfile.encoding=UTF-8 -Duser.country=US -Duser.language=en -Duser.variant meteor.Main

Host: 13th Gen Intel(R) Core(TM) i9-13900H, 20 cores, 15G,  Windows 11 , 64 bit Build 22621 (10.0.22621.3672)
Time: Fri Jun  7 04:32:04 2024 US Eastern Daylight Time elapsed time: 12.583233 seconds (0d 0h 0m 12s)

---------------  T H R E A D  ---------------

Current thread (0x000002208968c000):  JavaThread "Thread-7" daemon [_thread_in_native, id=61796, stack(0x000000d9ffe00000,0x000000d9fff00000)]

Stack: [0x000000d9ffe00000,0x000000d9fff00000],  sp=0x000000d9ffefe878,  free space=1018k
Native frames: (J=compiled Java code, j=interpreted, Vv=VM code, C=native code)
C  0x00007ffc38f27fd0

Java frames: (J=compiled Java code, j=interpreted, Vv=VM code)
j  jagdx.IDirect3DDevice.BeginScene(J)I+0
j  com.jagex.graphics.dx.DxToolkit.<init>(IIJJLjagdx/D3DDISPLAYMODE;Ljagdx/D3DPRESENT_PARAMETERS;Ljagdx/D3DCAPS;Lcom/jagex/graphics/MaterialList;Lcom/jagex/graphics/TextureList;Lcom/jagex/game/config/BillboardTypeList;Lcom/jagex/game/config/ParticleEmitterTypeList;Lcom/jagex/game/config/ParticleEffectorTypeList;Lcom/jagex/js5/Js5;I)V+861
j  com.jagex.graphics.dx.DxToolkit.method19043(Ljava/awt/Canvas;Lcom/jagex/graphics/MaterialList;Lcom/jagex/graphics/TextureList;Lcom/jagex/game/config/BillboardTypeList;Lcom/jagex/game/config/ParticleEmitterTypeList;Lcom/jagex/game/config/ParticleEffectorTypeList;Lcom/jagex/js5/Js5;Ljava/lang/Integer;)Lcom/jagex/graphics/Toolkit;+501
j  com.jagex.graphics.dx.DxToolkitFactory.create(Ljava/awt/Canvas;Lcom/jagex/graphics/MaterialList;Lcom/jagex/graphics/TextureList;Lcom/jagex/game/config/BillboardTypeList;Lcom/jagex/game/config/ParticleEmitterTypeList;Lcom/jagex/game/config/ParticleEffectorTypeList;Lcom/jagex/js5/Js5;I)Lcom/jagex/graphics/Toolkit;+28
j  com.jagex.graphics.Toolkit.create(ILjava/awt/Canvas;Lcom/jagex/graphics/MaterialList;Lcom/jagex/graphics/TextureList;Lcom/jagex/game/config/BillboardTypeList;Lcom/jagex/game/config/ParticleEmitterTypeList;Lcom/jagex/game/config/ParticleEffectorTypeList;Lcom/jagex/js5/Js5;III)Lcom/jagex/graphics/Toolkit;+81
j  com.jagex.graphics.Toolkit.create(ILjava/awt/Canvas;Lcom/jagex/graphics/MaterialList;Lcom/jagex/graphics/TextureList;Lcom/jagex/game/config/BillboardTypeList;Lcom/jagex/game/config/ParticleEmitterTypeList;Lcom/jagex/game/config/ParticleEffectorTypeList;Lcom/jagex/js5/Js5;I)Lcom/jagex/graphics/Toolkit;+48
j  rs2.client.Client.createToolkit(ILjava/lang/String;Z)V+239
j  rs2.client.Client.changeToolkit(ILjava/lang/String;Z)V+12
j  rs2.client.Client.getPerformanceMetric(II)I+36
j  com.jagex.game.clientoptions.Preferences.autosetup()Lcom/jagex/game/client/ClientAutoSetupResult;+135
j  com.jagex.game.clientoptions.Preferences.getAutoSetupResult()I+0
j  rs2.client.clientscript.ScriptRunner.autosetup_dosetup(Lcom/jagex/game/script/ClientScriptState;)V+0
j  rs2.client.clientscript.ScriptRunner.executeCommand(Lcom/jagex/game/script/ClientScriptCommand;Lcom/jagex/game/script/ClientScriptState;)V+11967
j  rs2.client.clientscript.ScriptRunner.executeScript(Lcom/jagex/game/script/ClientScript;ILcom/jagex/game/script/ClientScriptState;)V+389
j  rs2.client.clientscript.ScriptRunner.executeHookInnter(Lcom/jagex/game/script/HookRequest;I)V+405
j  rs2.client.clientscript.ScriptRunner.executeOnLoadComponents([Lcom/jagex/game/config/iftype/Component;)V+43
j  rs2.client.clientscript.ScriptRunner.executeOnLoad(I[I)V+23
j  rs2.client.Client.method7227(Z)V+120
j  com.jagex.game.load.Loading.method7622()I+2859
j  com.jagex.game.load.Loading.update()V+39
j  rs2.client.Client.mainloop()V+655
j  com.jagex.game.client.GameShell.mainloopwrapper()V+69
j  com.jagex.game.client.GameShell.run_inner()V+315
j  com.jagex.game.client.GameShell.run()V+1
j  java.lang.Thread.run()V+11 java.base@11.0.22
v  ~StubRoutines::call_stub

siginfo: EXCEPTION_ACCESS_VIOLATION (0xc0000005), reading address 0xffffffff80004005


Register to memory mapping:

RIP=0x00007ffc38f27fd0 points into unknown readable memory: 0xff48018b48088b49 | 49 8b 08 48 8b 01 48 ff
RAX=0x00007ffc38f27fd0 points into unknown readable memory: 0xff48018b48088b49 | 49 8b 08 48 8b 01 48 ff
RBX={method} {0x00000220920050c8} 'BeginScene' '(J)I' in 'jagdx/IDirect3DDevice'
RCX=0x000002208968c348 points into unknown readable memory: 0x00007ffbdf375eb0 | b0 5e 37 df fb 7f 00 00
RDX=0x000000d9ffefe908 is pointing into the stack for thread: 0x000002208968c000
RSP=0x000000d9ffefe878 is pointing into the stack for thread: 0x000002208968c000
RBP=0x000000d9ffefe8f8 is pointing into the stack for thread: 0x000002208968c000
RSI=0x00000007165361a0 is an oop: com.jagex.core.datastruct.Node 
{0x00000007165361a0} - klass: 'com/jagex/core/datastruct/Node'
 - ---- fields (total size 4 words):
 - public 'next' 'Lcom/jagex/core/datastruct/Node;' @12  a 'com/jagex/core/datastruct/Node'{0x00000007165361a0} (e2ca6c34)
 - public 'nodeId' 'J' @16  0 (0 0)
 - public 'prev' 'Lcom/jagex/core/datastruct/Node;' @24  a 'com/jagex/core/datastruct/Node'{0x00000007165361a0} (e2ca6c34)
RDI=0x00000220e16d9f40 is at code_begin+832 in an Interpreter codelet
invoke return entry points  [0x00000220e16d9c00, 0x00000220e16da600]  2560 bytes
R8 =0xffffffff80004005 is an unknown value
R9 =0x0000000000000004 is an unknown value
R10=0x00000220e16df748 is at code_begin+1000 in an Interpreter codelet
method entry point (kind = native)  [0x00000220e16df360, 0x00000220e16dfe00]  2720 bytes
R11=0x000000071653d2f8 is an oop: java.lang.Class 
{0x000000071653d2f8} - klass: 'java/lang/Class'
 - ---- fields (total size 14 words):
 - private volatile transient strict 'cachedConstructor' 'Ljava/lang/reflect/Constructor;' @12  NULL (0)
 - private volatile transient strict 'newInstanceCallerCache' 'Ljava/lang/Class;' @16  NULL (0)
 - private transient 'name' 'Ljava/lang/String;' @20  "jagdx.IDirect3DDevice"{0x000000071653d378} (e2ca7a6f)
 - private transient 'module' 'Ljava/lang/Module;' @24  a 'java/lang/Module'{0x0000000705cc5fc0} (e0b98bf8)
 - private final 'classLoader' 'Ljava/lang/ClassLoader;' @28  a 'jdk/internal/loader/ClassLoaders$AppClassLoader'{0x0000000705cc5f48} (e0b98be9)
 - private transient 'packageName' 'Ljava/lang/String;' @32  "jagdx"{0x00000007099e2f70} (e133c5ee)
 - private final strict 'componentType' 'Ljava/lang/Class;' @36  NULL (0)
 - private volatile transient strict 'reflectionData' 'Ljava/lang/ref/SoftReference;' @40  NULL (0)
 - private volatile transient 'genericInfo' 'Lsun/reflect/generics/repository/ClassRepository;' @44  NULL (0)
 - private volatile transient strict 'enumConstants' '[Ljava/lang/Object;' @48  NULL (0)
 - private volatile transient strict 'enumConstantDirectory' 'Ljava/util/Map;' @52  NULL (0)
 - private volatile transient 'annotationData' 'Ljava/lang/Class$AnnotationData;' @56  NULL (0)
 - private volatile transient 'annotationType' 'Lsun/reflect/annotation/AnnotationType;' @60  NULL (0)
 - transient 'classValueMap' 'Ljava/lang/ClassValue$ClassValueMap;' @64  NULL (0)
 - private volatile transient 'classRedefinedCount' 'I' @96  0
 - signature: Ljagdx/IDirect3DDevice;
 - fake entry for mirror: 'jagdx/IDirect3DDevice'
 - fake entry for array: NULL
 - fake entry for oop_size: 14
 - fake entry for static_oop_field_count: 0
R12=0x0 is NULL
R13={method} {0x00000220920050c8} 'BeginScene' '(J)I' in 'jagdx/IDirect3DDevice'
R14=0x000000d9ffefe920 is pointing into the stack for thread: 0x000002208968c000
R15=0x000002208968c000 is a thread


Registers:
RAX=0x00007ffc38f27fd0, RBX=0x00000220920050c0, RCX=0x000002208968c348, RDX=0x000000d9ffefe908
RSP=0x000000d9ffefe878, RBP=0x000000d9ffefe8f8, RSI=0x00000007165361a0, RDI=0x00000220e16d9f40
R8 =0xffffffff80004005, R9 =0x0000000000000004, R10=0x00000220e16df748, R11=0x000000071653d2f8
R12=0x0000000000000000, R13=0x00000220920050c0, R14=0x000000d9ffefe920, R15=0x000002208968c000
RIP=0x00007ffc38f27fd0, EFLAGS=0x0000000000010206

Top of Stack: (sp=0x000000d9ffefe878)
0x000000d9ffefe878:   00000220e16df777 00000220920050c0
0x000000d9ffefe888:   000000d9ffefe8f8 00000007165361a0
0x000000d9ffefe898:   000000d9ffefe908 00000220e16ebb8e
0x000000d9ffefe8a8:   00000220e16df416 000000d9ffefe8b0
0x000000d9ffefe8b8:   00000220920050c0 000000d9ffefe920
0x000000d9ffefe8c8:   0000022092005808 0000000000000000
0x000000d9ffefe8d8:   000000071653d2f8 00000220920050c0
0x000000d9ffefe8e8:   0000000000000000 000000d9ffefe918
0x000000d9ffefe8f8:   000000d9ffefe970 00000220e16d9f40
0x000000d9ffefe908:   000000071653d2f8 00000220e16dc6f6
0x000000d9ffefe918:   ffffffff80004005 0000000000000000
0x000000d9ffefe928:   000000d9ffefe928 0000022091fddbad
0x000000d9ffefe938:   000000d9ffefea08 0000022091fe34d8
0x000000d9ffefe948:   0000000000000000 000000071664bf58
0x000000d9ffefe958:   0000022091fddc38 000000d9ffefe918
0x000000d9ffefe968:   000000d9ffefe988 000000d9ffefea60 

Instructions: (pc=0x00007ffc38f27fd0)
0x00007ffc38f27ed0:   48 89 5c 24 08 55 56 57 41 54 41 55 48 83 ec 40
0x00007ffc38f27ee0:   48 8b 05 69 d1 00 00 48 33 c4 48 89 44 24 30 8b
0x00007ffc38f27ef0:   b4 24 90 00 00 00 8b ac 24 98 00 00 00 44 8b a4
0x00007ffc38f27f00:   24 a0 00 00 00 49 8b d8 4d 8b 00 48 8d 4c 24 20
0x00007ffc38f27f10:   48 8b 93 48 05 00 00 44 89 4c 24 20 89 74 24 24
0x00007ffc38f27f20:   89 6c 24 28 44 89 64 24 2c 41 8b f9 48 3b 11 75
0x00007ffc38f27f30:   11 48 8b 93 50 05 00 00 48 3b 51 08 75 04 33 c0
0x00007ffc38f27f40:   eb 05 1b c0 83 d8 ff 85 c0 74 30 49 8b 00 48 8d
0x00007ffc38f27f50:   54 24 20 49 8b c8 ff 90 58 02 00 00 85 c0 78 1d
0x00007ffc38f27f60:   89 bb 48 05 00 00 89 b3 4c 05 00 00 89 ab 50 05
0x00007ffc38f27f70:   00 00 44 89 a3 54 05 00 00 eb 02 33 c0 48 8b 4c
0x00007ffc38f27f80:   24 30 48 33 cc e8 86 90 ff ff 48 8b 5c 24 70 48
0x00007ffc38f27f90:   83 c4 40 41 5d 41 5c 5f 5e 5d c3 cc cc cc cc cc
0x00007ffc38f27fa0:   cc cc cc cc cc cc cc cc cc cc cc cc cc cc cc cc
0x00007ffc38f27fb0:   49 8b 08 48 8b 01 48 ff a0 50 01 00 00 cc cc cc
0x00007ffc38f27fc0:   cc cc cc cc cc cc cc cc cc cc cc cc cc cc cc cc
0x00007ffc38f27fd0:   49 8b 08 48 8b 01 48 ff a0 48 01 00 00 cc cc cc
0x00007ffc38f27fe0:   cc cc cc cc cc cc cc cc cc cc cc cc cc cc cc cc
0x00007ffc38f27ff0:   48 83 ec 48 49 8b 08 8b 84 24 80 00 00 00 f3 0f
0x00007ffc38f28000:   10 44 24 78 4c 8b 11 89 44 24 30 8b 44 24 70 f3
0x00007ffc38f28010:   0f 11 44 24 28 45 33 c0 33 d2 89 44 24 20 41 ff
0x00007ffc38f28020:   92 58 01 00 00 48 83 c4 48 c3 cc cc cc cc cc cc
0x00007ffc38f28030:   48 83 ec 28 49 8b 08 48 c7 44 24 40 00 00 00 00
0x00007ffc38f28040:   4c 8d 44 24 40 48 8b 01 ba 08 00 00 00 ff 90 b0
0x00007ffc38f28050:   03 00 00 48 8b 44 24 40 48 83 c4 28 c3 cc cc cc
0x00007ffc38f28060:   cc cc cc cc cc cc cc cc cc cc cc cc cc cc cc cc
0x00007ffc38f28070:   49 8b 08 4c 8b 44 24 28 41 8b d1 48 8b 01 44 8b
0x00007ffc38f28080:   4c 24 30 48 ff a0 f0 02 00 00 cc cc cc cc cc cc
0x00007ffc38f28090:   49 8b 08 4c 8b 44 24 28 41 8b d1 48 8b 01 44 8b
0x00007ffc38f280a0:   4c 24 30 48 ff a0 68 03 00 00 cc cc cc cc cc cc
0x00007ffc38f280b0:   48 89 5c 24 08 57 48 83 ec 20 49 8b 08 49 8b d9
0x00007ffc38f280c0:   49 8b f8 4d 39 88 40 0a 00 00 74 22 48 8b 01 48 


Stack slot to memory mapping:
stack at sp + 0 slots: 0x00000220e16df777 is at code_begin+1047 in an Interpreter codelet
method entry point (kind = native)  [0x00000220e16df360, 0x00000220e16dfe00]  2720 bytes
stack at sp + 1 slots: {method} {0x00000220920050c8} 'BeginScene' '(J)I' in 'jagdx/IDirect3DDevice'
stack at sp + 2 slots: 0x000000d9ffefe8f8 is pointing into the stack for thread: 0x000002208968c000
stack at sp + 3 slots: 0x00000007165361a0 is an oop: com.jagex.core.datastruct.Node 
{0x00000007165361a0} - klass: 'com/jagex/core/datastruct/Node'
 - ---- fields (total size 4 words):
 - public 'next' 'Lcom/jagex/core/datastruct/Node;' @12  a 'com/jagex/core/datastruct/Node'{0x00000007165361a0} (e2ca6c34)
 - public 'nodeId' 'J' @16  0 (0 0)
 - public 'prev' 'Lcom/jagex/core/datastruct/Node;' @24  a 'com/jagex/core/datastruct/Node'{0x00000007165361a0} (e2ca6c34)
stack at sp + 4 slots: 0x000000d9ffefe908 is pointing into the stack for thread: 0x000002208968c000
stack at sp + 5 slots: 0x00000220e16ebb8e is at code_begin+110 in an Interpreter codelet
getfield  180 getfield  [0x00000220e16ebb20, 0x00000220e16ebda0]  640 bytes
stack at sp + 6 slots: 0x00000220e16df416 is at code_begin+182 in an Interpreter codelet
method entry point (kind = native)  [0x00000220e16df360, 0x00000220e16dfe00]  2720 bytes
stack at sp + 7 slots: 0x000000d9ffefe8b0 is pointing into the stack for thread: 0x000002208968c000


---------------  P R O C E S S  ---------------

Threads class SMR info:
_java_thread_list=0x0000022080f70f60, length=40, elements={
0x00000220d8f50000, 0x00000220fe2f8800, 0x00000220fe2fc000, 0x00000220fe2f3000,
0x00000220fe2f4000, 0x00000220fe2f6000, 0x00000220fe349800, 0x00000220fe34a800,
0x00000220fe353800, 0x00000220fe541800, 0x00000220fec01800, 0x00000220fed41000,
0x00000220fed43800, 0x0000022080691800, 0x000002208055d000, 0x000002208055d800,
0x000002208007f800, 0x00000220feba9000, 0x0000022080c97000, 0x000002208968a000,
0x0000022089686000, 0x000002208968b000, 0x0000022089685000, 0x000002208968c000,
0x0000022089687800, 0x0000022089689800, 0x0000022089687000, 0x0000022089688800,
0x0000022089b32800, 0x0000022089b30000, 0x0000022089b31000, 0x0000022089b35000,
0x0000022089b36800, 0x0000022089b34000, 0x0000022089b37800, 0x0000022089b31800,
0x0000022089b39000, 0x000002208c5fd000, 0x000002208c5fa800, 0x000002208c5f9800
}

Java Threads: ( => current thread )
  0x00000220d8f50000 JavaThread "main" [_thread_blocked, id=67940, stack(0x000000d9fcc00000,0x000000d9fcd00000)]
  0x00000220fe2f8800 JavaThread "Reference Handler" daemon [_thread_blocked, id=42496, stack(0x000000d9fd300000,0x000000d9fd400000)]
  0x00000220fe2fc000 JavaThread "Finalizer" daemon [_thread_blocked, id=73272, stack(0x000000d9fd400000,0x000000d9fd500000)]
  0x00000220fe2f3000 JavaThread "Signal Dispatcher" daemon [_thread_blocked, id=46504, stack(0x000000d9fd500000,0x000000d9fd600000)]
  0x00000220fe2f4000 JavaThread "Attach Listener" daemon [_thread_blocked, id=67784, stack(0x000000d9fd600000,0x000000d9fd700000)]
  0x00000220fe2f6000 JavaThread "Service Thread" daemon [_thread_blocked, id=78284, stack(0x000000d9fd700000,0x000000d9fd800000)]
  0x00000220fe349800 JavaThread "C2 CompilerThread0" daemon [_thread_blocked, id=68088, stack(0x000000d9fd800000,0x000000d9fd900000)]
  0x00000220fe34a800 JavaThread "C1 CompilerThread0" daemon [_thread_blocked, id=77128, stack(0x000000d9fd900000,0x000000d9fda00000)]
  0x00000220fe353800 JavaThread "Sweeper thread" daemon [_thread_blocked, id=75952, stack(0x000000d9fda00000,0x000000d9fdb00000)]
  0x00000220fe541800 JavaThread "Common-Cleaner" daemon [_thread_blocked, id=75680, stack(0x000000d9fdd00000,0x000000d9fde00000)]
  0x00000220fec01800 JavaThread "Java2D Disposer" daemon [_thread_blocked, id=75868, stack(0x000000d9fe100000,0x000000d9fe200000)]
  0x00000220fed41000 JavaThread "AWT-Shutdown" [_thread_blocked, id=65052, stack(0x000000d9fe200000,0x000000d9fe300000)]
  0x00000220fed43800 JavaThread "AWT-Windows" daemon [_thread_in_native, id=67428, stack(0x000000d9fe300000,0x000000d9fe400000)]
  0x0000022080691800 JavaThread "Thread-0" [_thread_blocked, id=60760, stack(0x000000d9fe400000,0x000000d9fe500000)]
  0x000002208055d000 JavaThread "DefaultDispatcher-worker-1" daemon [_thread_blocked, id=70380, stack(0x000000d9fe500000,0x000000d9fe600000)]
  0x000002208055d800 JavaThread "DefaultDispatcher-worker-2" daemon [_thread_blocked, id=76908, stack(0x000000d9fe600000,0x000000d9fe700000)]
  0x000002208007f800 JavaThread "kotlinx.coroutines.DefaultExecutor" daemon [_thread_blocked, id=77552, stack(0x000000d9fec00000,0x000000d9fed00000)]
  0x00000220feba9000 JavaThread "Reference Cleaner" daemon [_thread_blocked, id=72640, stack(0x000000d9fed00000,0x000000d9fee00000)]
  0x0000022080c97000 JavaThread "AWT-EventQueue-0" [_thread_blocked, id=44020, stack(0x000000d9fef00000,0x000000d9ff000000)]
  0x000002208968a000 JavaThread "Thread-4" daemon [_thread_blocked, id=77676, stack(0x000000d9ff500000,0x000000d9ff600000)]
  0x0000022089686000 JavaThread "Thread-5" daemon [_thread_blocked, id=77996, stack(0x000000d9ffb00000,0x000000d9ffc00000)]
  0x000002208968b000 JavaThread "Thread-6" daemon [_thread_blocked, id=73604, stack(0x000000d9ffc00000,0x000000d9ffd00000)]
  0x0000022089685000 JavaThread "pool-1-thread-1" [_thread_blocked, id=57352, stack(0x000000d9ffd00000,0x000000d9ffe00000)]
=>0x000002208968c000 JavaThread "Thread-7" daemon [_thread_in_native, id=61796, stack(0x000000d9ffe00000,0x000000d9fff00000)]
  0x0000022089687800 JavaThread "D3D Screen Updater" daemon [_thread_blocked, id=71060, stack(0x000000d9fff00000,0x000000da00000000)]
  0x0000022089689800 JavaThread "Thread-8" daemon [_thread_blocked, id=78588, stack(0x000000d980110000,0x000000d980210000)]
  0x0000022089687000 JavaThread "Thread-9" daemon [_thread_blocked, id=78012, stack(0x000000d980210000,0x000000d980310000)]
  0x0000022089688800 JavaThread "Thread-10" daemon [_thread_blocked, id=63160, stack(0x000000d980310000,0x000000d980410000)]
  0x0000022089b32800 JavaThread "pool-2-thread-1" [_thread_blocked, id=70048, stack(0x000000d980510000,0x000000d980610000)]
  0x0000022089b30000 JavaThread "Keep-Alive-Timer" daemon [_thread_blocked, id=66904, stack(0x000000d980b10000,0x000000d980c10000)]
  0x0000022089b31000 JavaThread "pool-3-thread-1" daemon [_thread_blocked, id=12596, stack(0x000000d980c20000,0x000000d980d20000)]
  0x0000022089b35000 JavaThread "Thread-11" daemon [_thread_in_native, id=77396, stack(0x000000d980d20000,0x000000d980e20000)]
  0x0000022089b36800 JavaThread "Thread-12" daemon [_thread_blocked, id=78488, stack(0x000000d980e20000,0x000000d980f20000)]
  0x0000022089b34000 JavaThread "Java Sound Event Dispatcher" daemon [_thread_blocked, id=78344, stack(0x000000d981620000,0x000000d981720000)]
  0x0000022089b37800 JavaThread "Thread-13" daemon [_thread_blocked, id=37456, stack(0x000000d981920000,0x000000d981a20000)]
  0x0000022089b31800 JavaThread "Thread-14" daemon [_thread_blocked, id=78472, stack(0x000000d981a20000,0x000000d981b20000)]
  0x0000022089b39000 JavaThread "Thread-15" daemon [_thread_in_native, id=27812, stack(0x000000d981c20000,0x000000d981d20000)]
  0x000002208c5fd000 JavaThread "C1 CompilerThread1" daemon [_thread_blocked, id=71736, stack(0x000000d981320000,0x000000d981420000)]
  0x000002208c5fa800 JavaThread "C2 CompilerThread1" daemon [_thread_in_native, id=41020, stack(0x000000d981f20000,0x000000d982020000)]
  0x000002208c5f9800 JavaThread "C2 CompilerThread2" daemon [_thread_in_native, id=78796, stack(0x000000d982020000,0x000000d982120000)]

Other Threads:
  0x00000220fe2e6000 VMThread "VM Thread" [stack: 0x000000d9fd200000,0x000000d9fd300000] [id=78252]
  0x00000220fe52e800 WatcherThread [stack: 0x000000d9fdc00000,0x000000d9fdd00000] [id=23112]
  0x00000220d8f6b800 GCTaskThread "GC Thread#0" [stack: 0x000000d9fcd00000,0x000000d9fce00000] [id=76940]
  0x000002208085d000 GCTaskThread "GC Thread#1" [stack: 0x000000d9fe700000,0x000000d9fe800000] [id=77072]
  0x00000220808b7000 GCTaskThread "GC Thread#2" [stack: 0x000000d9fe800000,0x000000d9fe900000] [id=77016]
  0x00000220fef08000 GCTaskThread "GC Thread#3" [stack: 0x000000d9fe900000,0x000000d9fea00000] [id=70604]
  0x00000220fec0d000 GCTaskThread "GC Thread#4" [stack: 0x000000d9fea00000,0x000000d9feb00000] [id=76256]
  0x00000220fecac000 GCTaskThread "GC Thread#5" [stack: 0x000000d9feb00000,0x000000d9fec00000] [id=68328]
  0x0000022081803000 GCTaskThread "GC Thread#6" [stack: 0x000000d9fde00000,0x000000d9fdf00000] [id=70148]
  0x00000220817ed800 GCTaskThread "GC Thread#7" [stack: 0x000000d9fdf00000,0x000000d9fe000000] [id=67768]
  0x0000022089e3a000 GCTaskThread "GC Thread#8" [stack: 0x000000d980f20000,0x000000d981020000] [id=78124]
  0x0000022089e75800 GCTaskThread "GC Thread#9" [stack: 0x000000d981020000,0x000000d981120000] [id=68860]
  0x0000022089cd6800 GCTaskThread "GC Thread#10" [stack: 0x000000d981120000,0x000000d981220000] [id=78296]
  0x0000022089cd7000 GCTaskThread "GC Thread#11" [stack: 0x000000d981220000,0x000000d981320000] [id=74168]
  0x00000220d8fc7800 ConcurrentGCThread "G1 Main Marker" [stack: 0x000000d9fce00000,0x000000d9fcf00000] [id=69988]
  0x00000220d8fc9000 ConcurrentGCThread "G1 Conc#0" [stack: 0x000000d9fcf00000,0x000000d9fd000000] [id=77564]
  0x00000220806da000 ConcurrentGCThread "G1 Conc#1" [stack: 0x000000d9ff200000,0x000000d9ff300000] [id=61864]
  0x000002208060b800 ConcurrentGCThread "G1 Conc#2" [stack: 0x000000d9ff300000,0x000000d9ff400000] [id=66776]
  0x0000022081645000 ConcurrentGCThread "G1 Conc#3" [stack: 0x000000d9ff400000,0x000000d9ff500000] [id=62016]
  0x00000220fd92a000 ConcurrentGCThread "G1 Refine#0" [stack: 0x000000d9fd000000,0x000000d9fd100000] [id=73520]
  0x000002208ce47000 ConcurrentGCThread "G1 Refine#1" [stack: 0x000000d981e20000,0x000000d981f20000] [id=67260]
  0x00000220fd92b800 ConcurrentGCThread "G1 Young RemSet Sampling" [stack: 0x000000d9fd100000,0x000000d9fd200000] [id=40932]

Threads with active compile tasks:
C2 CompilerThread1    12650 2503 %     4       com.jagex.core.io.BZip2::decompress @ 593 (2125 bytes)
C2 CompilerThread2    12650 2479   !   4       com.jagex.audio.vorbis.VorbisSound::method3776 (3497 bytes)

VM state:not at safepoint (normal execution)

VM Mutex/Monitor currently owned by a thread: None

Heap address: 0x0000000705c00000, size: 4004 MB, Compressed Oops mode: Zero based, Oop shift amount: 3
Narrow klass base: 0x0000000800000000, Narrow klass shift: 0
Compressed class space size: 1073741824 Address: 0x0000000800000000

Heap:
 garbage-first heap   total 273408K, used 75570K [0x0000000705c00000, 0x0000000800000000)
  region size 1024K, 2 young (2048K), 0 survivors (0K)
 Metaspace       used 34453K, capacity 35006K, committed 35200K, reserved 1081344K
  class space    used 3480K, capacity 3712K, committed 3712K, reserved 1048576K
Heap Regions: E=young(eden), S=young(survivor), O=old, HS=humongous(starts), HC=humongous(continues), CS=collection set, F=free, A=archive, TAMS=top-at-mark-start (previous, next)
|   0|0x0000000705c00000, 0x0000000705cf7e90, 0x0000000705d00000| 96%| O|  |TAMS 0x0000000705c00000, 0x0000000705c00000| Untracked 
|   1|0x0000000705d00000, 0x0000000705dfffa8, 0x0000000705e00000| 99%| O|  |TAMS 0x0000000705d00000, 0x0000000705d00000| Untracked 
|   2|0x0000000705e00000, 0x0000000705f00000, 0x0000000705f00000|100%| O|  |TAMS 0x0000000705e00000, 0x0000000705e00000| Untracked 
|   3|0x0000000705f00000, 0x0000000705feeb68, 0x0000000706000000| 93%| O|  |TAMS 0x0000000705f00000, 0x0000000705f00000| Untracked 
|   4|0x0000000706000000, 0x00000007060dd1e0, 0x0000000706100000| 86%| O|  |TAMS 0x0000000706000000, 0x0000000706000000| Untracked 
|   5|0x0000000706100000, 0x0000000706200000, 0x0000000706200000|100%|HS|  |TAMS 0x0000000706100000, 0x0000000706100000| Untracked 
|   6|0x0000000706200000, 0x00000007062e4d90, 0x0000000706300000| 89%| O|  |TAMS 0x0000000706200000, 0x0000000706200000| Untracked 
|   7|0x0000000706300000, 0x00000007063f59b8, 0x0000000706400000| 95%| O|  |TAMS 0x0000000706300000, 0x0000000706300000| Untracked 
|   8|0x0000000706400000, 0x00000007064e51b8, 0x0000000706500000| 89%| O|  |TAMS 0x0000000706400000, 0x0000000706400000| Untracked 
|   9|0x0000000706500000, 0x00000007065f34c0, 0x0000000706600000| 95%| O|  |TAMS 0x0000000706500000, 0x0000000706500000| Untracked 
|  10|0x0000000706600000, 0x00000007066f4f18, 0x0000000706700000| 95%| O|  |TAMS 0x0000000706600000, 0x0000000706600000| Untracked 
|  11|0x0000000706700000, 0x00000007067fffc8, 0x0000000706800000| 99%| O|  |TAMS 0x0000000706700000, 0x0000000706700000| Untracked 
|  12|0x0000000706800000, 0x00000007068fb1d0, 0x0000000706900000| 98%| O|  |TAMS 0x0000000706800000, 0x0000000706800000| Untracked 
|  13|0x0000000706900000, 0x00000007069ef7e8, 0x0000000706a00000| 93%| O|  |TAMS 0x0000000706900000, 0x0000000706900000| Untracked 
|  14|0x0000000706a00000, 0x0000000706affee8, 0x0000000706b00000| 99%| O|  |TAMS 0x0000000706a00000, 0x0000000706a00000| Untracked 
|  15|0x0000000706b00000, 0x0000000706c00000, 0x0000000706c00000|100%|HS|  |TAMS 0x0000000706b00000, 0x0000000706b00000| Untracked 
|  16|0x0000000706c00000, 0x0000000706d00000, 0x0000000706d00000|100%|HC|  |TAMS 0x0000000706c00000, 0x0000000706c00000| Untracked 
|  17|0x0000000706d00000, 0x0000000706e00000, 0x0000000706e00000|100%|HC|  |TAMS 0x0000000706d00000, 0x0000000706d00000| Untracked 
|  18|0x0000000706e00000, 0x0000000706efffd0, 0x0000000706f00000| 99%| O|  |TAMS 0x0000000706e00000, 0x0000000706e00000| Untracked 
|  19|0x0000000706f00000, 0x0000000706ffff58, 0x0000000707000000| 99%| O|  |TAMS 0x0000000706f00000, 0x0000000706f00000| Untracked 
|  20|0x0000000707000000, 0x0000000707100000, 0x0000000707100000|100%| O|  |TAMS 0x0000000707000000, 0x0000000707000000| Untracked 
|  21|0x0000000707100000, 0x00000007071ffff0, 0x0000000707200000| 99%| O|  |TAMS 0x0000000707100000, 0x0000000707100000| Untracked 
|  22|0x0000000707200000, 0x00000007072ffff8, 0x0000000707300000| 99%| O|  |TAMS 0x0000000707200000, 0x0000000707200000| Untracked 
|  23|0x0000000707300000, 0x00000007073ffff8, 0x0000000707400000| 99%| O|  |TAMS 0x0000000707300000, 0x0000000707300000| Untracked 
|  24|0x0000000707400000, 0x00000007074fcd50, 0x0000000707500000| 98%| O|  |TAMS 0x0000000707400000, 0x0000000707400000| Untracked 
|  25|0x0000000707500000, 0x00000007075fffe8, 0x0000000707600000| 99%| O|  |TAMS 0x0000000707500000, 0x0000000707500000| Untracked 
|  26|0x0000000707600000, 0x0000000707700000, 0x0000000707700000|100%| O|  |TAMS 0x0000000707600000, 0x0000000707600000| Untracked 
|  27|0x0000000707700000, 0x00000007077ff3d8, 0x0000000707800000| 99%| O|  |TAMS 0x0000000707700000, 0x0000000707700000| Untracked 
|  28|0x0000000707800000, 0x00000007078f3a98, 0x0000000707900000| 95%| O|  |TAMS 0x0000000707800000, 0x0000000707800000| Untracked 
|  29|0x0000000707900000, 0x00000007079ffff0, 0x0000000707a00000| 99%| O|  |TAMS 0x0000000707900000, 0x0000000707900000| Untracked 
|  30|0x0000000707a00000, 0x0000000707aa83d8, 0x0000000707b00000| 65%| O|  |TAMS 0x0000000707a00000, 0x0000000707a00000| Untracked 
|  31|0x0000000707b00000, 0x0000000707bffde8, 0x0000000707c00000| 99%| O|  |TAMS 0x0000000707b00000, 0x0000000707b00000| Untracked 
|  32|0x0000000707c00000, 0x0000000707cfffd8, 0x0000000707d00000| 99%| O|  |TAMS 0x0000000707c00000, 0x0000000707c00000| Untracked 
|  33|0x0000000707d00000, 0x0000000707dfffe8, 0x0000000707e00000| 99%| O|  |TAMS 0x0000000707d00000, 0x0000000707d00000| Untracked 
|  34|0x0000000707e00000, 0x0000000707e00000, 0x0000000707f00000|  0%| F|  |TAMS 0x0000000707e00000, 0x0000000707e00000| Untracked 
|  35|0x0000000707f00000, 0x0000000707fc5d70, 0x0000000708000000| 77%| O|  |TAMS 0x0000000707f00000, 0x0000000707f00000| Untracked 
|  36|0x0000000708000000, 0x00000007080e74d0, 0x0000000708100000| 90%| O|  |TAMS 0x0000000708000000, 0x0000000708000000| Untracked 
|  37|0x0000000708100000, 0x00000007081ffff8, 0x0000000708200000| 99%| O|  |TAMS 0x0000000708100000, 0x0000000708100000| Untracked 
|  38|0x0000000708200000, 0x00000007082f0840, 0x0000000708300000| 93%| O|  |TAMS 0x0000000708200000, 0x0000000708200000| Untracked 
|  39|0x0000000708300000, 0x0000000708300000, 0x0000000708400000|  0%| F|  |TAMS 0x0000000708300000, 0x0000000708300000| Untracked 
|  40|0x0000000708400000, 0x00000007084b9530, 0x0000000708500000| 72%| O|  |TAMS 0x0000000708400000, 0x0000000708400000| Untracked 
|  41|0x0000000708500000, 0x0000000708500000, 0x0000000708600000|  0%| F|  |TAMS 0x0000000708500000, 0x0000000708500000| Untracked 
|  42|0x0000000708600000, 0x0000000708600000, 0x0000000708700000|  0%| F|  |TAMS 0x0000000708600000, 0x0000000708600000| Untracked 
|  43|0x0000000708700000, 0x00000007087cd8a0, 0x0000000708800000| 80%| O|  |TAMS 0x0000000708700000, 0x0000000708700000| Untracked 
|  44|0x0000000708800000, 0x00000007088fffe8, 0x0000000708900000| 99%| O|  |TAMS 0x0000000708800000, 0x0000000708800000| Untracked 
|  45|0x0000000708900000, 0x0000000708900000, 0x0000000708a00000|  0%| F|  |TAMS 0x0000000708900000, 0x0000000708900000| Untracked 
|  46|0x0000000708a00000, 0x0000000708a00000, 0x0000000708b00000|  0%| F|  |TAMS 0x0000000708a00000, 0x0000000708a00000| Untracked 
|  47|0x0000000708b00000, 0x0000000708b00000, 0x0000000708c00000|  0%| F|  |TAMS 0x0000000708b00000, 0x0000000708b00000| Untracked 
|  48|0x0000000708c00000, 0x0000000708cf2c98, 0x0000000708d00000| 94%| O|  |TAMS 0x0000000708c00000, 0x0000000708c00000| Untracked 
|  49|0x0000000708d00000, 0x0000000708d00000, 0x0000000708e00000|  0%| F|  |TAMS 0x0000000708d00000, 0x0000000708d00000| Untracked 
|  50|0x0000000708e00000, 0x0000000708ef3518, 0x0000000708f00000| 95%| O|  |TAMS 0x0000000708e00000, 0x0000000708e00000| Untracked 
|  51|0x0000000708f00000, 0x0000000708f00000, 0x0000000709000000|  0%| F|  |TAMS 0x0000000708f00000, 0x0000000708f00000| Untracked 
|  52|0x0000000709000000, 0x0000000709000000, 0x0000000709100000|  0%| F|  |TAMS 0x0000000709000000, 0x0000000709000000| Untracked 
|  53|0x0000000709100000, 0x00000007091f94d8, 0x0000000709200000| 97%| O|  |TAMS 0x0000000709100000, 0x0000000709100000| Untracked 
|  54|0x0000000709200000, 0x0000000709200000, 0x0000000709300000|  0%| F|  |TAMS 0x0000000709200000, 0x0000000709200000| Untracked 
|  55|0x0000000709300000, 0x0000000709300000, 0x0000000709400000|  0%| F|  |TAMS 0x0000000709300000, 0x0000000709300000| Untracked 
|  56|0x0000000709400000, 0x00000007094ffff0, 0x0000000709500000| 99%| O|  |TAMS 0x0000000709400000, 0x0000000709400000| Untracked 
|  57|0x0000000709500000, 0x0000000709500000, 0x0000000709600000|  0%| F|  |TAMS 0x0000000709500000, 0x0000000709500000| Untracked 
|  58|0x0000000709600000, 0x00000007096fff70, 0x0000000709700000| 99%| O|  |TAMS 0x0000000709600000, 0x0000000709600000| Untracked 
|  59|0x0000000709700000, 0x0000000709700000, 0x0000000709800000|  0%| F|  |TAMS 0x0000000709700000, 0x0000000709700000| Untracked 
|  60|0x0000000709800000, 0x0000000709800000, 0x0000000709900000|  0%| F|  |TAMS 0x0000000709800000, 0x0000000709800000| Untracked 
|  61|0x0000000709900000, 0x00000007099ffff0, 0x0000000709a00000| 99%| O|  |TAMS 0x0000000709900000, 0x0000000709900000| Untracked 
|  62|0x0000000709a00000, 0x0000000709b00000, 0x0000000709b00000|100%| O|  |TAMS 0x0000000709a00000, 0x0000000709a00000| Untracked 
|  63|0x0000000709b00000, 0x0000000709b00000, 0x0000000709c00000|  0%| F|  |TAMS 0x0000000709b00000, 0x0000000709b00000| Untracked 
|  64|0x0000000709c00000, 0x0000000709c00000, 0x0000000709d00000|  0%| F|  |TAMS 0x0000000709c00000, 0x0000000709c00000| Untracked 
|  65|0x0000000709d00000, 0x0000000709d00000, 0x0000000709e00000|  0%| F|  |TAMS 0x0000000709d00000, 0x0000000709d00000| Untracked 
|  66|0x0000000709e00000, 0x0000000709efffa8, 0x0000000709f00000| 99%| O|  |TAMS 0x0000000709e00000, 0x0000000709e00000| Untracked 
|  67|0x0000000709f00000, 0x0000000709fffff8, 0x000000070a000000| 99%| O|  |TAMS 0x0000000709f00000, 0x0000000709f00000| Untracked 
|  68|0x000000070a000000, 0x000000070a0ffff8, 0x000000070a100000| 99%| O|  |TAMS 0x000000070a000000, 0x000000070a000000| Untracked 
|  69|0x000000070a100000, 0x000000070a100000, 0x000000070a200000|  0%| F|  |TAMS 0x000000070a100000, 0x000000070a100000| Untracked 
|  70|0x000000070a200000, 0x000000070a2ff450, 0x000000070a300000| 99%| O|  |TAMS 0x000000070a200000, 0x000000070a200000| Untracked 
|  71|0x000000070a300000, 0x000000070a300000, 0x000000070a400000|  0%| F|  |TAMS 0x000000070a300000, 0x000000070a300000| Untracked 
|  72|0x000000070a400000, 0x000000070a4ffff0, 0x000000070a500000| 99%| O|  |TAMS 0x000000070a400000, 0x000000070a400000| Untracked 
|  73|0x000000070a500000, 0x000000070a500000, 0x000000070a600000|  0%| F|  |TAMS 0x000000070a500000, 0x000000070a500000| Untracked 
|  74|0x000000070a600000, 0x000000070a6afae0, 0x000000070a700000| 68%| O|  |TAMS 0x000000070a600000, 0x000000070a600000| Untracked 
|  75|0x000000070a700000, 0x000000070a7ece30, 0x000000070a800000| 92%| O|  |TAMS 0x000000070a700000, 0x000000070a700000| Untracked 
|  76|0x000000070a800000, 0x000000070a800000, 0x000000070a900000|  0%| F|  |TAMS 0x000000070a800000, 0x000000070a800000| Untracked 
|  77|0x000000070a900000, 0x000000070a9fffe0, 0x000000070aa00000| 99%| O|  |TAMS 0x000000070a900000, 0x000000070a900000| Untracked 
|  78|0x000000070aa00000, 0x000000070aa00000, 0x000000070ab00000|  0%| F|  |TAMS 0x000000070aa00000, 0x000000070aa00000| Untracked 
|  79|0x000000070ab00000, 0x000000070ab00000, 0x000000070ac00000|  0%| F|  |TAMS 0x000000070ab00000, 0x000000070ab00000| Untracked 
|  80|0x000000070ac00000, 0x000000070acd9c50, 0x000000070ad00000| 85%| O|  |TAMS 0x000000070ac00000, 0x000000070ac00000| Untracked 
|  81|0x000000070ad00000, 0x000000070ad00000, 0x000000070ae00000|  0%| F|  |TAMS 0x000000070ad00000, 0x000000070ad00000| Untracked 
|  82|0x000000070ae00000, 0x000000070ae00000, 0x000000070af00000|  0%| F|  |TAMS 0x000000070ae00000, 0x000000070ae00000| Untracked 
|  83|0x000000070af00000, 0x000000070af00000, 0x000000070b000000|  0%| F|  |TAMS 0x000000070af00000, 0x000000070af00000| Untracked 
|  84|0x000000070b000000, 0x000000070b100000, 0x000000070b100000|100%| O|  |TAMS 0x000000070b000000, 0x000000070b000000| Untracked 
|  85|0x000000070b100000, 0x000000070b100000, 0x000000070b200000|  0%| F|  |TAMS 0x000000070b100000, 0x000000070b100000| Untracked 
|  86|0x000000070b200000, 0x000000070b294aa8, 0x000000070b300000| 58%| O|  |TAMS 0x000000070b200000, 0x000000070b200000| Untracked 
|  87|0x000000070b300000, 0x000000070b300000, 0x000000070b400000|  0%| F|  |TAMS 0x000000070b300000, 0x000000070b300000| Untracked 
|  88|0x000000070b400000, 0x000000070b4ff880, 0x000000070b500000| 99%| O|  |TAMS 0x000000070b400000, 0x000000070b400000| Untracked 
|  89|0x000000070b500000, 0x000000070b5fe3b0, 0x000000070b600000| 99%| O|  |TAMS 0x000000070b500000, 0x000000070b500000| Untracked 
|  90|0x000000070b600000, 0x000000070b600000, 0x000000070b700000|  0%| F|  |TAMS 0x000000070b600000, 0x000000070b600000| Untracked 
|  91|0x000000070b700000, 0x000000070b700000, 0x000000070b800000|  0%| F|  |TAMS 0x000000070b700000, 0x000000070b700000| Untracked 
|  92|0x000000070b800000, 0x000000070b800000, 0x000000070b900000|  0%| F|  |TAMS 0x000000070b800000, 0x000000070b800000| Untracked 
|  93|0x000000070b900000, 0x000000070b9adb80, 0x000000070ba00000| 67%| O|  |TAMS 0x000000070b900000, 0x000000070b900000| Untracked 
|  94|0x000000070ba00000, 0x000000070baffc00, 0x000000070bb00000| 99%| O|  |TAMS 0x000000070ba00000, 0x000000070ba00000| Untracked 
|  95|0x000000070bb00000, 0x000000070bb00000, 0x000000070bc00000|  0%| F|  |TAMS 0x000000070bb00000, 0x000000070bb00000| Untracked 
|  96|0x000000070bc00000, 0x000000070bc00000, 0x000000070bd00000|  0%| F|  |TAMS 0x000000070bc00000, 0x000000070bc00000| Untracked 
|  97|0x000000070bd00000, 0x000000070bdd8ff0, 0x000000070be00000| 84%| O|  |TAMS 0x000000070bd00000, 0x000000070bd00000| Untracked 
|  98|0x000000070be00000, 0x000000070be00000, 0x000000070bf00000|  0%| F|  |TAMS 0x000000070be00000, 0x000000070be00000| Untracked 
|  99|0x000000070bf00000, 0x000000070bf00000, 0x000000070c000000|  0%| F|  |TAMS 0x000000070bf00000, 0x000000070bf00000| Untracked 
| 100|0x000000070c000000, 0x000000070c000000, 0x000000070c100000|  0%| F|  |TAMS 0x000000070c000000, 0x000000070c000000| Untracked 
| 101|0x000000070c100000, 0x000000070c1e84f8, 0x000000070c200000| 90%| O|  |TAMS 0x000000070c100000, 0x000000070c100000| Untracked 
| 102|0x000000070c200000, 0x000000070c2ffff8, 0x000000070c300000| 99%| O|  |TAMS 0x000000070c200000, 0x000000070c200000| Untracked 
| 103|0x000000070c300000, 0x000000070c3ffdb8, 0x000000070c400000| 99%| O|  |TAMS 0x000000070c300000, 0x000000070c300000| Untracked 
| 104|0x000000070c400000, 0x000000070c400000, 0x000000070c500000|  0%| F|  |TAMS 0x000000070c400000, 0x000000070c400000| Untracked 
| 105|0x000000070c500000, 0x000000070c500000, 0x000000070c600000|  0%| F|  |TAMS 0x000000070c500000, 0x000000070c500000| Untracked 
| 106|0x000000070c600000, 0x000000070c600000, 0x000000070c700000|  0%| F|  |TAMS 0x000000070c600000, 0x000000070c600000| Untracked 
| 107|0x000000070c700000, 0x000000070c700000, 0x000000070c800000|  0%| F|  |TAMS 0x000000070c700000, 0x000000070c700000| Untracked 
| 108|0x000000070c800000, 0x000000070c800000, 0x000000070c900000|  0%| F|  |TAMS 0x000000070c800000, 0x000000070c800000| Untracked 
| 109|0x000000070c900000, 0x000000070c900000, 0x000000070ca00000|  0%| F|  |TAMS 0x000000070c900000, 0x000000070c900000| Untracked 
| 110|0x000000070ca00000, 0x000000070ca00000, 0x000000070cb00000|  0%| F|  |TAMS 0x000000070ca00000, 0x000000070ca00000| Untracked 
| 111|0x000000070cb00000, 0x000000070cb00000, 0x000000070cc00000|  0%| F|  |TAMS 0x000000070cb00000, 0x000000070cb00000| Untracked 
| 112|0x000000070cc00000, 0x000000070cc00000, 0x000000070cd00000|  0%| F|  |TAMS 0x000000070cc00000, 0x000000070cc00000| Untracked 
| 113|0x000000070cd00000, 0x000000070cd00000, 0x000000070ce00000|  0%| F|  |TAMS 0x000000070cd00000, 0x000000070cd00000| Untracked 
| 114|0x000000070ce00000, 0x000000070ce00000, 0x000000070cf00000|  0%| F|  |TAMS 0x000000070ce00000, 0x000000070ce00000| Untracked 
| 115|0x000000070cf00000, 0x000000070cf00000, 0x000000070d000000|  0%| F|  |TAMS 0x000000070cf00000, 0x000000070cf00000| Untracked 
| 116|0x000000070d000000, 0x000000070d000000, 0x000000070d100000|  0%| F|  |TAMS 0x000000070d000000, 0x000000070d000000| Untracked 
| 117|0x000000070d100000, 0x000000070d100000, 0x000000070d200000|  0%| F|  |TAMS 0x000000070d100000, 0x000000070d100000| Untracked 
| 118|0x000000070d200000, 0x000000070d200000, 0x000000070d300000|  0%| F|  |TAMS 0x000000070d200000, 0x000000070d200000| Untracked 
| 119|0x000000070d300000, 0x000000070d300000, 0x000000070d400000|  0%| F|  |TAMS 0x000000070d300000, 0x000000070d300000| Untracked 
| 120|0x000000070d400000, 0x000000070d400000, 0x000000070d500000|  0%| F|  |TAMS 0x000000070d400000, 0x000000070d400000| Untracked 
| 121|0x000000070d500000, 0x000000070d500000, 0x000000070d600000|  0%| F|  |TAMS 0x000000070d500000, 0x000000070d500000| Untracked 
| 122|0x000000070d600000, 0x000000070d600000, 0x000000070d700000|  0%| F|  |TAMS 0x000000070d600000, 0x000000070d600000| Untracked 
| 123|0x000000070d700000, 0x000000070d700000, 0x000000070d800000|  0%| F|  |TAMS 0x000000070d700000, 0x000000070d700000| Untracked 
| 124|0x000000070d800000, 0x000000070d800000, 0x000000070d900000|  0%| F|  |TAMS 0x000000070d800000, 0x000000070d800000| Untracked 
| 125|0x000000070d900000, 0x000000070d900000, 0x000000070da00000|  0%| F|  |TAMS 0x000000070d900000, 0x000000070d900000| Untracked 
| 126|0x000000070da00000, 0x000000070da00000, 0x000000070db00000|  0%| F|  |TAMS 0x000000070da00000, 0x000000070da00000| Untracked 
| 127|0x000000070db00000, 0x000000070db00000, 0x000000070dc00000|  0%| F|  |TAMS 0x000000070db00000, 0x000000070db00000| Untracked 
| 128|0x000000070dc00000, 0x000000070dc00000, 0x000000070dd00000|  0%| F|  |TAMS 0x000000070dc00000, 0x000000070dc00000| Untracked 
| 129|0x000000070dd00000, 0x000000070dd00000, 0x000000070de00000|  0%| F|  |TAMS 0x000000070dd00000, 0x000000070dd00000| Untracked 
| 130|0x000000070de00000, 0x000000070de00000, 0x000000070df00000|  0%| F|  |TAMS 0x000000070de00000, 0x000000070de00000| Untracked 
| 131|0x000000070df00000, 0x000000070df00000, 0x000000070e000000|  0%| F|  |TAMS 0x000000070df00000, 0x000000070df00000| Untracked 
| 132|0x000000070e000000, 0x000000070e000000, 0x000000070e100000|  0%| F|  |TAMS 0x000000070e000000, 0x000000070e000000| Untracked 
| 133|0x000000070e100000, 0x000000070e100000, 0x000000070e200000|  0%| F|  |TAMS 0x000000070e100000, 0x000000070e100000| Untracked 
| 134|0x000000070e200000, 0x000000070e200000, 0x000000070e300000|  0%| F|  |TAMS 0x000000070e200000, 0x000000070e200000| Untracked 
| 135|0x000000070e300000, 0x000000070e300000, 0x000000070e400000|  0%| F|  |TAMS 0x000000070e300000, 0x000000070e300000| Untracked 
| 136|0x000000070e400000, 0x000000070e400000, 0x000000070e500000|  0%| F|  |TAMS 0x000000070e400000, 0x000000070e400000| Untracked 
| 137|0x000000070e500000, 0x000000070e500000, 0x000000070e600000|  0%| F|  |TAMS 0x000000070e500000, 0x000000070e500000| Untracked 
| 138|0x000000070e600000, 0x000000070e600000, 0x000000070e700000|  0%| F|  |TAMS 0x000000070e600000, 0x000000070e600000| Untracked 
| 139|0x000000070e700000, 0x000000070e700000, 0x000000070e800000|  0%| F|  |TAMS 0x000000070e700000, 0x000000070e700000| Untracked 
| 140|0x000000070e800000, 0x000000070e800000, 0x000000070e900000|  0%| F|  |TAMS 0x000000070e800000, 0x000000070e800000| Untracked 
| 141|0x000000070e900000, 0x000000070e900000, 0x000000070ea00000|  0%| F|  |TAMS 0x000000070e900000, 0x000000070e900000| Untracked 
| 142|0x000000070ea00000, 0x000000070ea00000, 0x000000070eb00000|  0%| F|  |TAMS 0x000000070ea00000, 0x000000070ea00000| Untracked 
| 143|0x000000070eb00000, 0x000000070eb00000, 0x000000070ec00000|  0%| F|  |TAMS 0x000000070eb00000, 0x000000070eb00000| Untracked 
| 144|0x000000070ec00000, 0x000000070ec00000, 0x000000070ed00000|  0%| F|  |TAMS 0x000000070ec00000, 0x000000070ec00000| Untracked 
| 145|0x000000070ed00000, 0x000000070ed00000, 0x000000070ee00000|  0%| F|  |TAMS 0x000000070ed00000, 0x000000070ed00000| Untracked 
| 146|0x000000070ee00000, 0x000000070eeffff8, 0x000000070ef00000| 99%| O|  |TAMS 0x000000070ee00000, 0x000000070ee00000| Untracked 
| 147|0x000000070ef00000, 0x000000070ef00000, 0x000000070f000000|  0%| F|  |TAMS 0x000000070ef00000, 0x000000070ef00000| Untracked 
| 148|0x000000070f000000, 0x000000070f000000, 0x000000070f100000|  0%| F|  |TAMS 0x000000070f000000, 0x000000070f000000| Untracked 
| 149|0x000000070f100000, 0x000000070f100000, 0x000000070f200000|  0%| F|  |TAMS 0x000000070f100000, 0x000000070f100000| Untracked 
| 150|0x000000070f200000, 0x000000070f200000, 0x000000070f300000|  0%| F|  |TAMS 0x000000070f200000, 0x000000070f200000| Untracked 
| 151|0x000000070f300000, 0x000000070f3ffff8, 0x000000070f400000| 99%| O|  |TAMS 0x000000070f300000, 0x000000070f300000| Untracked 
| 152|0x000000070f400000, 0x000000070f400000, 0x000000070f500000|  0%| F|  |TAMS 0x000000070f400000, 0x000000070f400000| Untracked 
| 153|0x000000070f500000, 0x000000070f500000, 0x000000070f600000|  0%| F|  |TAMS 0x000000070f500000, 0x000000070f500000| Untracked 
| 154|0x000000070f600000, 0x000000070f6ac228, 0x000000070f700000| 67%| O|  |TAMS 0x000000070f600000, 0x000000070f600000| Untracked 
| 155|0x000000070f700000, 0x000000070f700000, 0x000000070f800000|  0%| F|  |TAMS 0x000000070f700000, 0x000000070f700000| Untracked 
| 156|0x000000070f800000, 0x000000070f800000, 0x000000070f900000|  0%| F|  |TAMS 0x000000070f800000, 0x000000070f800000| Untracked 
| 157|0x000000070f900000, 0x000000070f900000, 0x000000070fa00000|  0%| F|  |TAMS 0x000000070f900000, 0x000000070f900000| Untracked 
| 158|0x000000070fa00000, 0x000000070fa00000, 0x000000070fb00000|  0%| F|  |TAMS 0x000000070fa00000, 0x000000070fa00000| Untracked 
| 159|0x000000070fb00000, 0x000000070fb00000, 0x000000070fc00000|  0%| F|  |TAMS 0x000000070fb00000, 0x000000070fb00000| Untracked 
| 160|0x000000070fc00000, 0x000000070fc00000, 0x000000070fd00000|  0%| F|  |TAMS 0x000000070fc00000, 0x000000070fc00000| Untracked 
| 161|0x000000070fd00000, 0x000000070fd00000, 0x000000070fe00000|  0%| F|  |TAMS 0x000000070fd00000, 0x000000070fd00000| Untracked 
| 162|0x000000070fe00000, 0x000000070fe00000, 0x000000070ff00000|  0%| F|  |TAMS 0x000000070fe00000, 0x000000070fe00000| Untracked 
| 163|0x000000070ff00000, 0x000000070ff00000, 0x0000000710000000|  0%| F|  |TAMS 0x000000070ff00000, 0x000000070ff00000| Untracked 
| 164|0x0000000710000000, 0x0000000710000000, 0x0000000710100000|  0%| F|  |TAMS 0x0000000710000000, 0x0000000710000000| Untracked 
| 165|0x0000000710100000, 0x0000000710100000, 0x0000000710200000|  0%| F|  |TAMS 0x0000000710100000, 0x0000000710100000| Untracked 
| 166|0x0000000710200000, 0x0000000710200000, 0x0000000710300000|  0%| F|  |TAMS 0x0000000710200000, 0x0000000710200000| Untracked 
| 167|0x0000000710300000, 0x0000000710300000, 0x0000000710400000|  0%| F|  |TAMS 0x0000000710300000, 0x0000000710300000| Untracked 
| 168|0x0000000710400000, 0x0000000710400000, 0x0000000710500000|  0%| F|  |TAMS 0x0000000710400000, 0x0000000710400000| Untracked 
| 169|0x0000000710500000, 0x0000000710500000, 0x0000000710600000|  0%| F|  |TAMS 0x0000000710500000, 0x0000000710500000| Untracked 
| 170|0x0000000710600000, 0x0000000710600000, 0x0000000710700000|  0%| F|  |TAMS 0x0000000710600000, 0x0000000710600000| Untracked 
| 171|0x0000000710700000, 0x0000000710700000, 0x0000000710800000|  0%| F|  |TAMS 0x0000000710700000, 0x0000000710700000| Untracked 
| 172|0x0000000710800000, 0x0000000710800000, 0x0000000710900000|  0%| F|  |TAMS 0x0000000710800000, 0x0000000710800000| Untracked 
| 173|0x0000000710900000, 0x0000000710900000, 0x0000000710a00000|  0%| F|  |TAMS 0x0000000710900000, 0x0000000710900000| Untracked 
| 174|0x0000000710a00000, 0x0000000710a00000, 0x0000000710b00000|  0%| F|  |TAMS 0x0000000710a00000, 0x0000000710a00000| Untracked 
| 175|0x0000000710b00000, 0x0000000710b00000, 0x0000000710c00000|  0%| F|  |TAMS 0x0000000710b00000, 0x0000000710b00000| Untracked 
| 176|0x0000000710c00000, 0x0000000710c00000, 0x0000000710d00000|  0%| F|  |TAMS 0x0000000710c00000, 0x0000000710c00000| Untracked 
| 177|0x0000000710d00000, 0x0000000710d00000, 0x0000000710e00000|  0%| F|  |TAMS 0x0000000710d00000, 0x0000000710d00000| Untracked 
| 178|0x0000000710e00000, 0x0000000710e00000, 0x0000000710f00000|  0%| F|  |TAMS 0x0000000710e00000, 0x0000000710e00000| Untracked 
| 179|0x0000000710f00000, 0x0000000710f00000, 0x0000000711000000|  0%| F|  |TAMS 0x0000000710f00000, 0x0000000710f00000| Untracked 
| 180|0x0000000711000000, 0x0000000711000000, 0x0000000711100000|  0%| F|  |TAMS 0x0000000711000000, 0x0000000711000000| Untracked 
| 181|0x0000000711100000, 0x0000000711100000, 0x0000000711200000|  0%| F|  |TAMS 0x0000000711100000, 0x0000000711100000| Untracked 
| 182|0x0000000711200000, 0x0000000711200000, 0x0000000711300000|  0%| F|  |TAMS 0x0000000711200000, 0x0000000711200000| Untracked 
| 183|0x0000000711300000, 0x0000000711300000, 0x0000000711400000|  0%| F|  |TAMS 0x0000000711300000, 0x0000000711300000| Untracked 
| 184|0x0000000711400000, 0x0000000711400000, 0x0000000711500000|  0%| F|  |TAMS 0x0000000711400000, 0x0000000711400000| Untracked 
| 185|0x0000000711500000, 0x0000000711500000, 0x0000000711600000|  0%| F|  |TAMS 0x0000000711500000, 0x0000000711500000| Untracked 
| 186|0x0000000711600000, 0x0000000711600000, 0x0000000711700000|  0%| F|  |TAMS 0x0000000711600000, 0x0000000711600000| Untracked 
| 187|0x0000000711700000, 0x0000000711700000, 0x0000000711800000|  0%| F|  |TAMS 0x0000000711700000, 0x0000000711700000| Untracked 
| 188|0x0000000711800000, 0x0000000711800000, 0x0000000711900000|  0%| F|  |TAMS 0x0000000711800000, 0x0000000711800000| Untracked 
| 189|0x0000000711900000, 0x0000000711900000, 0x0000000711a00000|  0%| F|  |TAMS 0x0000000711900000, 0x0000000711900000| Untracked 
| 190|0x0000000711a00000, 0x0000000711a00000, 0x0000000711b00000|  0%| F|  |TAMS 0x0000000711a00000, 0x0000000711a00000| Untracked 
| 191|0x0000000711b00000, 0x0000000711b00000, 0x0000000711c00000|  0%| F|  |TAMS 0x0000000711b00000, 0x0000000711b00000| Untracked 
| 192|0x0000000711c00000, 0x0000000711c00000, 0x0000000711d00000|  0%| F|  |TAMS 0x0000000711c00000, 0x0000000711c00000| Untracked 
| 193|0x0000000711d00000, 0x0000000711d00000, 0x0000000711e00000|  0%| F|  |TAMS 0x0000000711d00000, 0x0000000711d00000| Untracked 
| 194|0x0000000711e00000, 0x0000000711e00000, 0x0000000711f00000|  0%| F|  |TAMS 0x0000000711e00000, 0x0000000711e00000| Untracked 
| 195|0x0000000711f00000, 0x0000000711f00000, 0x0000000712000000|  0%| F|  |TAMS 0x0000000711f00000, 0x0000000711f00000| Untracked 
| 196|0x0000000712000000, 0x0000000712000000, 0x0000000712100000|  0%| F|  |TAMS 0x0000000712000000, 0x0000000712000000| Untracked 
| 197|0x0000000712100000, 0x0000000712100000, 0x0000000712200000|  0%| F|  |TAMS 0x0000000712100000, 0x0000000712100000| Untracked 
| 198|0x0000000712200000, 0x0000000712200000, 0x0000000712300000|  0%| F|  |TAMS 0x0000000712200000, 0x0000000712200000| Untracked 
| 199|0x0000000712300000, 0x0000000712300000, 0x0000000712400000|  0%| F|  |TAMS 0x0000000712300000, 0x0000000712300000| Untracked 
| 200|0x0000000712400000, 0x0000000712400000, 0x0000000712500000|  0%| F|  |TAMS 0x0000000712400000, 0x0000000712400000| Untracked 
| 201|0x0000000712500000, 0x0000000712500000, 0x0000000712600000|  0%| F|  |TAMS 0x0000000712500000, 0x0000000712500000| Untracked 
| 202|0x0000000712600000, 0x0000000712600000, 0x0000000712700000|  0%| F|  |TAMS 0x0000000712600000, 0x0000000712600000| Untracked 
| 203|0x0000000712700000, 0x0000000712700000, 0x0000000712800000|  0%| F|  |TAMS 0x0000000712700000, 0x0000000712700000| Untracked 
| 204|0x0000000712800000, 0x0000000712800000, 0x0000000712900000|  0%| F|  |TAMS 0x0000000712800000, 0x0000000712800000| Untracked 
| 205|0x0000000712900000, 0x0000000712900000, 0x0000000712a00000|  0%| F|  |TAMS 0x0000000712900000, 0x0000000712900000| Untracked 
| 206|0x0000000712a00000, 0x0000000712a00000, 0x0000000712b00000|  0%| F|  |TAMS 0x0000000712a00000, 0x0000000712a00000| Untracked 
| 207|0x0000000712b00000, 0x0000000712b00000, 0x0000000712c00000|  0%| F|  |TAMS 0x0000000712b00000, 0x0000000712b00000| Untracked 
| 208|0x0000000712c00000, 0x0000000712c00000, 0x0000000712d00000|  0%| F|  |TAMS 0x0000000712c00000, 0x0000000712c00000| Untracked 
| 209|0x0000000712d00000, 0x0000000712d00000, 0x0000000712e00000|  0%| F|  |TAMS 0x0000000712d00000, 0x0000000712d00000| Untracked 
| 210|0x0000000712e00000, 0x0000000712e00000, 0x0000000712f00000|  0%| F|  |TAMS 0x0000000712e00000, 0x0000000712e00000| Untracked 
| 211|0x0000000712f00000, 0x0000000712f00000, 0x0000000713000000|  0%| F|  |TAMS 0x0000000712f00000, 0x0000000712f00000| Untracked 
| 212|0x0000000713000000, 0x0000000713000000, 0x0000000713100000|  0%| F|  |TAMS 0x0000000713000000, 0x0000000713000000| Untracked 
| 213|0x0000000713100000, 0x0000000713100000, 0x0000000713200000|  0%| F|  |TAMS 0x0000000713100000, 0x0000000713100000| Untracked 
| 214|0x0000000713200000, 0x0000000713200000, 0x0000000713300000|  0%| F|  |TAMS 0x0000000713200000, 0x0000000713200000| Untracked 
| 215|0x0000000713300000, 0x0000000713300000, 0x0000000713400000|  0%| F|  |TAMS 0x0000000713300000, 0x0000000713300000| Untracked 
| 216|0x0000000713400000, 0x0000000713400000, 0x0000000713500000|  0%| F|  |TAMS 0x0000000713400000, 0x0000000713400000| Untracked 
| 217|0x0000000713500000, 0x0000000713500000, 0x0000000713600000|  0%| F|  |TAMS 0x0000000713500000, 0x0000000713500000| Untracked 
| 218|0x0000000713600000, 0x0000000713600000, 0x0000000713700000|  0%| F|  |TAMS 0x0000000713600000, 0x0000000713600000| Untracked 
| 219|0x0000000713700000, 0x0000000713700000, 0x0000000713800000|  0%| F|  |TAMS 0x0000000713700000, 0x0000000713700000| Untracked 
| 220|0x0000000713800000, 0x0000000713800000, 0x0000000713900000|  0%| F|  |TAMS 0x0000000713800000, 0x0000000713800000| Untracked 
| 221|0x0000000713900000, 0x0000000713900000, 0x0000000713a00000|  0%| F|  |TAMS 0x0000000713900000, 0x0000000713900000| Untracked 
| 222|0x0000000713a00000, 0x0000000713a00000, 0x0000000713b00000|  0%| F|  |TAMS 0x0000000713a00000, 0x0000000713a00000| Untracked 
| 223|0x0000000713b00000, 0x0000000713b00000, 0x0000000713c00000|  0%| F|  |TAMS 0x0000000713b00000, 0x0000000713b00000| Untracked 
| 224|0x0000000713c00000, 0x0000000713c00000, 0x0000000713d00000|  0%| F|  |TAMS 0x0000000713c00000, 0x0000000713c00000| Untracked 
| 225|0x0000000713d00000, 0x0000000713d00000, 0x0000000713e00000|  0%| F|  |TAMS 0x0000000713d00000, 0x0000000713d00000| Untracked 
| 226|0x0000000713e00000, 0x0000000713f00000, 0x0000000713f00000|100%| O|  |TAMS 0x0000000713e00000, 0x0000000713e00000| Untracked 
| 227|0x0000000713f00000, 0x0000000713fffff8, 0x0000000714000000| 99%| O|  |TAMS 0x0000000713f00000, 0x0000000713f00000| Untracked 
| 228|0x0000000714000000, 0x0000000714100000, 0x0000000714100000|100%| O|  |TAMS 0x0000000714000000, 0x0000000714000000| Untracked 
| 229|0x0000000714100000, 0x00000007141fffe8, 0x0000000714200000| 99%| O|  |TAMS 0x0000000714100000, 0x0000000714100000| Untracked 
| 230|0x0000000714200000, 0x0000000714230690, 0x0000000714300000| 18%| O|  |TAMS 0x0000000714200000, 0x0000000714200000| Untracked 
| 231|0x0000000714300000, 0x0000000714300000, 0x0000000714400000|  0%| F|  |TAMS 0x0000000714300000, 0x0000000714300000| Untracked 
| 232|0x0000000714400000, 0x0000000714400000, 0x0000000714500000|  0%| F|  |TAMS 0x0000000714400000, 0x0000000714400000| Untracked 
| 233|0x0000000714500000, 0x0000000714500000, 0x0000000714600000|  0%| F|  |TAMS 0x0000000714500000, 0x0000000714500000| Untracked 
| 234|0x0000000714600000, 0x00000007146fffe0, 0x0000000714700000| 99%| O|  |TAMS 0x0000000714600000, 0x0000000714600000| Untracked 
| 235|0x0000000714700000, 0x00000007147fff70, 0x0000000714800000| 99%| O|  |TAMS 0x0000000714700000, 0x0000000714700000| Untracked 
| 236|0x0000000714800000, 0x0000000714800000, 0x0000000714900000|  0%| F|  |TAMS 0x0000000714800000, 0x0000000714800000| Untracked 
| 237|0x0000000714900000, 0x00000007149202c0, 0x0000000714a00000| 12%| O|  |TAMS 0x0000000714900000, 0x0000000714900000| Untracked 
| 238|0x0000000714a00000, 0x0000000714a00000, 0x0000000714b00000|  0%| F|  |TAMS 0x0000000714a00000, 0x0000000714a00000| Untracked 
| 239|0x0000000714b00000, 0x0000000714b00000, 0x0000000714c00000|  0%| F|  |TAMS 0x0000000714b00000, 0x0000000714b00000| Untracked 
| 240|0x0000000714c00000, 0x0000000714c00000, 0x0000000714d00000|  0%| F|  |TAMS 0x0000000714c00000, 0x0000000714c00000| Untracked 
| 241|0x0000000714d00000, 0x0000000714d00000, 0x0000000714e00000|  0%| F|  |TAMS 0x0000000714d00000, 0x0000000714d00000| Untracked 
| 242|0x0000000714e00000, 0x0000000714e00000, 0x0000000714f00000|  0%| F|  |TAMS 0x0000000714e00000, 0x0000000714e00000| Untracked 
| 243|0x0000000714f00000, 0x0000000714f00000, 0x0000000715000000|  0%| F|  |TAMS 0x0000000714f00000, 0x0000000714f00000| Untracked 
| 244|0x0000000715000000, 0x0000000715000000, 0x0000000715100000|  0%| F|  |TAMS 0x0000000715000000, 0x0000000715000000| Untracked 
| 245|0x0000000715100000, 0x0000000715100000, 0x0000000715200000|  0%| F|  |TAMS 0x0000000715100000, 0x0000000715100000| Untracked 
| 246|0x0000000715200000, 0x0000000715200000, 0x0000000715300000|  0%| F|  |TAMS 0x0000000715200000, 0x0000000715200000| Untracked 
| 247|0x0000000715300000, 0x0000000715300000, 0x0000000715400000|  0%| F|  |TAMS 0x0000000715300000, 0x0000000715300000| Untracked 
| 248|0x0000000715400000, 0x0000000715400000, 0x0000000715500000|  0%| F|  |TAMS 0x0000000715400000, 0x0000000715400000| Untracked 
| 249|0x0000000715500000, 0x0000000715500000, 0x0000000715600000|  0%| F|  |TAMS 0x0000000715500000, 0x0000000715500000| Untracked 
| 250|0x0000000715600000, 0x0000000715600000, 0x0000000715700000|  0%| F|  |TAMS 0x0000000715600000, 0x0000000715600000| Untracked 
| 251|0x0000000715700000, 0x0000000715700000, 0x0000000715800000|  0%| F|  |TAMS 0x0000000715700000, 0x0000000715700000| Untracked 
| 252|0x0000000715800000, 0x0000000715800000, 0x0000000715900000|  0%| F|  |TAMS 0x0000000715800000, 0x0000000715800000| Untracked 
| 253|0x0000000715900000, 0x0000000715900000, 0x0000000715a00000|  0%| F|  |TAMS 0x0000000715900000, 0x0000000715900000| Untracked 
| 254|0x0000000715a00000, 0x0000000715a00000, 0x0000000715b00000|  0%| F|  |TAMS 0x0000000715a00000, 0x0000000715a00000| Untracked 
| 255|0x0000000715b00000, 0x0000000715b00000, 0x0000000715c00000|  0%| F|  |TAMS 0x0000000715b00000, 0x0000000715b00000| Untracked 
| 256|0x0000000715c00000, 0x0000000715c00000, 0x0000000715d00000|  0%| F|  |TAMS 0x0000000715c00000, 0x0000000715c00000| Untracked 
| 257|0x0000000715d00000, 0x0000000715d2e040, 0x0000000715e00000| 17%| O|  |TAMS 0x0000000715d00000, 0x0000000715d00000| Untracked 
| 258|0x0000000715e00000, 0x0000000715e39878, 0x0000000715f00000| 22%| O|  |TAMS 0x0000000715e00000, 0x0000000715e00000| Untracked 
| 259|0x0000000715f00000, 0x0000000715f00000, 0x0000000716000000|  0%| F|  |TAMS 0x0000000715f00000, 0x0000000715f00000| Untracked 
| 260|0x0000000716000000, 0x0000000716000000, 0x0000000716100000|  0%| F|  |TAMS 0x0000000716000000, 0x0000000716000000| Untracked 
| 261|0x0000000716100000, 0x0000000716100000, 0x0000000716200000|  0%| F|  |TAMS 0x0000000716100000, 0x0000000716100000| Untracked 
| 262|0x0000000716200000, 0x0000000716200000, 0x0000000716300000|  0%| F|  |TAMS 0x0000000716200000, 0x0000000716200000| Untracked 
| 263|0x0000000716300000, 0x0000000716300000, 0x0000000716400000|  0%| F|  |TAMS 0x0000000716300000, 0x0000000716300000| Untracked 
| 264|0x0000000716400000, 0x0000000716400000, 0x0000000716500000|  0%| F|  |TAMS 0x0000000716400000, 0x0000000716400000| Untracked 
| 265|0x0000000716500000, 0x00000007165bad98, 0x0000000716600000| 72%| E|  |TAMS 0x0000000716500000, 0x0000000716500000| Complete 
| 266|0x0000000716600000, 0x0000000716700000, 0x0000000716700000|100%| E|CS|TAMS 0x0000000716600000, 0x0000000716600000| Complete 

Card table byte_map: [0x00000220f1960000,0x00000220f2140000] _byte_map_base: 0x00000220ee132000

Marking Bits (Prev, Next): (CMBitMap*) 0x00000220d8fb7180, (CMBitMap*) 0x00000220d8fb7148
 Prev Bits: [0x00000220f67b0000, 0x00000220fa640000)
 Next Bits: [0x00000220f2920000, 0x00000220f67b0000)

Polling page: 0x00000220d8710000

Metaspace:

Usage:
  Non-class:     30.56 MB capacity,    30.25 MB ( 99%) used,   250.69 KB ( <1%) free+waste,    70.06 KB ( <1%) overhead. 
      Class:      3.62 MB capacity,     3.40 MB ( 94%) used,   198.16 KB (  5%) free+waste,    33.31 KB ( <1%) overhead. 
       Both:     34.19 MB capacity,    33.65 MB ( 98%) used,   448.85 KB (  1%) free+waste,   103.38 KB ( <1%) overhead. 

Virtual space:
  Non-class space:       32.00 MB reserved,      30.75 MB ( 96%) committed 
      Class space:        1.00 GB reserved,       3.62 MB ( <1%) committed 
             Both:        1.03 GB reserved,      34.38 MB (  3%) committed 

Chunk freelists:
   Non-Class:  130.00 KB
       Class:  0 bytes
        Both:  130.00 KB

MaxMetaspaceSize: 17179869184.00 GB
CompressedClassSpaceSize: 1.00 GB
Initial GC threshold: 20.80 MB
Current GC threshold: 56.88 MB
CDS: off

CodeHeap 'non-profiled nmethods': size=119168Kb used=2262Kb max_used=2262Kb free=116905Kb
 bounds [0x00000220e9270000, 0x00000220e94e0000, 0x00000220f06d0000]
CodeHeap 'profiled nmethods': size=119168Kb used=5862Kb max_used=5862Kb free=113305Kb
 bounds [0x00000220e1e10000, 0x00000220e23d0000, 0x00000220e9270000]
CodeHeap 'non-nmethods': size=7424Kb used=2260Kb max_used=3424Kb free=5163Kb
 bounds [0x00000220e16d0000, 0x00000220e1a40000, 0x00000220e1e10000]
 total_blobs=3626 nmethods=2521 adapters=1016
 compilation: enabled
              stopped_count=0, restarted_count=0
 full_count=0

Compilation events (20 events):
Event: 12.444 Thread 0x000002208c5fd000 nmethod 2516 0x00000220e23bb710 code [0x00000220e23bbb80, 0x00000220e23bf008]
Event: 12.444 Thread 0x000002208c5fd000 2518       3       com.jagex.game.config.vartype.constants.BaseVarType::values (35 bytes)
Event: 12.445 Thread 0x00000220fe34a800 nmethod 2517 0x00000220e23bfd90 code [0x00000220e23bff60, 0x00000220e23c0248]
Event: 12.445 Thread 0x000002208c5fd000 nmethod 2518 0x00000220e23c0390 code [0x00000220e23c05a0, 0x00000220e23c0f58]
Event: 12.448 Thread 0x00000220fe349800 2519       4       com.jagex.core.datastruct.SecondaryLinkedList::pushBack (47 bytes)
Event: 12.455 Thread 0x00000220fe349800 nmethod 2519 0x00000220e94a4b90 code [0x00000220e94a4d20, 0x00000220e94a5378]
Event: 12.455 Thread 0x00000220fe34a800 2520       3       rs2.client.clientscript.ScriptRunner::push_constant_int (28 bytes)
Event: 12.455 Thread 0x00000220fe34a800 nmethod 2520 0x00000220e23c1110 code [0x00000220e23c12c0, 0x00000220e23c1418]
Event: 12.455 Thread 0x000002208c5fd000 2521       3       jdk.internal.reflect.ClassFileAssembler::emitShort (24 bytes)
Event: 12.455 Thread 0x00000220fe34a800 2522       3       jdk.internal.reflect.ClassFileAssembler::cpi (22 bytes)
Event: 12.455 Thread 0x00000220fe34a800 nmethod 2522 0x00000220e23c1590 code [0x00000220e23c1760, 0x00000220e23c1968]
Event: 12.455 Thread 0x000002208c5fd000 nmethod 2521 0x00000220e23c1a10 code [0x00000220e23c1c00, 0x00000220e23c1ef8]
Event: 12.456 Thread 0x00000220fe34a800 2523   !   3       com.jagex.game.config.BasicTypeFactory::create (41 bytes)
Event: 12.457 Thread 0x00000220fe34a800 nmethod 2523 0x00000220e23c2090 code [0x00000220e23c23e0, 0x00000220e23c3968]
Event: 12.458 Thread 0x000002208c5fd000 2524       3       rs2.client.clientscript.ScriptRunner::push_int_local (33 bytes)
Event: 12.458 Thread 0x000002208c5fd000 nmethod 2524 0x00000220e23c4310 code [0x00000220e23c44c0, 0x00000220e23c4638]
Event: 12.459 Thread 0x00000220fe349800 2525       4       jdk.internal.reflect.DelegatingConstructorAccessorImpl::newInstance (9 bytes)
Event: 12.461 Thread 0x00000220fe349800 nmethod 2525 0x00000220e94a5490 code [0x00000220e94a5660, 0x00000220e94a5828]
Event: 12.524 Thread 0x00000220fe34a800 2526       3       com.jagex.graphics.safe.PureJavaSpritePaletted::drawSprite (2940 bytes)
Event: 12.554 Thread 0x00000220fe34a800 nmethod 2526 0x00000220e23c4810 code [0x00000220e23c4d20, 0x00000220e23c80c8]

GC Heap History (10 events):
Event: 0.441 GC heap before
{Heap before GC invocations=0 (full 0):
 garbage-first heap   total 258048K, used 23552K [0x0000000705c00000, 0x0000000800000000)
  region size 1024K, 24 young (24576K), 0 survivors (0K)
 Metaspace       used 12792K, capacity 13089K, committed 13184K, reserved 1060864K
  class space    used 1213K, capacity 1348K, committed 1408K, reserved 1048576K
}
Event: 0.444 GC heap after
{Heap after GC invocations=1 (full 0):
 garbage-first heap   total 258048K, used 3884K [0x0000000705c00000, 0x0000000800000000)
  region size 1024K, 3 young (3072K), 3 survivors (3072K)
 Metaspace       used 12792K, capacity 13089K, committed 13184K, reserved 1060864K
  class space    used 1213K, capacity 1348K, committed 1408K, reserved 1048576K
}
Event: 0.839 GC heap before
{Heap before GC invocations=1 (full 0):
 garbage-first heap   total 258048K, used 38700K [0x0000000705c00000, 0x0000000800000000)
  region size 1024K, 38 young (38912K), 3 survivors (3072K)
 Metaspace       used 20734K, capacity 21153K, committed 21248K, reserved 1069056K
  class space    used 2053K, capacity 2258K, committed 2304K, reserved 1048576K
}
Event: 0.843 GC heap after
{Heap after GC invocations=2 (full 0):
 garbage-first heap   total 258048K, used 5098K [0x0000000705c00000, 0x0000000800000000)
  region size 1024K, 5 young (5120K), 5 survivors (5120K)
 Metaspace       used 20734K, capacity 21153K, committed 21248K, reserved 1069056K
  class space    used 2053K, capacity 2258K, committed 2304K, reserved 1048576K
}
Event: 1.824 GC heap before
{Heap before GC invocations=3 (full 0):
 garbage-first heap   total 258048K, used 47082K [0x0000000705c00000, 0x0000000800000000)
  region size 1024K, 47 young (48128K), 5 survivors (5120K)
 Metaspace       used 30988K, capacity 31507K, committed 31616K, reserved 1077248K
  class space    used 3180K, capacity 3417K, committed 3456K, reserved 1048576K
}
Event: 1.827 GC heap after
{Heap after GC invocations=4 (full 0):
 garbage-first heap   total 258048K, used 9375K [0x0000000705c00000, 0x0000000800000000)
  region size 1024K, 6 young (6144K), 6 survivors (6144K)
 Metaspace       used 30988K, capacity 31507K, committed 31616K, reserved 1077248K
  class space    used 3180K, capacity 3417K, committed 3456K, reserved 1048576K
}
Event: 11.697 GC heap before
{Heap before GC invocations=4 (full 0):
 garbage-first heap   total 258048K, used 203935K [0x0000000705c00000, 0x0000000800000000)
  region size 1024K, 148 young (151552K), 6 survivors (6144K)
 Metaspace       used 33153K, capacity 33702K, committed 33920K, reserved 1079296K
  class space    used 3433K, capacity 3678K, committed 3712K, reserved 1048576K
}
Event: 11.750 GC heap after
{Heap after GC invocations=5 (full 0):
 garbage-first heap   total 275456K, used 79468K [0x0000000705c00000, 0x0000000800000000)
  region size 1024K, 19 young (19456K), 19 survivors (19456K)
 Metaspace       used 33153K, capacity 33702K, committed 33920K, reserved 1079296K
  class space    used 3433K, capacity 3678K, committed 3712K, reserved 1048576K
}
Event: 12.525 GC heap before
{Heap before GC invocations=5 (full 0):
 garbage-first heap   total 275456K, used 123500K [0x0000000705c00000, 0x0000000800000000)
  region size 1024K, 59 young (60416K), 19 survivors (19456K)
 Metaspace       used 34162K, capacity 34651K, committed 34944K, reserved 1081344K
  class space    used 3459K, capacity 3679K, committed 3712K, reserved 1048576K
}
Event: 12.551 GC heap after
{Heap after GC invocations=6 (full 1):
 garbage-first heap   total 273408K, used 74546K [0x0000000705c00000, 0x0000000800000000)
  region size 1024K, 0 young (0K), 0 survivors (0K)
 Metaspace       used 34162K, capacity 34651K, committed 34944K, reserved 1081344K
  class space    used 3459K, capacity 3679K, committed 3712K, reserved 1048576K
}

Deoptimization events (20 events):
Event: 12.460 Thread 0x000002208968c000 Uncommon trap: trap_request=0xffffff4d fr.pc=0x00000220e92bf240 relative=0x00000000000000a0
Event: 12.460 Thread 0x000002208968c000 Uncommon trap: reason=unstable_if action=reinterpret pc=0x00000220e92bf240 method=java.lang.Integer.stringSize(I)I @ 3 c2
Event: 12.460 Thread 0x000002208968c000 DEOPT PACKING pc=0x00000220e92bf240 sp=0x000000d9ffefef60
Event: 12.460 Thread 0x000002208968c000 DEOPT UNPACKING pc=0x00000220e171a1af sp=0x000000d9ffefeee8 mode 2
Event: 12.521 Thread 0x000002208968c000 Uncommon trap: trap_request=0xffffff4d fr.pc=0x00000220e9422650 relative=0x0000000000000210
Event: 12.521 Thread 0x000002208968c000 Uncommon trap: reason=unstable_if action=reinterpret pc=0x00000220e9422650 method=jdk.internal.reflect.Reflection.verifyModuleAccess(Ljava/lang/Module;Ljava/lang/Class;)Z @ 7 c2
Event: 12.521 Thread 0x000002208968c000 DEOPT PACKING pc=0x00000220e9422650 sp=0x000000d9ffefe830
Event: 12.521 Thread 0x000002208968c000 DEOPT UNPACKING pc=0x00000220e171a1af sp=0x000000d9ffefe620 mode 2
Event: 12.521 Thread 0x000002208968c000 Uncommon trap: trap_request=0xffffff4d fr.pc=0x00000220e9426454 relative=0x00000000000000b4
Event: 12.521 Thread 0x000002208968c000 Uncommon trap: reason=unstable_if action=reinterpret pc=0x00000220e9426454 method=java.lang.reflect.AccessibleObject.logIfExportedForIllegalAccess(Ljava/lang/Class;Ljava/lang/Class;)V @ 27 c2
Event: 12.521 Thread 0x000002208968c000 DEOPT PACKING pc=0x00000220e9426454 sp=0x000000d9ffefe700
Event: 12.521 Thread 0x000002208968c000 DEOPT UNPACKING pc=0x00000220e171a1af sp=0x000000d9ffefe698 mode 2
Event: 12.523 Thread 0x000002208968c000 Uncommon trap: trap_request=0xffffff4d fr.pc=0x00000220e9484218 relative=0x00000000000000d8
Event: 12.523 Thread 0x000002208968c000 Uncommon trap: reason=unstable_if action=reinterpret pc=0x00000220e9484218 method=com.jagex.game.load.LoadingScreenAlignmentX.computeX(II)I @ 19 c2
Event: 12.523 Thread 0x000002208968c000 DEOPT PACKING pc=0x00000220e9484218 sp=0x000000d9ffefec10
Event: 12.523 Thread 0x000002208968c000 DEOPT UNPACKING pc=0x00000220e171a1af sp=0x000000d9ffefeba0 mode 2
Event: 12.524 Thread 0x000002208968c000 Uncommon trap: trap_request=0xffffff7e fr.pc=0x00000220e948331c relative=0x00000000000005bc
Event: 12.524 Thread 0x000002208968c000 Uncommon trap: reason=predicate action=maybe_recompile pc=0x00000220e948331c method=com.jagex.graphics.FontMetrics.splitInit(Ljava/lang/String;[I[Ljava/lang/String;[Lcom/jagex/graphics/FontGlyph;Z)I @ 43 c2
Event: 12.524 Thread 0x000002208968c000 DEOPT PACKING pc=0x00000220e948331c sp=0x000000d9ffefe910
Event: 12.524 Thread 0x000002208968c000 DEOPT UNPACKING pc=0x00000220e171a1af sp=0x000000d9ffefe858 mode 2

Classes redefined (0 events):
No events

Internal exceptions (20 events):
Event: 0.489 Thread 0x00000220d8f50000 Exception <a 'java/lang/NoSuchMethodError'{0x00000007155963a0}: 'java.lang.Object java.lang.invoke.DirectMethodHandle$Holder.invokeStatic(java.lang.Object, java.lang.Object, int, java.lang.Object)'> (0x00000007155963a0) thrown at [s\src\hotspot\share\interpreter\linkResolver.cpp, line 773]
Event: 0.490 Thread 0x00000220d8f50000 Exception <a 'java/lang/NoSuchMethodError'{0x000000071559d478}: 'java.lang.Object java.lang.invoke.Invokers$Holder.linkToTargetMethod(java.lang.Object, int, java.lang.Object)'> (0x000000071559d478) thrown at [s\src\hotspot\share\interpreter\linkResolver.cpp, line 773]
Event: 0.569 Thread 0x0000022080c97000 Exception <a 'java/lang/NoSuchMethodError'{0x0000000714afbc70}: 'int java.lang.invoke.DirectMethodHandle$Holder.invokeStaticInit(java.lang.Object, java.lang.Object, java.lang.Object)'> (0x0000000714afbc70) thrown at [s\src\hotspot\share\interpreter\linkResolver.cpp, line 773]
Event: 0.815 Thread 0x0000022080c97000 Exception <a 'java/lang/NoSuchMethodError'{0x000000071364afa0}: 'double java.lang.invoke.DirectMethodHandle$Holder.invokeStatic(java.lang.Object, double)'> (0x000000071364afa0) thrown at [s\src\hotspot\share\interpreter\linkResolver.cpp, line 773]
Event: 0.816 Thread 0x0000022080c97000 Exception <a 'java/lang/NoSuchMethodError'{0x000000071364e140}: 'double java.lang.invoke.DirectMethodHandle$Holder.invokeStaticInit(java.lang.Object, double)'> (0x000000071364e140) thrown at [s\src\hotspot\share\interpreter\linkResolver.cpp, line 773]
Event: 0.878 Thread 0x00000220fed43800 Exception <a 'java/lang/NoSuchMethodError'{0x00000007153b94a0}: 'void java.lang.invoke.DirectMethodHandle$Holder.invokeVirtual(java.lang.Object, java.lang.Object)'> (0x00000007153b94a0) thrown at [s\src\hotspot\share\interpreter\linkResolver.cpp, line 773]
Event: 1.092 Thread 0x0000022089685000 Exception <a 'java/lang/NoSuchMethodError'{0x0000000714b14698}: 'java.lang.Object java.lang.invoke.DirectMethodHandle$Holder.invokeStatic(java.lang.Object, int, int, int, int)'> (0x0000000714b14698) thrown at [s\src\hotspot\share\interpreter\linkResolver.cpp, line 773]
Event: 1.092 Thread 0x0000022089685000 Exception <a 'java/lang/NoSuchMethodError'{0x0000000714b177c0}: 'java.lang.Object java.lang.invoke.DirectMethodHandle$Holder.invokeStaticInit(java.lang.Object, int, int, int, int)'> (0x0000000714b177c0) thrown at [s\src\hotspot\share\interpreter\linkResolver.cpp, line 773]
Event: 1.288 Thread 0x0000022089685000 Exception <a 'java/lang/NoSuchMethodError'{0x00000007144b6500}: 'java.lang.Object java.lang.invoke.DirectMethodHandle$Holder.invokeStatic(java.lang.Object, java.lang.Object, int, int, int, int)'> (0x00000007144b6500) thrown at [s\src\hotspot\share\interpreter\linkResolver.cpp, line 773]
Event: 1.288 Thread 0x0000022089685000 Exception <a 'java/lang/NoSuchMethodError'{0x00000007144b9858}: 'java.lang.Object java.lang.invoke.DirectMethodHandle$Holder.invokeStaticInit(java.lang.Object, java.lang.Object, int, int, int, int)'> (0x00000007144b9858) thrown at [s\src\hotspot\share\interpreter\linkResolver.cpp, line 773]
Event: 1.690 Thread 0x000002208968c000 Exception <a 'java/lang/UnsatisfiedLinkError'{0x0000000713595ed0}: 'long jaclib.nanotime.QueryPerformanceCounter.nanoTime()'> (0x0000000713595ed0) thrown at [s\src\hotspot\share\prims\nativeLookup.cpp, line 528]
Event: 1.695 Thread 0x0000022089b35800 Exception <a 'java/lang/NullPointerException'{0x000000071340e8b0}> (0x000000071340e8b0) thrown at [s\src\hotspot\share\interpreter\linkResolver.cpp, line 1358]
Event: 1.695 Thread 0x0000022089b35800 Exception <a 'java/lang/NullPointerException'{0x00000007134183c8}> (0x00000007134183c8) thrown at [s\src\hotspot\share\interpreter\linkResolver.cpp, line 1358]
Event: 1.744 Thread 0x000002208968c000 Exception <a 'java/net/ConnectException'{0x00000007134429d8}: Connection refused: connect> (0x00000007134429d8) thrown at [s\src\hotspot\share\prims\jni.cpp, line 638]
Event: 5.251 Thread 0x000002208968c000 Implicit null exception at 0x00000220e940e4f6 to 0x00000220e940e944
Event: 5.273 Thread 0x000002208968c000 Implicit null exception at 0x00000220e940f18c to 0x00000220e940fa70
Event: 11.254 Thread 0x0000022089b31800 Implicit null exception at 0x00000220e93e719c to 0x00000220e93e77f4
Event: 12.451 Thread 0x000002208968c000 Implicit null exception at 0x00000220e9428444 to 0x00000220e9428a90
Event: 12.453 Thread 0x000002208968c000 Implicit null exception at 0x00000220e941cb48 to 0x00000220e941cd48
Event: 12.524 Thread 0x000002208968c000 Implicit null exception at 0x00000220e9482dc4 to 0x00000220e94832f4

Events (20 events):
Event: 12.564 loading class com/jagex/graphics/GpuModel
Event: 12.564 loading class com/jagex/graphics/GpuModel done
Event: 12.565 loading class com/jagex/graphics/MaterialTextureProvider
Event: 12.565 loading class com/jagex/graphics/MaterialTextureProvider done
Event: 12.565 loading class sun/misc/Unsafe
Event: 12.566 loading class sun/misc/Unsafe done
Event: 12.567 loading class jaclib/memory/DirectBufferHelper
Event: 12.567 loading class jaclib/memory/DirectBufferHelper done
Event: 12.567 loading class com/jagex/graphics/GpuHeap
Event: 12.567 loading class com/jagex/graphics/GpuHeap done
Event: 12.567 loading class com/jagex/core/datastruct/Heap
Event: 12.567 loading class com/jagex/core/datastruct/Heap done
Event: 12.567 loading class jaclib/memory/heap/NativeHeap
Event: 12.567 loading class jaclib/memory/heap/NativeHeap done
Event: 12.567 loading class jagdx/D3DLIGHT
Event: 12.567 loading class jagdx/D3DLIGHT done
Event: 12.567 loading class com/jagex/graphics/GpuTextureRelated
Event: 12.567 loading class com/jagex/graphics/GpuTextureRelated done
Event: 12.568 loading class jagdx/IDirect3DDevice
Event: 12.568 loading class jagdx/IDirect3DDevice done


Dynamic libraries:
0x00007ff6372d0000 - 0x00007ff6372de000 	C:\Users\there\.jdks\corretto-11.0.22\bin\java.exe
0x00007ffcaba70000 - 0x00007ffcabc87000 	C:\Windows\SYSTEM32\ntdll.dll
0x00007ffcab400000 - 0x00007ffcab4c4000 	C:\Windows\System32\KERNEL32.DLL
0x00007ffca9000000 - 0x00007ffca93ac000 	C:\Windows\System32\KERNELBASE.dll
0x00007ffca9470000 - 0x00007ffca9581000 	C:\Windows\System32\ucrtbase.dll
0x00007ffc3d260000 - 0x00007ffc3d277000 	C:\Users\there\.jdks\corretto-11.0.22\bin\jli.dll
0x00007ffc3efa0000 - 0x00007ffc3efbb000 	C:\Users\there\.jdks\corretto-11.0.22\bin\VCRUNTIME140.dll
0x00007ffca9a20000 - 0x00007ffca9bce000 	C:\Windows\System32\USER32.dll
0x00007ffca9590000 - 0x00007ffca95b6000 	C:\Windows\System32\win32u.dll
0x00007ffc96ab0000 - 0x00007ffc96d43000 	C:\Windows\WinSxS\amd64_microsoft.windows.common-controls_6595b64144ccf1df_6.0.22621.3672_none_2713b9d173822955\COMCTL32.dll
0x00007ffca9bd0000 - 0x00007ffca9bf9000 	C:\Windows\System32\GDI32.dll
0x00007ffca95c0000 - 0x00007ffca96d9000 	C:\Windows\System32\gdi32full.dll
0x00007ffcab4d0000 - 0x00007ffcab577000 	C:\Windows\System32\msvcrt.dll
0x00007ffca9710000 - 0x00007ffca97aa000 	C:\Windows\System32\msvcp_win.dll
0x00007ffcaa990000 - 0x00007ffcaa9c1000 	C:\Windows\System32\IMM32.DLL
0x00007ffc80000000 - 0x00007ffc8000c000 	C:\Users\there\.jdks\corretto-11.0.22\bin\vcruntime140_1.dll
0x00007ffc3c5b0000 - 0x00007ffc3c63d000 	C:\Users\there\.jdks\corretto-11.0.22\bin\msvcp140.dll
0x00007ffbde8f0000 - 0x00007ffbdf4b3000 	C:\Users\there\.jdks\corretto-11.0.22\bin\server\jvm.dll
0x00007ffca9960000 - 0x00007ffca9a12000 	C:\Windows\System32\ADVAPI32.dll
0x00007ffcaa310000 - 0x00007ffcaa3b8000 	C:\Windows\System32\sechost.dll
0x00007ffca96e0000 - 0x00007ffca9708000 	C:\Windows\System32\bcrypt.dll
0x00007ffcaa100000 - 0x00007ffcaa215000 	C:\Windows\System32\RPCRT4.dll
0x00007ffca9c60000 - 0x00007ffca9c68000 	C:\Windows\System32\PSAPI.DLL
0x00007ffca03d0000 - 0x00007ffca0404000 	C:\Windows\SYSTEM32\WINMM.dll
0x00007ffc76ee0000 - 0x00007ffc76ee9000 	C:\Windows\SYSTEM32\WSOCK32.dll
0x00007ffc9e730000 - 0x00007ffc9e73a000 	C:\Windows\SYSTEM32\VERSION.dll
0x00007ffcab2d0000 - 0x00007ffcab341000 	C:\Windows\System32\WS2_32.dll
0x00007ffca7e90000 - 0x00007ffca7ea8000 	C:\Windows\SYSTEM32\kernel.appcore.dll
0x00007ffc7ea70000 - 0x00007ffc7ea80000 	C:\Users\there\.jdks\corretto-11.0.22\bin\verify.dll
0x00007ffca66c0000 - 0x00007ffca68f2000 	C:\Windows\SYSTEM32\DBGHELP.DLL
0x00007ffcaa580000 - 0x00007ffcaa908000 	C:\Windows\System32\combase.dll
0x00007ffcaa230000 - 0x00007ffcaa307000 	C:\Windows\System32\OLEAUT32.dll
0x00007ffc9e580000 - 0x00007ffc9e5b2000 	C:\Windows\SYSTEM32\dbgcore.DLL
0x00007ffca8f80000 - 0x00007ffca8ffb000 	C:\Windows\System32\bcryptPrimitives.dll
0x00007ffc3d230000 - 0x00007ffc3d258000 	C:\Users\there\.jdks\corretto-11.0.22\bin\java.dll
0x00007ffc7adb0000 - 0x00007ffc7adba000 	C:\Users\there\.jdks\corretto-11.0.22\bin\jimage.dll
0x00007ffc3c590000 - 0x00007ffc3c5a8000 	C:\Users\there\.jdks\corretto-11.0.22\bin\zip.dll
0x00007ffcaa9f0000 - 0x00007ffcab24c000 	C:\Windows\System32\SHELL32.dll
0x00007ffca6cb0000 - 0x00007ffca75a7000 	C:\Windows\SYSTEM32\windows.storage.dll
0x00007ffca6b70000 - 0x00007ffca6caf000 	C:\Windows\SYSTEM32\wintypes.dll
0x00007ffcab680000 - 0x00007ffcab774000 	C:\Windows\System32\SHCORE.dll
0x00007ffcab780000 - 0x00007ffcab7de000 	C:\Windows\System32\shlwapi.dll
0x00007ffca8cd0000 - 0x00007ffca8cf1000 	C:\Windows\SYSTEM32\profapi.dll
0x00007ffc3c570000 - 0x00007ffc3c589000 	C:\Users\there\.jdks\corretto-11.0.22\bin\net.dll
0x00007ffca20f0000 - 0x00007ffca2226000 	C:\Windows\SYSTEM32\WINHTTP.dll
0x00007ffca8310000 - 0x00007ffca8379000 	C:\Windows\system32\mswsock.dll
0x00007ffc3c550000 - 0x00007ffc3c562000 	C:\Users\there\.jdks\corretto-11.0.22\bin\nio.dll
0x00007ffc3e150000 - 0x00007ffc3e2d2000 	C:\Users\there\.jdks\corretto-11.0.22\bin\awt.dll
0x00007ffca56b0000 - 0x00007ffca5747000 	C:\Windows\SYSTEM32\apphelp.dll
0x00007ffca57b0000 - 0x00007ffca585a000 	C:\Windows\system32\uxtheme.dll
0x00007ffcaa420000 - 0x00007ffcaa573000 	C:\Windows\System32\MSCTF.dll
0x00007ffca97b0000 - 0x00007ffca9955000 	C:\Windows\System32\ole32.dll
0x00007ffca5a30000 - 0x00007ffca5a5b000 	C:\Windows\system32\DWMAPI.DLL
0x00007ffbd7ad0000 - 0x00007ffbd8b09000 	C:\Users\there\.skiko\1af4ee19332ed4d6e49736b682169156441810a37589c852cea0529cd125890f\skiko-windows-x64.dll
0x00007ffc3c9a0000 - 0x00007ffc3caa0000 	C:\Windows\system32\opengl32.dll
0x00007ffc90b10000 - 0x00007ffc90b3d000 	C:\Windows\SYSTEM32\GLU32.dll
0x00007ffca6170000 - 0x00007ffca61a9000 	C:\Windows\SYSTEM32\dxcore.dll
0x00007ffc930c0000 - 0x00007ffc93268000 	C:\Windows\system32\d3d9.dll
0x00007ffca0470000 - 0x00007ffca052e000 	C:\Windows\System32\DriverStore\FileRepository\nvami.inf_amd64_ed81ad204162c085\nvldumdx.dll
0x00007ffca8a30000 - 0x00007ffca8a42000 	C:\Windows\SYSTEM32\msasn1.dll
0x00007ffc9d940000 - 0x00007ffc9d972000 	C:\Windows\SYSTEM32\cryptnet.dll
0x00007ffca8da0000 - 0x00007ffca8f07000 	C:\Windows\System32\CRYPT32.dll
0x00007ffc9d7e0000 - 0x00007ffc9d938000 	C:\Windows\SYSTEM32\drvstore.dll
0x00007ffca8a50000 - 0x00007ffca8a7c000 	C:\Windows\SYSTEM32\devobj.dll
0x00007ffca8a80000 - 0x00007ffca8ace000 	C:\Windows\SYSTEM32\cfgmgr32.dll
0x00007ffca8640000 - 0x00007ffca8689000 	C:\Windows\SYSTEM32\wldp.dll
0x00007ffca85b0000 - 0x00007ffca85bc000 	C:\Windows\SYSTEM32\cryptbase.dll
0x00007ffca8f10000 - 0x00007ffca8f7b000 	C:\Windows\System32\wintrust.dll
0x00007ffcaa9d0000 - 0x00007ffcaa9ef000 	C:\Windows\System32\imagehlp.dll
0x00007ffca8590000 - 0x00007ffca85ab000 	C:\Windows\SYSTEM32\CRYPTSP.dll
0x00007ffca7df0000 - 0x00007ffca7e25000 	C:\Windows\system32\rsaenh.dll
0x00007ffc936a0000 - 0x00007ffc958bd000 	C:\Windows\System32\DriverStore\FileRepository\nvami.inf_amd64_ed81ad204162c085\nvgpucomp64.dll
0x00007ffc17250000 - 0x00007ffc195ff000 	C:\Windows\System32\DriverStore\FileRepository\nvami.inf_amd64_ed81ad204162c085\nvd3dumx.dll
0x00007ffca1f10000 - 0x00007ffca1f59000 	C:\Windows\SYSTEM32\directxdatabasehelper.dll
0x00007ffc91790000 - 0x00007ffc91a61000 	C:\Windows\system32\nvspcap64.dll
0x00007ffca7eb0000 - 0x00007ffca7ee4000 	C:\Windows\SYSTEM32\ntmarta.dll
0x00007ffca83c0000 - 0x00007ffca83e6000 	C:\Windows\SYSTEM32\gpapi.dll
0x00007ffc39080000 - 0x00007ffc39107000 	C:\Users\there\.jdks\corretto-11.0.22\bin\freetype.dll
0x00007ffc38fa0000 - 0x00007ffc39073000 	C:\Users\there\.jdks\corretto-11.0.22\bin\fontmanager.dll
0x00007ffca4a80000 - 0x00007ffca4cf3000 	C:\Windows\SYSTEM32\dwrite.dll
0x00007ffc89ee0000 - 0x00007ffc89ee7000 	C:\Users\there\.jdks\corretto-11.0.22\bin\jawt.dll
0x00007ffca5920000 - 0x00007ffca5a17000 	C:\Windows\SYSTEM32\Dxgi.dll
0x00007ffc3e120000 - 0x00007ffc3e146000 	C:\Windows\SYSTEM32\D3D12.dll
0x00007ffc38ad0000 - 0x00007ffc38cd2000 	C:\Windows\SYSTEM32\D3D12Core.dll
0x00007ffc59860000 - 0x00007ffc5d931000 	C:\Windows\System32\DriverStore\FileRepository\nvami.inf_amd64_ed81ad204162c085\nvwgf2umx.dll
0x00007ffca7c00000 - 0x00007ffca7c4d000 	C:\Windows\SYSTEM32\powrprof.dll
0x00007ffca7be0000 - 0x00007ffca7bf3000 	C:\Windows\SYSTEM32\UMPDC.dll
0x00007ffc3d980000 - 0x00007ffc3d9af000 	C:\Windows\SYSTEM32\D3DSCache.dll
0x00007ffca8430000 - 0x00007ffca8458000 	C:\Windows\SYSTEM32\USERENV.dll
0x00007ffc9e010000 - 0x00007ffc9e29a000 	C:\Windows\SYSTEM32\twinapi.appcore.dll
0x00007ffca7880000 - 0x00007ffca78ad000 	C:\Windows\SYSTEM32\IPHLPAPI.DLL
0x00007ffcaa410000 - 0x00007ffcaa419000 	C:\Windows\System32\NSI.dll
0x00007ffca1fa0000 - 0x00007ffca1fb9000 	C:\Windows\SYSTEM32\dhcpcsvc6.DLL
0x00007ffca1f80000 - 0x00007ffca1f9f000 	C:\Windows\SYSTEM32\dhcpcsvc.DLL
0x00007ffca78b0000 - 0x00007ffca79a8000 	C:\Windows\SYSTEM32\DNSAPI.dll
0x00007ffca4820000 - 0x00007ffca4a74000 	C:\Windows\SYSTEM32\dcomp.dll
0x00007ffc8adc0000 - 0x00007ffc8af0d000 	C:\Windows\SYSTEM32\textinputframework.dll
0x00007ffc8be40000 - 0x00007ffc8c284000 	C:\Windows\System32\uiautomationcore.dll
0x00007ffca1f60000 - 0x00007ffca1f6a000 	C:\Windows\System32\rasadhlp.dll
0x00007ffca0940000 - 0x00007ffca09c3000 	C:\Windows\System32\fwpuclnt.dll
0x00007ffc96880000 - 0x00007ffc968e9000 	C:\Windows\System32\OLEACC.dll
0x00007ffcab350000 - 0x00007ffcab400000 	C:\Windows\System32\clbcatq.dll
0x00007ffc38f70000 - 0x00007ffc38f9d000 	C:\Users\there\.jdks\corretto-11.0.22\bin\javajpeg.dll
0x00007ffc3c530000 - 0x00007ffc3c542000 	C:\Users\there\.jdks\corretto-11.0.22\bin\jsound.dll
0x00007ffc8d5d0000 - 0x00007ffc8d672000 	C:\Windows\SYSTEM32\DSOUND.dll
0x00007ffc8db70000 - 0x00007ffc8db99000 	C:\Windows\SYSTEM32\winmmbase.dll
0x00007ffc8c7f0000 - 0x00007ffc8c8a1000 	C:\Windows\SYSTEM32\ResampleDmo.DLL
0x00007ffc890b0000 - 0x00007ffc890bb000 	C:\Windows\SYSTEM32\msdmo.dll
0x00007ffc9a3a0000 - 0x00007ffc9a43d000 	C:\Windows\System32\MMDevApi.dll
0x00007ffc20450000 - 0x00007ffc20496000 	C:\Windows\SYSTEM32\wdmaud.drv
0x00007ffca19c0000 - 0x00007ffca19cb000 	C:\Windows\SYSTEM32\AVRT.dll
0x00007ffc802a0000 - 0x00007ffc802a9000 	C:\Windows\SYSTEM32\ksuser.dll
0x00007ffc96340000 - 0x00007ffc9652c000 	C:\Windows\SYSTEM32\AUDIOSES.DLL
0x00007ffca4d60000 - 0x00007ffca4d6e000 	C:\Windows\SYSTEM32\msacm32.drv
0x00007ffc2d430000 - 0x00007ffc2d44e000 	C:\Windows\SYSTEM32\MSACM32.dll
0x00007ffc8a7b0000 - 0x00007ffc8a7bb000 	C:\Windows\SYSTEM32\midimap.dll
0x00007ffc90200000 - 0x00007ffc90375000 	C:\Windows\System32\Windows.UI.dll
0x00007ffca65b0000 - 0x00007ffca65c5000 	C:\Windows\SYSTEM32\resourcepolicyclient.dll
0x00007ffc38f40000 - 0x00007ffc38f6a000 	C:\Users\there\jagexcache\runescape\LIVE\jaclib.dll
0x00007ffc9cc20000 - 0x00007ffc9cc30000 	C:\Windows\system32\wbem\wbemprox.dll
0x00007ffc9cba0000 - 0x00007ffc9cc20000 	C:\Windows\SYSTEM32\wbemcomn.dll
0x00007ffc97a20000 - 0x00007ffc97a34000 	C:\Windows\system32\wbem\wbemsvc.dll
0x00007ffc97a40000 - 0x00007ffc97b38000 	C:\Windows\system32\wbem\fastprox.dll
0x00007ffc88c90000 - 0x00007ffc88cad000 	C:\Windows\SYSTEM32\amsi.dll
0x00007ffc92620000 - 0x00007ffc926a1000 	C:\ProgramData\Microsoft\Windows Defender\Platform\4.18.24050.7-0\MpOav.dll
0x00007ffca0bb0000 - 0x00007ffca0d7e000 	C:\Windows\SYSTEM32\mfplat.dll
0x00007ffca0b70000 - 0x00007ffca0ba3000 	C:\Windows\SYSTEM32\RTWorkQ.DLL
0x00007ffc9ef80000 - 0x00007ffc9ef94000 	C:\Windows\SYSTEM32\DEVRTL.dll

dbghelp: loaded successfully - version: 4.0.5 - missing functions: none
symbol engine: initialized successfully - sym options: 0x614 - pdb path: .;C:\Users\there\.jdks\corretto-11.0.22\bin;C:\Windows\SYSTEM32;C:\Windows\WinSxS\amd64_microsoft.windows.common-controls_6595b64144ccf1df_6.0.22621.3672_none_2713b9d173822955;C:\Users\there\.jdks\corretto-11.0.22\bin\server;C:\Users\there\.skiko\1af4ee19332ed4d6e49736b682169156441810a37589c852cea0529cd125890f;C:\Windows\System32\DriverStore\FileRepository\nvami.inf_amd64_ed81ad204162c085;C:\Users\there\jagexcache\runescape\LIVE;C:\Windows\system32\wbem;C:\ProgramData\Microsoft\Windows Defender\Platform\4.18.24050.7-0;C:\Windows\System32\DriverStore\FileRepository\iigd_dch.inf_amd64_c7b02f5071f30130

VM Arguments:
jvm_args: -Dcompose.application.configure.swing.globals=true -Dcompose.application.resources.dir=C:\repo\Meteor\composeApp\build\compose\tmp\prepareAppResources -Xverify:none -Dfile.encoding=UTF-8 -Duser.country=US -Duser.language=en -Duser.variant 
java_command: meteor.Main
java_class_path (initial): C:\repo\Meteor\composeApp\build\libs\composeApp-2.0.5.jar;C:\repo\Meteor\libs\javacpp-1.5.10.jar;C:\repo\Meteor\libs\javacv-1.5.10.jar;C:\repo\Meteor\libs\openblas-0.3.26-1.5.10.jar;C:\repo\Meteor\libs\opencv-4.9.0-1.5.10.jar;C:\repo\Meteor\composeApp\src\desktopMain\resources\injected-client.jar;C:\repo\Meteor\libs\javacpp-1.5.10-windows-x86_64.jar;C:\repo\Meteor\libs\openblas-0.3.26-1.5.10-windows-x86_64.jar;C:\repo\Meteor\libs\opencv-4.9.0-1.5.10-windows-x86_64.jar;C:\repo\Meteor\eventbus\build\libs\eventbus-1.0-SNAPSHOT.jar;C:\repo\Meteor\api-rs\build\libs\api-rs-1.0.0.jar;C:\repo\Meteor\api\build\libs\api-1.0.0.jar;C:\Users\there\.gradle\caches\modules-2\files-2.1\org.jetbrains.skiko\skiko-awt-runtime-windows-x64\0.8.4\2edf3fdbe20d02b8fa39eed2dd5e8d70647c821\skiko-awt-runtime-windows-x64-0.8.4.jar;C:\Users\there\.gradle\caches\modules-2\files-2.1\org.jetbrains.compose.desktop\desktop-jvm\1.6.11\4c88c77f0770ee2c111199047d90ed5a47e4482b\desktop-jvm-1.6.11.jar;C:\Users\there\.gradle\caches\modules-2\files-2.1\org.jetbrains.compose.material\material-desktop\1.6.11\d3e4b632fadb752973fa898989e4666e986011e6\material-desktop-1.6.11.jar;C:\Users\there\.gradle\caches\modules-2\files-2.1\org.jetbrains.compose.material\material-ripple-desktop\1.6.11\81d8093be11dfbc4ce334bad9bcfc237f21ed701\material-ripple-desktop-1.6.11.jar;C:\Users\there\.gradle\caches\modules-2\files-2.1\org.jetbrains.compose.foundation\foundation-desktop\1.6.11\c9a646ef258f51a7be4929848e951ea02bb80ddf\foundation-desktop-1.6.11.jar;C:\Users\there\.gradle\caches\modules-2\files-2.1\org.jetbrains.compose.animation\animation-desktop\1.6.11\ce21e9b6dea3019932615f2211ddec7eb4525cd6\animation-desktop-1.6.11.jar;C:\Users\there\.gradle\caches\modules-2\files-2.1\org.jetbrains.compose.foundation\foundation-layout-desktop\1.6.11\da4289cf3f4f7b0ee49c7db8bd2f5db09aac6dee\foundation-layout-desktop-1.6.11.jar;C:\Users\there\.gradle\caches\modules-2\files-2.1\org.jetbrains.compose.animation
Launcher Type: SUN_STANDARD

[Global flags]
     bool BytecodeVerificationLocal                = false                                     {product} {command line}
     bool BytecodeVerificationRemote               = false                                     {product} {command line}
     intx CICompilerCount                          = 12                                        {product} {ergonomic}
     uint ConcGCThreads                            = 4                                         {product} {ergonomic}
     uint G1ConcRefinementThreads                  = 15                                        {product} {ergonomic}
   size_t G1HeapRegionSize                         = 1048576                                   {product} {ergonomic}
    uintx GCDrainStackTargetSize                   = 64                                        {product} {ergonomic}
   size_t InitialHeapSize                          = 264241152                                 {product} {ergonomic}
   size_t MarkStackSize                            = 4194304                                   {product} {ergonomic}
   size_t MaxHeapSize                              = 4198498304                                {product} {ergonomic}
   size_t MaxNewSize                               = 2518679552                                {product} {ergonomic}
   size_t MinHeapDeltaBytes                        = 1048576                                   {product} {ergonomic}
    uintx NonNMethodCodeHeapSize                   = 7594288                                {pd product} {ergonomic}
    uintx NonProfiledCodeHeapSize                  = 122031976                              {pd product} {ergonomic}
    uintx ProfiledCodeHeapSize                     = 122031976                              {pd product} {ergonomic}
    uintx ReservedCodeCacheSize                    = 251658240                              {pd product} {ergonomic}
     bool SegmentedCodeCache                       = true                                      {product} {ergonomic}
     bool UseCompressedClassPointers               = true                                 {lp64_product} {ergonomic}
     bool UseCompressedOops                        = true                                 {lp64_product} {ergonomic}
     bool UseG1GC                                  = true                                      {product} {ergonomic}
     bool UseLargePagesIndividualAllocation        = false                                  {pd product} {ergonomic}

Logging:
Log output configuration:
 #0: stdout all=warning uptime,level,tags
 #1: stderr all=off uptime,level,tags

Environment Variables:
PATH=C:\Program Files (x86)\VMware\VMware Player\bin\;C:\Python312\Scripts\;C:\Python312\;C:\Program Files\Common Files\Oracle\Java\javapath;C:\Windows\system32;C:\Windows;C:\Windows\System32\Wbem;C:\Windows\System32\WindowsPowerShell\v1.0\;C:\Windows\System32\OpenSSH\;C:\Program Files (x86)\NVIDIA Corporation\PhysX\Common;C:\Program Files\NVIDIA Corporation\NVIDIA NvDLISR;C:\Program Files\Git\cmd;C:\Program Files\dotnet\;C:\Program Files\nodejs\;C:\ProgramData\chocolatey\bin;C:\openblas\bin;C:\Users\there\.cargo\bin;C:\Users\there\AppData\Local\Microsoft\WindowsApps;C:\Users\there\AppData\Local\gitkraken\bin;C:\Users\there\AppData\Roaming\npm;C:\Users\there\AppData\Local\JetBrains\Toolbox\scripts;
USERNAME=there
OS=Windows_NT
PROCESSOR_IDENTIFIER=Intel64 Family 6 Model 186 Stepping 2, GenuineIntel
TMP=C:\Users\there\AppData\Local\Temp
TEMP=C:\Users\there\AppData\Local\Temp



---------------  S Y S T E M  ---------------

OS: Windows 11 , 64 bit Build 22621 (10.0.22621.3672)
OS uptime: 4 days 10:05 hours
Hyper-V role detected

CPU:total 20 (initial active 20) (10 cores per cpu, 2 threads per core) family 6 model 186 stepping 2 microcode 0x410e, cmov, cx8, fxsr, mmx, sse, sse2, sse3, ssse3, sse4.1, sse4.2, popcnt, avx, avx2, aes, clmul, erms, 3dnowpref, lzcnt, ht, tsc, tscinvbit, bmi1, bmi2, adx, sha, fma

Memory: 4k page, system-wide physical 16010M (2396M free)
TotalPageFile size 45021M (AvailPageFile size 8033M)
current process WorkingSet (physical memory assigned to process): 551M, peak: 553M
current process commit charge ("private bytes"): 630M, peak: 632M

vm_info: OpenJDK 64-Bit Server VM (11.0.22+7-LTS) for windows-amd64 JRE (11.0.22+7-LTS), built on Jan 10 2024 19:54:00 by "Administrator" with MS VC++ 16.10 / 16.11 (VS2019)

END.
